code-creation,Stub,2,0x18d22f506000,391,"CEntryStub"
code-creation,Stub,2,0x18d22f5061a0,567,"CEntryStub"
code-creation,Stub,2,0x18d22f5063e0,168,"StoreBufferOverflowStub"
code-creation,Stub,2,0x18d22f5064a0,388,"StoreBufferOverflowStub"
code-creation,Stub,2,0x18d22f506640,116,"StubFailureTrampolineStub"
code-creation,Stub,2,0x18d22f5066c0,117,"StubFailureTrampolineStub"
code-creation,Stub,2,0x18d22f506740,470,"ArrayNoArgumentConstructorStub_FAST_SMI_ELEMENTS"
code-creation,Stub,2,0x18d22f506920,430,"ArrayNoArgumentConstructorStub_FAST_SMI_ELEMENTS_DISABLE_ALLOCATION_SITES"
code-creation,Stub,2,0x18d22f506ae0,490,"ArrayNoArgumentConstructorStub_FAST_HOLEY_SMI_ELEMENTS"
code-creation,Stub,2,0x18d22f506ce0,450,"ArrayNoArgumentConstructorStub_FAST_HOLEY_SMI_ELEMENTS_DISABLE_ALLOCATION_SITES"
code-creation,Stub,2,0x18d22f506ec0,430,"ArrayNoArgumentConstructorStub_FAST_DOUBLE_ELEMENTS"
code-creation,Stub,2,0x18d22f507080,430,"ArrayNoArgumentConstructorStub_FAST_HOLEY_DOUBLE_ELEMENTS"
code-creation,Stub,2,0x18d22f507240,450,"ArrayNoArgumentConstructorStub_FAST_ELEMENTS"
code-creation,Stub,2,0x18d22f507420,450,"ArrayNoArgumentConstructorStub_FAST_HOLEY_ELEMENTS"
code-creation,Stub,2,0x18d22f507600,586,"ArraySingleArgumentConstructorStub_FAST_SMI_ELEMENTS"
code-creation,Stub,2,0x18d22f507860,550,"ArraySingleArgumentConstructorStub_FAST_SMI_ELEMENTS_DISABLE_ALLOCATION_SITES"
code-creation,Stub,2,0x18d22f507aa0,606,"ArraySingleArgumentConstructorStub_FAST_HOLEY_SMI_ELEMENTS"
code-creation,Stub,2,0x18d22f507d00,566,"ArraySingleArgumentConstructorStub_FAST_HOLEY_SMI_ELEMENTS_DISABLE_ALLOCATION_SITES"
code-creation,Stub,2,0x18d22f507f40,574,"ArraySingleArgumentConstructorStub_FAST_DOUBLE_ELEMENTS"
code-creation,Stub,2,0x18d22f508180,574,"ArraySingleArgumentConstructorStub_FAST_HOLEY_DOUBLE_ELEMENTS"
code-creation,Stub,2,0x18d22f5083c0,566,"ArraySingleArgumentConstructorStub_FAST_ELEMENTS"
code-creation,Stub,2,0x18d22f508600,566,"ArraySingleArgumentConstructorStub_FAST_HOLEY_ELEMENTS"
code-creation,Stub,2,0x18d22f508840,562,"ArrayNArgumentsConstructorStub_FAST_SMI_ELEMENTS"
code-creation,Stub,2,0x18d22f508a80,522,"ArrayNArgumentsConstructorStub_FAST_SMI_ELEMENTS_DISABLE_ALLOCATION_SITES"
code-creation,Stub,2,0x18d22f508ca0,582,"ArrayNArgumentsConstructorStub_FAST_HOLEY_SMI_ELEMENTS"
code-creation,Stub,2,0x18d22f508f00,542,"ArrayNArgumentsConstructorStub_FAST_HOLEY_SMI_ELEMENTS_DISABLE_ALLOCATION_SITES"
code-creation,Stub,2,0x18d22f509120,566,"ArrayNArgumentsConstructorStub_FAST_DOUBLE_ELEMENTS"
code-creation,Stub,2,0x18d22f509360,566,"ArrayNArgumentsConstructorStub_FAST_HOLEY_DOUBLE_ELEMENTS"
code-creation,Stub,2,0x18d22f5095a0,490,"ArrayNArgumentsConstructorStub_FAST_ELEMENTS"
code-creation,Stub,2,0x18d22f5097a0,490,"ArrayNArgumentsConstructorStub_FAST_HOLEY_ELEMENTS"
code-creation,Stub,2,0x18d22f5099a0,2723,"RecordWriteStub"
code-creation,Stub,2,0x18d22f50a460,2680,"RecordWriteStub"
code-creation,Stub,2,0x18d22f50aee0,578,"CreateAllocationSiteStub"
code-creation,Stub,11,0x18d22f50b140,149,"BinaryOpICStub(BIT_OR:None*None->None)"
code-creation,Stub,11,0x18d22f50b1e0,149,"BinaryOpICStub(BIT_OR_ReuseLeft:None*None->None)"
code-creation,Stub,11,0x18d22f50b280,149,"BinaryOpICStub(BIT_OR_ReuseRight:None*None->None)"
code-creation,Stub,11,0x18d22f50b320,149,"BinaryOpICStub(BIT_XOR:None*None->None)"
code-creation,Stub,11,0x18d22f50b3c0,149,"BinaryOpICStub(BIT_XOR_ReuseLeft:None*None->None)"
code-creation,Stub,11,0x18d22f50b460,149,"BinaryOpICStub(BIT_XOR_ReuseRight:None*None->None)"
code-creation,Stub,11,0x18d22f50b500,149,"BinaryOpICStub(BIT_AND:None*None->None)"
code-creation,Stub,11,0x18d22f50b5a0,149,"BinaryOpICStub(BIT_AND_ReuseLeft:None*None->None)"
code-creation,Stub,11,0x18d22f50b640,149,"BinaryOpICStub(BIT_AND_ReuseRight:None*None->None)"
code-creation,Stub,11,0x18d22f50b6e0,149,"BinaryOpICStub(SHL:None*None->None)"
code-creation,Stub,11,0x18d22f50b780,149,"BinaryOpICStub(SHL_ReuseLeft:None*None->None)"
code-creation,Stub,11,0x18d22f50b820,149,"BinaryOpICStub(SHL_ReuseRight:None*None->None)"
code-creation,Stub,11,0x18d22f50b8c0,149,"BinaryOpICStub(SAR:None*None->None)"
code-creation,Stub,11,0x18d22f50b960,149,"BinaryOpICStub(SAR_ReuseLeft:None*None->None)"
code-creation,Stub,11,0x18d22f50ba00,149,"BinaryOpICStub(SAR_ReuseRight:None*None->None)"
code-creation,Stub,11,0x18d22f50baa0,149,"BinaryOpICStub(SHR:None*None->None)"
code-creation,Stub,11,0x18d22f50bb40,149,"BinaryOpICStub(SHR_ReuseLeft:None*None->None)"
code-creation,Stub,11,0x18d22f50bbe0,149,"BinaryOpICStub(SHR_ReuseRight:None*None->None)"
code-creation,Stub,11,0x18d22f50bc80,149,"BinaryOpICStub(ROR:None*None->None)"
code-creation,Stub,11,0x18d22f50bd20,149,"BinaryOpICStub(ROR_ReuseLeft:None*None->None)"
code-creation,Stub,11,0x18d22f50bdc0,149,"BinaryOpICStub(ROR_ReuseRight:None*None->None)"
code-creation,Stub,11,0x18d22f50be60,149,"BinaryOpICStub(ADD:None*None->None)"
code-creation,Stub,11,0x18d22f50bf00,149,"BinaryOpICStub(ADD_ReuseLeft:None*None->None)"
code-creation,Stub,11,0x18d22f50bfa0,149,"BinaryOpICStub(ADD_ReuseRight:None*None->None)"
code-creation,Stub,11,0x18d22f50c040,149,"BinaryOpICStub(SUB:None*None->None)"
code-creation,Stub,11,0x18d22f50c0e0,149,"BinaryOpICStub(SUB_ReuseLeft:None*None->None)"
code-creation,Stub,11,0x18d22f50c180,149,"BinaryOpICStub(SUB_ReuseRight:None*None->None)"
code-creation,Stub,11,0x18d22f50c220,149,"BinaryOpICStub(MUL:None*None->None)"
code-creation,Stub,11,0x18d22f50c2c0,149,"BinaryOpICStub(MUL_ReuseLeft:None*None->None)"
code-creation,Stub,11,0x18d22f50c360,149,"BinaryOpICStub(MUL_ReuseRight:None*None->None)"
code-creation,Stub,11,0x18d22f50c400,149,"BinaryOpICStub(DIV:None*None->None)"
code-creation,Stub,11,0x18d22f50c4a0,149,"BinaryOpICStub(DIV_ReuseLeft:None*None->None)"
code-creation,Stub,11,0x18d22f50c540,149,"BinaryOpICStub(DIV_ReuseRight:None*None->None)"
code-creation,Stub,11,0x18d22f50c5e0,149,"BinaryOpICStub(MOD:None*None->None)"
code-creation,Stub,11,0x18d22f50c680,149,"BinaryOpICStub(MOD_ReuseLeft:None*None->None)"
code-creation,Stub,11,0x18d22f50c720,149,"BinaryOpICStub(MOD_ReuseRight:None*None->None)"
code-creation,Stub,11,0x18d22f50c7c0,348,"BinaryOpICStub(ADD:Int32*Int32->Int32)"
code-creation,Stub,11,0x18d22f50c920,396,"BinaryOpICStub(ADD_ReuseLeft:Int32*Int32->Int32)"
code-creation,Stub,11,0x18d22f50cac0,514,"BinaryOpICStub(ADD:Int32*Int32->Number)"
code-creation,Stub,11,0x18d22f50cce0,554,"BinaryOpICStub(ADD_ReuseLeft:Int32*Int32->Number)"
code-creation,Stub,11,0x18d22f50cf20,498,"BinaryOpICStub(ADD:Int32*Number->Number)"
code-creation,Stub,11,0x18d22f50d120,534,"BinaryOpICStub(ADD_ReuseLeft:Int32*Number->Number)"
code-creation,Stub,11,0x18d22f50d340,534,"BinaryOpICStub(ADD_ReuseRight:Int32*Number->Number)"
code-creation,Stub,11,0x18d22f50d560,288,"BinaryOpICStub(ADD:Int32*Smi->Int32)"
code-creation,Stub,11,0x18d22f50d680,332,"BinaryOpICStub(ADD_ReuseLeft:Int32*Smi->Int32)"
code-creation,Stub,11,0x18d22f50d7e0,288,"BinaryOpICStub(ADD_ReuseRight:Int32*Smi->Int32)"
code-creation,Stub,11,0x18d22f50d900,498,"BinaryOpICStub(ADD:Number*Int32->Number)"
code-creation,Stub,11,0x18d22f50db00,538,"BinaryOpICStub(ADD_ReuseLeft:Number*Int32->Number)"
code-creation,Stub,11,0x18d22f50dd20,534,"BinaryOpICStub(ADD_ReuseRight:Number*Int32->Number)"
code-creation,Stub,11,0x18d22f50df40,454,"BinaryOpICStub(ADD:Number*Number->Number)"
code-creation,Stub,11,0x18d22f50e120,490,"BinaryOpICStub(ADD_ReuseLeft:Number*Number->Number)"
code-creation,Stub,11,0x18d22f50e320,490,"BinaryOpICStub(ADD_ReuseRight:Number*Number->Number)"
code-creation,Stub,11,0x18d22f50e520,426,"BinaryOpICStub(ADD:Number*Smi->Number)"
code-creation,Stub,11,0x18d22f50e6e0,462,"BinaryOpICStub(ADD_ReuseLeft:Number*Smi->Number)"
code-creation,Stub,11,0x18d22f50e8c0,426,"BinaryOpICStub(ADD_ReuseRight:Number*Smi->Number)"
code-creation,Stub,11,0x18d22f50ea80,272,"BinaryOpICStub(ADD:Smi*Int32->Int32)"
code-creation,Stub,11,0x18d22f50eba0,272,"BinaryOpICStub(ADD_ReuseLeft:Smi*Int32->Int32)"
code-creation,Stub,11,0x18d22f50ecc0,470,"BinaryOpICStub(ADD:Smi*Int32->Number)"
code-creation,Stub,11,0x18d22f50eea0,426,"BinaryOpICStub(ADD:Smi*Number->Number)"
code-creation,Stub,11,0x18d22f50f060,426,"BinaryOpICStub(ADD_ReuseLeft:Smi*Number->Number)"
code-creation,Stub,11,0x18d22f50f220,462,"BinaryOpICStub(ADD_ReuseRight:Smi*Number->Number)"
code-creation,Stub,11,0x18d22f50f400,216,"BinaryOpICStub(ADD_ReuseLeft:Smi*Smi->Int32)"
code-creation,Stub,11,0x18d22f50f4e0,204,"BinaryOpICStub(ADD_ReuseRight:Smi*Smi->Smi)"
code-creation,Stub,2,0x18d22f50f5c0,182,"DoubleToIStub"
code-creation,Stub,2,0x18d22f50f680,184,"DoubleToIStub"
code-creation,Stub,11,0x18d22f50f740,412,"BinaryOpICStub(BIT_AND:Int32*Int32->Int32)"
code-creation,Stub,11,0x18d22f50f8e0,456,"BinaryOpICStub(BIT_AND_ReuseLeft:Int32*Int32->Int32)"
code-creation,Stub,11,0x18d22f50fac0,452,"BinaryOpICStub(BIT_AND_ReuseRight:Int32*Int32->Int32)"
code-creation,Stub,11,0x18d22f50fca0,412,"BinaryOpICStub(BIT_AND:Int32*Int32->Smi)"
code-creation,Stub,11,0x18d22f50fe40,412,"BinaryOpICStub(BIT_AND_ReuseRight:Int32*Int32->Smi)"
code-creation,Stub,11,0x18d22f50ffe0,316,"BinaryOpICStub(BIT_AND:Int32*Smi->Int32)"
code-creation,Stub,11,0x18d22f510120,316,"BinaryOpICStub(BIT_AND_ReuseRight:Int32*Smi->Int32)"
code-creation,Stub,11,0x18d22f510260,316,"BinaryOpICStub(BIT_AND:Int32*Smi->Smi)"
code-creation,Stub,11,0x18d22f5103a0,316,"BinaryOpICStub(BIT_AND_ReuseLeft:Int32*Smi->Smi)"
code-creation,Stub,11,0x18d22f5104e0,316,"BinaryOpICStub(BIT_AND_ReuseRight:Int32*Smi->Smi)"
code-creation,Stub,11,0x18d22f510620,452,"BinaryOpICStub(BIT_AND_ReuseRight:Number*Int32->Int32)"
code-creation,Stub,11,0x18d22f510800,316,"BinaryOpICStub(BIT_AND:Number*Smi->Smi)"
code-creation,Stub,11,0x18d22f510940,316,"BinaryOpICStub(BIT_AND_ReuseRight:Number*Smi->Smi)"
code-creation,Stub,11,0x18d22f510a80,316,"BinaryOpICStub(BIT_AND:Smi*Int32->Int32)"
code-creation,Stub,11,0x18d22f510bc0,316,"BinaryOpICStub(BIT_AND_ReuseRight:Smi*Int32->Smi)"
code-creation,Stub,11,0x18d22f510d00,316,"BinaryOpICStub(BIT_AND_ReuseRight:Smi*Number->Smi)"
code-creation,Stub,11,0x18d22f510e40,188,"BinaryOpICStub(BIT_AND:Smi*Smi->Smi)"
code-creation,Stub,11,0x18d22f510f00,188,"BinaryOpICStub(BIT_AND_ReuseLeft:Smi*Smi->Smi)"
code-creation,Stub,11,0x18d22f510fc0,188,"BinaryOpICStub(BIT_AND_ReuseRight:Smi*Smi->Smi)"
code-creation,Stub,11,0x18d22f511080,456,"BinaryOpICStub(BIT_OR_ReuseLeft:Int32*Int32->Int32)"
code-creation,Stub,11,0x18d22f511260,452,"BinaryOpICStub(BIT_OR_ReuseRight:Int32*Int32->Int32)"
code-creation,Stub,11,0x18d22f511440,412,"BinaryOpICStub(BIT_OR_ReuseLeft:Int32*Int32->Smi)"
code-creation,Stub,11,0x18d22f5115e0,316,"BinaryOpICStub(BIT_OR:Int32*Smi->Int32)"
code-creation,Stub,11,0x18d22f511720,360,"BinaryOpICStub(BIT_OR_ReuseLeft:Int32*Smi->Int32)"
code-creation,Stub,11,0x18d22f5118a0,316,"BinaryOpICStub(BIT_OR_ReuseRight:Int32*Smi->Int32)"
code-creation,Stub,11,0x18d22f5119e0,316,"BinaryOpICStub(BIT_OR:Int32*Smi->Smi)"
code-creation,Stub,11,0x18d22f511b20,316,"BinaryOpICStub(BIT_OR_ReuseRight:Int32*Smi->Smi)"
code-creation,Stub,11,0x18d22f511c60,316,"BinaryOpICStub(BIT_OR:Number*Smi->Int32)"
code-creation,Stub,11,0x18d22f511da0,360,"BinaryOpICStub(BIT_OR_ReuseLeft:Number*Smi->Int32)"
code-creation,Stub,11,0x18d22f511f20,316,"BinaryOpICStub(BIT_OR_ReuseRight:Number*Smi->Int32)"
code-creation,Stub,11,0x18d22f512060,316,"BinaryOpICStub(BIT_OR:Number*Smi->Smi)"
code-creation,Stub,11,0x18d22f5121a0,316,"BinaryOpICStub(BIT_OR_ReuseLeft:Number*Smi->Smi)"
code-creation,Stub,11,0x18d22f5122e0,316,"BinaryOpICStub(BIT_OR_ReuseLeft:Smi*Int32->Int32)"
code-creation,Stub,11,0x18d22f512420,356,"BinaryOpICStub(BIT_OR_ReuseRight:Smi*Int32->Int32)"
code-creation,Stub,11,0x18d22f5125a0,316,"BinaryOpICStub(BIT_OR_ReuseRight:Smi*Int32->Smi)"
code-creation,Stub,11,0x18d22f5126e0,188,"BinaryOpICStub(BIT_OR_ReuseLeft:Smi*Smi->Smi)"
code-creation,Stub,11,0x18d22f5127a0,188,"BinaryOpICStub(BIT_OR_ReuseRight:Smi*Smi->Smi)"
code-creation,Stub,11,0x18d22f512860,412,"BinaryOpICStub(BIT_XOR:Int32*Int32->Int32)"
code-creation,Stub,11,0x18d22f512a00,456,"BinaryOpICStub(BIT_XOR_ReuseLeft:Int32*Int32->Int32)"
code-creation,Stub,11,0x18d22f512be0,452,"BinaryOpICStub(BIT_XOR_ReuseRight:Int32*Int32->Int32)"
code-creation,Stub,11,0x18d22f512dc0,412,"BinaryOpICStub(BIT_XOR:Int32*Int32->Smi)"
code-creation,Stub,11,0x18d22f512f60,412,"BinaryOpICStub(BIT_XOR_ReuseLeft:Int32*Int32->Smi)"
code-creation,Stub,11,0x18d22f513100,412,"BinaryOpICStub(BIT_XOR:Int32*Number->Smi)"
code-creation,Stub,11,0x18d22f5132a0,316,"BinaryOpICStub(BIT_XOR:Int32*Smi->Int32)"
code-creation,Stub,11,0x18d22f5133e0,360,"BinaryOpICStub(BIT_XOR_ReuseLeft:Int32*Smi->Int32)"
code-creation,Stub,11,0x18d22f513560,316,"BinaryOpICStub(BIT_XOR_ReuseRight:Int32*Smi->Int32)"
code-creation,Stub,11,0x18d22f5136a0,412,"BinaryOpICStub(BIT_XOR:Number*Int32->Int32)"
code-creation,Stub,11,0x18d22f513840,316,"BinaryOpICStub(BIT_XOR:Number*Smi->Int32)"
code-creation,Stub,11,0x18d22f513980,316,"BinaryOpICStub(BIT_XOR:Number*Smi->Smi)"
code-creation,Stub,11,0x18d22f513ac0,316,"BinaryOpICStub(BIT_XOR:Smi*Int32->Int32)"
code-creation,Stub,11,0x18d22f513c00,316,"BinaryOpICStub(BIT_XOR_ReuseLeft:Smi*Int32->Int32)"
code-creation,Stub,11,0x18d22f513d40,316,"BinaryOpICStub(BIT_XOR_ReuseLeft:Smi*Int32->Smi)"
code-creation,Stub,11,0x18d22f513e80,188,"BinaryOpICStub(BIT_XOR:Smi*Smi->Smi)"
code-creation,Stub,11,0x18d22f513f40,188,"BinaryOpICStub(BIT_XOR_ReuseLeft:Smi*Smi->Smi)"
code-creation,Stub,11,0x18d22f514000,188,"BinaryOpICStub(BIT_XOR_ReuseRight:Smi*Smi->Smi)"
code-creation,Stub,11,0x18d22f5140c0,412,"BinaryOpICStub(DIV:Int32*Int32->Int32)"
code-creation,Stub,11,0x18d22f514260,518,"BinaryOpICStub(DIV:Int32*Int32->Number)"
code-creation,Stub,11,0x18d22f514480,502,"BinaryOpICStub(DIV:Int32*Number->Number)"
code-creation,Stub,11,0x18d22f514680,538,"BinaryOpICStub(DIV_ReuseLeft:Int32*Number->Number)"
code-creation,Stub,11,0x18d22f5148a0,340,"BinaryOpICStub(DIV:Int32*Smi->Int32)"
code-creation,Stub,11,0x18d22f514a00,474,"BinaryOpICStub(DIV:Int32*Smi->Number)"
code-creation,Stub,11,0x18d22f514be0,502,"BinaryOpICStub(DIV:Number*Int32->Number)"
code-creation,Stub,11,0x18d22f514de0,538,"BinaryOpICStub(DIV_ReuseLeft:Number*Int32->Number)"
code-creation,Stub,11,0x18d22f515000,458,"BinaryOpICStub(DIV:Number*Number->Number)"
code-creation,Stub,11,0x18d22f5151e0,494,"BinaryOpICStub(DIV_ReuseLeft:Number*Number->Number)"
code-creation,Stub,11,0x18d22f5153e0,494,"BinaryOpICStub(DIV_ReuseRight:Number*Number->Number)"
code-creation,Stub,11,0x18d22f5155e0,430,"BinaryOpICStub(DIV:Number*Smi->Number)"
code-creation,Stub,11,0x18d22f5157a0,466,"BinaryOpICStub(DIV_ReuseLeft:Number*Smi->Number)"
code-creation,Stub,11,0x18d22f515980,336,"BinaryOpICStub(DIV:Smi*Int32->Int32)"
code-creation,Stub,11,0x18d22f515ae0,474,"BinaryOpICStub(DIV:Smi*Int32->Number)"
code-creation,Stub,11,0x18d22f515cc0,474,"BinaryOpICStub(DIV_ReuseLeft:Smi*Int32->Number)"
code-creation,Stub,11,0x18d22f515ea0,426,"BinaryOpICStub(DIV:Smi*Number->Number)"
code-creation,Stub,11,0x18d22f516060,426,"BinaryOpICStub(DIV_ReuseLeft:Smi*Number->Number)"
code-creation,Stub,11,0x18d22f516220,462,"BinaryOpICStub(DIV_ReuseRight:Smi*Number->Number)"
code-creation,Stub,11,0x18d22f516400,398,"BinaryOpICStub(DIV:Smi*Smi->Number)"
code-creation,Stub,11,0x18d22f5165a0,398,"BinaryOpICStub(DIV_ReuseLeft:Smi*Smi->Number)"
code-creation,Stub,11,0x18d22f516740,398,"BinaryOpICStub(DIV_ReuseRight:Smi*Smi->Number)"
code-creation,Stub,11,0x18d22f5168e0,264,"BinaryOpICStub(DIV:Smi*Smi->Smi)"
code-creation,Stub,11,0x18d22f516a00,264,"BinaryOpICStub(DIV_ReuseLeft:Smi*Smi->Smi)"
code-creation,Stub,11,0x18d22f516b20,264,"BinaryOpICStub(DIV_ReuseRight:Smi*Smi->Smi)"
code-creation,Stub,11,0x18d22f516c40,507,"BinaryOpICStub(MOD_ReuseLeft:Number*Smi->Number)"
code-creation,Stub,11,0x18d22f516e40,256,"BinaryOpICStub(MOD:Smi*Smi->Smi)"
code-creation,Stub,11,0x18d22f516f40,256,"BinaryOpICStub(MOD_ReuseLeft:Smi*Smi->Smi)"
code-creation,Stub,11,0x18d22f517040,380,"BinaryOpICStub(MUL:Int32*Int32->Int32)"
code-creation,Stub,11,0x18d22f5171c0,514,"BinaryOpICStub(MUL:Int32*Int32->Number)"
code-creation,Stub,11,0x18d22f5173e0,498,"BinaryOpICStub(MUL:Int32*Number->Number)"
code-creation,Stub,11,0x18d22f5175e0,534,"BinaryOpICStub(MUL_ReuseLeft:Int32*Number->Number)"
code-creation,Stub,11,0x18d22f517800,308,"BinaryOpICStub(MUL:Int32*Smi->Int32)"
code-creation,Stub,11,0x18d22f517940,352,"BinaryOpICStub(MUL_ReuseLeft:Int32*Smi->Int32)"
code-creation,Stub,11,0x18d22f517aa0,470,"BinaryOpICStub(MUL:Int32*Smi->Number)"
code-creation,Stub,11,0x18d22f517c80,498,"BinaryOpICStub(MUL:Number*Int32->Number)"
code-creation,Stub,11,0x18d22f517e80,538,"BinaryOpICStub(MUL_ReuseLeft:Number*Int32->Number)"
code-creation,Stub,11,0x18d22f5180a0,534,"BinaryOpICStub(MUL_ReuseRight:Number*Int32->Number)"
code-creation,Stub,11,0x18d22f5182c0,454,"BinaryOpICStub(MUL:Number*Number->Number)"
code-creation,Stub,11,0x18d22f5184a0,490,"BinaryOpICStub(MUL_ReuseLeft:Number*Number->Number)"
code-creation,Stub,11,0x18d22f5186a0,426,"BinaryOpICStub(MUL:Number*Smi->Number)"
code-creation,Stub,11,0x18d22f518860,462,"BinaryOpICStub(MUL_ReuseLeft:Number*Smi->Number)"
code-creation,Stub,11,0x18d22f518a40,426,"BinaryOpICStub(MUL_ReuseRight:Number*Smi->Number)"
code-creation,Stub,11,0x18d22f518c00,304,"BinaryOpICStub(MUL:Smi*Int32->Int32)"
code-creation,Stub,11,0x18d22f518d40,304,"BinaryOpICStub(MUL_ReuseLeft:Smi*Int32->Int32)"
code-creation,Stub,11,0x18d22f518e80,470,"BinaryOpICStub(MUL:Smi*Int32->Number)"
code-creation,Stub,11,0x18d22f519060,426,"BinaryOpICStub(MUL:Smi*Number->Number)"
code-creation,Stub,11,0x18d22f519220,426,"BinaryOpICStub(MUL_ReuseLeft:Smi*Number->Number)"
code-creation,Stub,11,0x18d22f5193e0,462,"BinaryOpICStub(MUL_ReuseRight:Smi*Number->Number)"
code-creation,Stub,11,0x18d22f5195c0,232,"BinaryOpICStub(MUL:Smi*Smi->Int32)"
code-creation,Stub,11,0x18d22f5196c0,398,"BinaryOpICStub(MUL:Smi*Smi->Number)"
code-creation,Stub,11,0x18d22f519860,398,"BinaryOpICStub(MUL_ReuseLeft:Smi*Smi->Number)"
code-creation,Stub,11,0x18d22f519a00,228,"BinaryOpICStub(MUL:Smi*Smi->Smi)"
code-creation,Stub,11,0x18d22f519b00,228,"BinaryOpICStub(MUL_ReuseLeft:Smi*Smi->Smi)"
code-creation,Stub,11,0x18d22f519c00,228,"BinaryOpICStub(MUL_ReuseRight:Smi*Smi->Smi)"
code-creation,Stub,11,0x18d22f519d00,316,"BinaryOpICStub(SAR_ReuseRight:Int32*Smi->Int32)"
code-creation,Stub,11,0x18d22f519e40,316,"BinaryOpICStub(SAR:Int32*Smi->Smi)"
code-creation,Stub,11,0x18d22f519f80,316,"BinaryOpICStub(SAR_ReuseRight:Int32*Smi->Smi)"
code-creation,Stub,11,0x18d22f51a0c0,324,"BinaryOpICStub(SAR:Number*Smi->Smi)"
code-creation,Stub,11,0x18d22f51a220,324,"BinaryOpICStub(SAR_ReuseRight:Number*Smi->Smi)"
code-creation,Stub,11,0x18d22f51a380,196,"BinaryOpICStub(SAR_ReuseLeft:Smi*Smi->Smi)"
code-creation,Stub,11,0x18d22f51a460,196,"BinaryOpICStub(SAR_ReuseRight:Smi*Smi->Smi)"
code-creation,Stub,11,0x18d22f51a540,316,"BinaryOpICStub(SHL:Int32*Smi->Int32)"
code-creation,Stub,11,0x18d22f51a680,316,"BinaryOpICStub(SHL_ReuseRight:Int32*Smi->Int32)"
code-creation,Stub,11,0x18d22f51a7c0,316,"BinaryOpICStub(SHL:Int32*Smi->Smi)"
code-creation,Stub,11,0x18d22f51a900,316,"BinaryOpICStub(SHL_ReuseRight:Int32*Smi->Smi)"
code-creation,Stub,11,0x18d22f51aa40,324,"BinaryOpICStub(SHL_ReuseRight:Number*Smi->Smi)"
code-creation,Stub,11,0x18d22f51aba0,196,"BinaryOpICStub(SHL:Smi*Smi->Int32)"
code-creation,Stub,11,0x18d22f51ac80,196,"BinaryOpICStub(SHL_ReuseLeft:Smi*Smi->Int32)"
code-creation,Stub,11,0x18d22f51ad60,196,"BinaryOpICStub(SHL_ReuseRight:Smi*Smi->Int32)"
code-creation,Stub,11,0x18d22f51ae40,196,"BinaryOpICStub(SHL:Smi*Smi->Smi)"
code-creation,Stub,11,0x18d22f51af20,196,"BinaryOpICStub(SHL_ReuseLeft:Smi*Smi->Smi)"
code-creation,Stub,11,0x18d22f51b000,196,"BinaryOpICStub(SHL_ReuseRight:Smi*Smi->Smi)"
code-creation,Stub,11,0x18d22f51b0e0,340,"BinaryOpICStub(SHR:Int32*Smi->Smi)"
code-creation,Stub,11,0x18d22f51b240,340,"BinaryOpICStub(SHR_ReuseLeft:Int32*Smi->Smi)"
code-creation,Stub,11,0x18d22f51b3a0,340,"BinaryOpICStub(SHR_ReuseRight:Int32*Smi->Smi)"
code-creation,Stub,11,0x18d22f51b500,344,"BinaryOpICStub(SHR:Number*Smi->Smi)"
code-creation,Stub,11,0x18d22f51b660,344,"BinaryOpICStub(SHR_ReuseLeft:Number*Smi->Smi)"
code-creation,Stub,11,0x18d22f51b7c0,518,"BinaryOpICStub(SHR_ReuseRight:Number*Smi->Int32)"
code-creation,Stub,11,0x18d22f51b9e0,220,"BinaryOpICStub(SHR:Smi*Smi->Smi)"
code-creation,Stub,11,0x18d22f51bac0,220,"BinaryOpICStub(SHR_ReuseLeft:Smi*Smi->Smi)"
code-creation,Stub,11,0x18d22f51bba0,220,"BinaryOpICStub(SHR_ReuseRight:Smi*Smi->Smi)"
code-creation,Stub,11,0x18d22f51bc80,348,"BinaryOpICStub(SUB:Int32*Int32->Int32)"
code-creation,Stub,11,0x18d22f51bde0,396,"BinaryOpICStub(SUB_ReuseLeft:Int32*Int32->Int32)"
code-creation,Stub,11,0x18d22f51bf80,498,"BinaryOpICStub(SUB:Int32*Number->Number)"
code-creation,Stub,11,0x18d22f51c180,534,"BinaryOpICStub(SUB_ReuseRight:Int32*Number->Number)"
code-creation,Stub,11,0x18d22f51c3a0,332,"BinaryOpICStub(SUB_ReuseLeft:Int32*Smi->Int32)"
code-creation,Stub,11,0x18d22f51c500,288,"BinaryOpICStub(SUB_ReuseRight:Int32*Smi->Int32)"
code-creation,Stub,11,0x18d22f51c620,498,"BinaryOpICStub(SUB:Number*Int32->Number)"
code-creation,Stub,11,0x18d22f51c820,538,"BinaryOpICStub(SUB_ReuseLeft:Number*Int32->Number)"
code-creation,Stub,11,0x18d22f51ca40,454,"BinaryOpICStub(SUB:Number*Number->Number)"
code-creation,Stub,11,0x18d22f51cc20,490,"BinaryOpICStub(SUB_ReuseLeft:Number*Number->Number)"
code-creation,Stub,11,0x18d22f51ce20,490,"BinaryOpICStub(SUB_ReuseRight:Number*Number->Number)"
code-creation,Stub,11,0x18d22f51d020,426,"BinaryOpICStub(SUB:Number*Smi->Number)"
code-creation,Stub,11,0x18d22f51d1e0,462,"BinaryOpICStub(SUB_ReuseLeft:Number*Smi->Number)"
code-creation,Stub,11,0x18d22f51d3c0,426,"BinaryOpICStub(SUB_ReuseRight:Number*Smi->Number)"
code-creation,Stub,11,0x18d22f51d580,272,"BinaryOpICStub(SUB:Smi*Int32->Int32)"
code-creation,Stub,11,0x18d22f51d6a0,426,"BinaryOpICStub(SUB:Smi*Number->Number)"
code-creation,Stub,11,0x18d22f51d860,426,"BinaryOpICStub(SUB_ReuseLeft:Smi*Number->Number)"
code-creation,Stub,11,0x18d22f51da20,462,"BinaryOpICStub(SUB_ReuseRight:Smi*Number->Number)"
code-creation,Stub,11,0x18d22f51dc00,204,"BinaryOpICStub(SUB:Smi*Smi->Smi)"
code-creation,Stub,11,0x18d22f51dce0,204,"BinaryOpICStub(SUB_ReuseLeft:Smi*Smi->Smi)"
code-creation,Stub,11,0x18d22f51ddc0,204,"BinaryOpICStub(SUB_ReuseRight:Smi*Smi->Smi)"
code-creation,Stub,11,0x18d22f51dea0,256,"BinaryOpICStub(MOD:Smi*2->Smi)"
code-creation,Stub,11,0x18d22f51dfa0,256,"BinaryOpICStub(MOD:Smi*4->Smi)"
code-creation,Stub,11,0x18d22f51e0a0,256,"BinaryOpICStub(MOD_ReuseLeft:Smi*4->Smi)"
code-creation,Stub,11,0x18d22f51e1a0,256,"BinaryOpICStub(MOD:Smi*8->Smi)"
code-creation,Stub,11,0x18d22f51e2a0,256,"BinaryOpICStub(MOD_ReuseLeft:Smi*16->Smi)"
code-creation,Stub,11,0x18d22f51e3a0,256,"BinaryOpICStub(MOD:Smi*32->Smi)"
code-creation,Stub,11,0x18d22f51e4a0,264,"BinaryOpICStub(MOD:Smi*2048->Smi)"
code-creation,Stub,2,0x18d22f51e5c0,377,"JSEntryStub"
code-creation,Stub,2,0x18d22f51e740,377,"JSConstructEntryStub"
code-creation,Builtin,4,0x18d22f51e8c0,115,"Illegal"
code-creation,Builtin,4,0x18d22f51e940,115,"EmptyFunction"
code-creation,Builtin,4,0x18d22f51e9c0,115,"ArrayPush"
code-creation,Builtin,4,0x18d22f51ea40,115,"ArrayPop"
code-creation,Builtin,4,0x18d22f51eac0,115,"ArrayShift"
code-creation,Builtin,4,0x18d22f51eb40,115,"ArrayUnshift"
code-creation,Builtin,4,0x18d22f51ebc0,115,"ArraySlice"
code-creation,Builtin,4,0x18d22f51ec40,115,"ArraySplice"
code-creation,Builtin,4,0x18d22f51ecc0,115,"ArrayConcat"
code-creation,Builtin,4,0x18d22f51ed40,120,"HandleApiCall"
code-creation,Builtin,4,0x18d22f51edc0,120,"HandleApiCallConstruct"
code-creation,Builtin,4,0x18d22f51ee40,115,"HandleApiCallAsFunction"
code-creation,Builtin,4,0x18d22f51eec0,115,"HandleApiCallAsConstructor"
code-creation,Builtin,4,0x18d22f51ef40,115,"StrictModePoisonPill"
code-creation,Builtin,4,0x18d22f51efc0,115,"GeneratorPoisonPill"
code-creation,Builtin,4,0x18d22f51f040,347,"ArgumentsAdaptorTrampoline"
code-creation,Builtin,4,0x18d22f51f1a0,183,"InOptimizationQueue"
code-creation,Builtin,4,0x18d22f51f260,665,"JSConstructStubGeneric"
code-creation,Builtin,4,0x18d22f51f500,550,"JSConstructStubApi"
code-creation,Builtin,4,0x18d22f51f740,199,"JSEntryTrampoline"
code-creation,Stub,2,0x18d22f51f820,194,"CallConstructStub"
code-creation,Builtin,4,0x18d22f51f900,178,"JSConstructEntryTrampoline"
code-creation,Builtin,4,0x18d22f51f9c0,155,"CompileUnoptimized"
code-creation,Builtin,4,0x18d22f51fa60,167,"CompileOptimized"
code-creation,Builtin,4,0x18d22f51fb20,167,"CompileOptimizedConcurrent"
code-creation,Builtin,4,0x18d22f51fbe0,209,"NotifyDeoptimized"
code-creation,Builtin,4,0x18d22f51fcc0,213,"NotifySoftDeoptimized"
code-creation,Builtin,4,0x18d22f51fda0,209,"NotifyLazyDeoptimized"
code-creation,Builtin,4,0x18d22f51fe80,189,"NotifyStubFailure"
code-creation,Builtin,4,0x18d22f51ff40,189,"NotifyStubFailureSaveDoubles"
code-creation,Builtin,4,0x18d22f520000,120,"LoadIC_Miss"
code-creation,Builtin,4,0x18d22f520080,120,"KeyedLoadIC_Miss"
code-creation,Builtin,4,0x18d22f520100,121,"StoreIC_Miss"
code-creation,Builtin,4,0x18d22f520180,121,"KeyedStoreIC_Miss"
code-creation,Builtin,6,0x18d22f520200,131,"LoadIC_Getter_ForDeopt"
code-creation,Builtin,7,0x18d22f5202a0,120,"KeyedLoadIC_Initialize"
code-creation,Builtin,7,0x18d22f520320,120,"KeyedLoadIC_PreMonomorphic"
code-creation,Stub,2,0x18d22f5203a0,968,"NameDictionaryLookupStub"
code-creation,Builtin,7,0x18d22f520780,1018,"KeyedLoadIC_Generic"
code-creation,Builtin,7,0x18d22f520b80,692,"KeyedLoadIC_String"
code-creation,Builtin,7,0x18d22f520e40,188,"KeyedLoadIC_IndexedInterceptor"
code-creation,Builtin,7,0x18d22f520f00,307,"KeyedLoadIC_SloppyArguments"
code-creation,Builtin,9,0x18d22f521040,133,"StoreIC_Setter_ForDeopt"
code-creation,Builtin,10,0x18d22f5210e0,121,"KeyedStoreIC_Initialize"
code-creation,Builtin,10,0x18d22f521160,121,"KeyedStoreIC_PreMonomorphic"
code-creation,Stub,2,0x18d22f5211e0,1822,"RecordWriteStub"
code-creation,Stub,2,0x18d22f521900,1804,"RecordWriteStub"
code-creation,Stub,2,0x18d22f522020,1786,"RecordWriteStub"
code-creation,Stub,2,0x18d22f522720,796,"RecordWriteStub"
code-creation,Stub,2,0x18d22f522a40,1805,"RecordWriteStub"
code-creation,Builtin,10,0x18d22f523160,2883,"KeyedStoreIC_Generic"
code-creation,Builtin,10,0x18d22f523cc0,121,"KeyedStoreIC_Initialize_Strict"
code-creation,Builtin,10,0x18d22f523d40,121,"KeyedStoreIC_PreMonomorphic_Strict"
code-creation,Builtin,10,0x18d22f523dc0,2883,"KeyedStoreIC_Generic_Strict"
code-creation,Stub,2,0x18d22f524920,1786,"RecordWriteStub"
code-creation,Builtin,10,0x18d22f525020,401,"KeyedStoreIC_SloppyArguments"
code-creation,Builtin,4,0x18d22f5251c0,460,"FunctionCall"
code-creation,Builtin,4,0x18d22f5253a0,466,"FunctionApply"
code-creation,Stub,2,0x18d22f525580,430,"InternalArrayNoArgumentConstructorStub"
code-creation,Stub,2,0x18d22f525740,550,"InternalArraySingleArgumentConstructorStub"
code-creation,Stub,2,0x18d22f525980,474,"InternalArrayNArgumentsConstructorStub"
code-creation,Stub,2,0x18d22f525b60,430,"InternalArrayNoArgumentConstructorStub"
code-creation,Stub,2,0x18d22f525d20,550,"InternalArraySingleArgumentConstructorStub"
code-creation,Stub,2,0x18d22f525f60,474,"InternalArrayNArgumentsConstructorStub"
code-creation,Stub,2,0x18d22f526140,206,"InternalArrayConstructorStub"
code-creation,Builtin,4,0x18d22f526220,116,"InternalArrayCode"
code-creation,Stub,2,0x18d22f5262a0,571,"ArrayConstructorStub_Any"
code-creation,Builtin,4,0x18d22f5264e0,120,"ArrayCode"
code-creation,Builtin,4,0x18d22f526560,494,"StringConstructCode"
code-creation,Builtin,4,0x18d22f526760,175,"OnStackReplacement"
code-creation,Builtin,4,0x18d22f526820,113,"InterruptCheck"
code-creation,Builtin,4,0x18d22f5268a0,162,"OsrAfterStackCheck"
code-creation,Builtin,4,0x18d22f526960,113,"StackCheck"
code-creation,Builtin,4,0x18d22f5269e0,202,"MarkCodeAsExecutedOnce"
code-creation,Builtin,4,0x18d22f526ac0,193,"MarkCodeAsExecutedTwice"
code-creation,Builtin,4,0x18d22f526ba0,193,"MakeQuadragenarianCodeYoungAgainOddMarking"
code-creation,Builtin,4,0x18d22f526c80,193,"MakeQuadragenarianCodeYoungAgainEvenMarking"
code-creation,Builtin,4,0x18d22f526d60,193,"MakeQuinquagenarianCodeYoungAgainOddMarking"
code-creation,Builtin,4,0x18d22f526e40,193,"MakeQuinquagenarianCodeYoungAgainEvenMarking"
code-creation,Builtin,4,0x18d22f526f20,193,"MakeSexagenarianCodeYoungAgainOddMarking"
code-creation,Builtin,4,0x18d22f527000,193,"MakeSexagenarianCodeYoungAgainEvenMarking"
code-creation,Builtin,4,0x18d22f5270e0,193,"MakeSeptuagenarianCodeYoungAgainOddMarking"
code-creation,Builtin,4,0x18d22f5271c0,193,"MakeSeptuagenarianCodeYoungAgainEvenMarking"
code-creation,Builtin,4,0x18d22f5272a0,193,"MakeOctogenarianCodeYoungAgainOddMarking"
code-creation,Builtin,4,0x18d22f527380,193,"MakeOctogenarianCodeYoungAgainEvenMarking"
code-creation,Builtin,3,0x18d22f527460,120,"LoadIC_Slow"
code-creation,Builtin,3,0x18d22f5274e0,120,"KeyedLoadIC_Slow"
code-creation,Builtin,3,0x18d22f527560,121,"StoreIC_Slow"
code-creation,Builtin,3,0x18d22f5275e0,121,"KeyedStoreIC_Slow"
code-creation,Stub,2,0x18d22f527660,972,"NameDictionaryLookupStub"
code-creation,Builtin,3,0x18d22f527a40,278,"LoadIC_Normal"
code-creation,Stub,2,0x18d22f527b60,991,"NameDictionaryLookupStub"
code-creation,Builtin,3,0x18d22f527f40,348,"StoreIC_Normal"
code-creation,Builtin,4,0x18d22f5280a0,180,"Return_DebugBreak"
code-creation,Builtin,4,0x18d22f528160,176,"CallFunctionStub_DebugBreak"
code-creation,Builtin,4,0x18d22f528220,212,"CallConstructStub_DebugBreak"
code-creation,Builtin,4,0x18d22f528300,216,"CallConstructStub_Recording_DebugBreak"
code-creation,Builtin,8,0x18d22f5283e0,178,"CallICStub_DebugBreak"
code-creation,Builtin,6,0x18d22f5284a0,178,"LoadIC_DebugBreak"
code-creation,Builtin,7,0x18d22f528560,178,"KeyedLoadIC_DebugBreak"
code-creation,Builtin,9,0x18d22f528620,180,"StoreIC_DebugBreak"
code-creation,Builtin,10,0x18d22f5286e0,180,"KeyedStoreIC_DebugBreak"
code-creation,Builtin,13,0x18d22f5287a0,176,"CompareNilIC_DebugBreak"
code-creation,Builtin,4,0x18d22f528860,178,"Slot_DebugBreak"
code-creation,Builtin,4,0x18d22f528920,97,"PlainReturn_LiveEdit"
code-creation,Builtin,4,0x18d22f5289a0,137,"FrameDropper_LiveEdit"
code-creation,LoadInitialize,6,0x18d22f528a40,120,"args_count: 0"
code-creation,LoadInitialize,6,0x18d22f528ac0,120,"args_count: 0"
code-creation,Stub,2,0x18d22f528b40,1792,"RecordWriteStub"
code-creation,Stub,2,0x18d22f529240,487,"CallConstructStub_Recording"
code-creation,Script,0,0x18d22f529440,820,"native runtime.js",0x3287f7d1b138,~
code-creation,LoadPreMonomorphic,6,0x18d22f529780,120,"args_count: 0"
code-creation,LoadPreMonomorphic,6,0x18d22f529800,120,"args_count: 0"
code-creation,Stub,13,0x18d22f529880,148,"CompareNilICStub(NullValue)(None)"
code-creation,Stub,2,0x18d22f529920,234,"CallFunctionStub_Args1"
code-creation,Stub,2,0x18d22f529a20,234,"CallFunctionStub_Args2"
code-creation,LazyCompile,0,0x18d22f529b20,2824,"EQUALS native runtime.js:9:16",0x3287f7d19358,
code-creation,LazyCompile,0,0x18d22f52a640,508,"STRICT_EQUALS native runtime.js:56:23",0x3287f7d193e8,~
code-creation,Stub,2,0x18d22f52a840,279,"StringCompareStub"
code-creation,Stub,12,0x18d22f52a960,170,"CompareICStub"
code-creation,LazyCompile,0,0x18d22f52aa20,1340,"COMPARE native runtime.js:67:17",0x3287f7d19478,
code-creation,Stub,2,0x18d22f52af60,1057,"StringAddStub_CheckBoth"
code-creation,LazyCompile,0,0x18d22f52b3a0,948,"ADD native runtime.js:99:13",0x3287f7d19508,
code-creation,LazyCompile,0,0x18d22f52b760,436,"SUB native runtime.js:137:13",0x3287f7d196b8,
code-creation,LazyCompile,0,0x18d22f52b920,436,"MUL native runtime.js:142:13",0x3287f7d19748,
code-creation,LazyCompile,0,0x18d22f52bae0,436,"DIV native runtime.js:147:13",0x3287f7d197d8,
code-creation,LazyCompile,0,0x18d22f52bca0,436,"MOD native runtime.js:152:13",0x3287f7d19868,
code-creation,LazyCompile,0,0x18d22f52be60,436,"BIT_OR native runtime.js:157:16",0x3287f7d198f8,
code-creation,LazyCompile,0,0x18d22f52c020,620,"BIT_AND native runtime.js:162:17",0x3287f7d19988,
code-creation,LazyCompile,0,0x18d22f52c2a0,436,"BIT_XOR native runtime.js:174:17",0x3287f7d19a18,
code-creation,LazyCompile,0,0x18d22f52c460,436,"SHL native runtime.js:179:13",0x3287f7d19aa8,
code-creation,LazyCompile,0,0x18d22f52c620,620,"SAR native runtime.js:184:13",0x3287f7d19b38,
code-creation,LazyCompile,0,0x18d22f52c8a0,436,"SHR native runtime.js:196:13",0x3287f7d19bc8,
code-creation,LazyCompile,0,0x18d22f52ca60,324,"DELETE native runtime.js:201:16",0x3287f7d19c58,
code-creation,Stub,2,0x18d22f52cbc0,1536,"FastCloneShallowArrayStub"
code-creation,Stub,2,0x18d22f52d1c0,1819,"RecordWriteStub"
code-creation,Stub,2,0x18d22f52d8e0,350,"StoreArrayLiteralElementStub"
code-creation,LazyCompile,0,0x18d22f52da40,524,"IN native runtime.js:204:12",0x3287f7d19ce8,
code-creation,Stub,12,0x18d22f52dc60,170,"CompareICStub"
code-creation,Stub,14,0x18d22f52dd20,148,"ToBooleanStub(None)"
code-creation,LazyCompile,0,0x18d22f52ddc0,852,"INSTANCE_OF native runtime.js:211:21",0x3287f7d19d78,
code-creation,LazyCompile,0,0x18d22f52e120,308,"FILTER_KEY native runtime.js:229:20",0x3287f7d19e08,
code-creation,Stub,2,0x18d22f52e260,506,"ArgumentsAccessStub_NewSloppyFast"
code-creation,LazyCompile,0,0x18d22f52e460,492,"CALL_NON_FUNCTION native runtime.js:234:27",0x3287f7d19e98,
code-creation,LazyCompile,0,0x18d22f52e660,492,"CALL_NON_FUNCTION_AS_CONSTRUCTOR native runtime.js:241:42",0x3287f7d19f28,
code-creation,Stub,2,0x18d22f52e860,200,"ArgumentsAccessStub_ReadElement"
code-creation,LazyCompile,0,0x18d22f52e940,340,"CALL_FUNCTION_PROXY native runtime.js:248:29",0x3287f7d19fb8,~
code-creation,LazyCompile,0,0x18d22f52eaa0,308,"CALL_FUNCTION_PROXY_AS_CONSTRUCTOR native runtime.js:254:44",0x3287f7d1a048,~
code-creation,LazyCompile,0,0x18d22f52ebe0,244,"TO_OBJECT native runtime.js:284:19",0x3287f7d1a1f8,
code-creation,LazyCompile,0,0x18d22f52ece0,244,"TO_NUMBER native runtime.js:287:19",0x3287f7d1a288,
code-creation,LazyCompile,0,0x18d22f52ede0,244,"TO_STRING native runtime.js:290:19",0x3287f7d1a318,
code-creation,Stub,2,0x18d22f52eee0,182,"DoubleToIStub"
code-creation,Stub,2,0x18d22f52efa0,515,"NumberToStringStub"
code-creation,LazyCompile,0,0x18d22f52f1c0,796,"STRING_ADD_LEFT native runtime.js:112:25",0x3287f7d19598,
code-creation,LazyCompile,0,0x18d22f52f4e0,812,"STRING_ADD_RIGHT native runtime.js:124:26",0x3287f7d19628,
code-creation,Stub,12,0x18d22f52f820,170,"CompareICStub"
code-creation,Stub,12,0x18d22f52f8e0,170,"CompareICStub"
code-creation,Stub,12,0x18d22f52f9a0,170,"CompareICStub"
code-creation,LazyCompile,0,0x18d22f52fa60,1404,"APPLY_PREPARE native runtime.js:259:23",0x3287f7d1a0d8,
code-creation,LazyCompile,0,0x18d22f52ffe0,300,"STACK_OVERFLOW native runtime.js:281:24",0x3287f7d1a168,
code-creation,Stub,8,0x18d22f530120,404,"CallICStub(args(0), FUNCTION, "
code-creation,Stub,8,0x18d22f5302c0,410,"CallICStub(args(12), FUNCTION, "
code-creation,Stub,8,0x18d22f530460,416,"CallICStub(args(38), FUNCTION, "
code-creation,Stub,8,0x18d22f530600,410,"CallICStub(args(3), FUNCTION, "
code-creation,Script,0,0x18d22f5307a0,2060,"native v8natives.js",0x3287f7d223b0,~
code-creation,Stub,8,0x18d22f530fc0,410,"CallICStub(args(10), FUNCTION, "
code-creation,LazyCompile,0,0x18d22f531160,716,"SetUpGlobal native v8natives.js:114:21",0x3287f7d1d6f8,~
code-creation,Stub,2,0x18d22f531440,243,"ArrayConstructorStub_More_Than_One"
code-creation,Stub,8,0x18d22f531540,381,"CallIC_ArrayStub(args(10), FUNCTION,  (Array)"
code-creation,LazyCompile,0,0x18d22f5316c0,720,"InstallFunctions native v8natives.js:4:26",0x3287f7d1d0b8,~
code-creation,Stub,12,0x18d22f5319a0,192,"CompareICStub"
code-creation,Stub,11,0x18d22f531a60,196,"BinaryOpICStub(SAR:Smi*Smi->Smi)"
code-creation,Stub,12,0x18d22f531b40,192,"CompareICStub"
code-creation,Stub,2,0x18d22f531c00,236,"LoadElementStub"
code-creation,KeyedLoadIC,7,0x18d22f531d00,133,""
code-creation,Stub,11,0x18d22f531da0,204,"BinaryOpICStub(ADD:Smi*Smi->Smi)"
code-creation,Stub,3,0x18d22f531e80,112,"LoadFieldStub"
code-creation,LoadIC,6,0x18d22f531f00,133,"length"
code-creation,Stub,8,0x18d22f531fa0,381,"CallIC_ArrayStub(args(12), FUNCTION,  (Array)"
code-creation,Stub,8,0x18d22f532120,387,"CallIC_ArrayStub(args(38), FUNCTION,  (Array)"
code-creation,Stub,2,0x18d22f5322c0,258,"ToNumberStub"
code-creation,LazyCompile,0,0x18d22f5323e0,1068,"SetUpLockedPrototype native v8natives.js:45:30",0x3287f7d1d2f8,~
code-creation,Stub,14,0x18d22f532820,188,"ToBooleanStub(SpecObject)"
code-creation,Stub,11,0x18d22f5328e0,204,"BinaryOpICStub(ADD_ReuseLeft:Smi*Smi->Smi)"
code-creation,LoadIC,6,0x18d22f5329c0,133,"length"
code-creation,LoadIC,6,0x18d22f532a60,133,"length"
code-creation,Stub,8,0x18d22f532b00,416,"CallICStub(args(20), FUNCTION, "
code-creation,Stub,8,0x18d22f532ca0,410,"CallICStub(args(4), FUNCTION, "
code-creation,Stub,8,0x18d22f532e40,416,"CallICStub(args(30), FUNCTION, "
code-creation,LazyCompile,0,0x18d22f532fe0,1636,"SetUpObject native v8natives.js:1032:21",0x3287f7d20230,~
code-creation,Stub,8,0x18d22f533660,410,"CallICStub(args(1), FUNCTION, "
code-creation,LazyCompile,0,0x18d22f533800,500,"ObjectConstructor native v8natives.js:1023:27",0x3287f7d20168,~
code-creation,LazyCompile,0,0x18d22f533800,500,"ObjectConstructor native v8natives.js:1023:27",0x3287f7d20168,~
code-creation,Stub,8,0x18d22f533a00,387,"CallIC_ArrayStub(args(20), FUNCTION,  (Array)"
code-creation,LoadIC,6,0x18d22f533ba0,133,"length"
code-creation,LoadIC,6,0x18d22f533c40,133,"length"
code-creation,LazyCompile,0,0x18d22f533ce0,372,"InstallGetterSetter native v8natives.js:24:29",0x3287f7d1d1d8,~
code-creation,Stub,8,0x18d22f533e60,387,"CallIC_ArrayStub(args(30), FUNCTION,  (Array)"
code-creation,LazyCompile,0,0x18d22f534000,676,"SetUpBoolean native v8natives.js:1093:22",0x3287f7d204e8,~
code-creation,LazyCompile,0,0x18d22f5342c0,444,"BooleanConstructor native v8natives.js:1070:28",0x3287f7d202e0,~
code-creation,LazyCompile,0,0x18d22f5342c0,444,"BooleanConstructor native v8natives.js:1070:28",0x3287f7d202e0,~
code-creation,LazyCompile,0,0x18d22f534480,596,"ToBoolean native runtime.js:300:19",0x3287f7d1a450,~
code-creation,Stub,8,0x18d22f5346e0,381,"CallIC_ArrayStub(args(4), FUNCTION,  (Array)"
code-creation,Stub,2,0x18d22f534860,608,"MathPowStub"
code-creation,Stub,8,0x18d22f534ac0,416,"CallICStub(args(16), FUNCTION, "
code-creation,Stub,8,0x18d22f534c60,410,"CallICStub(args(2), FUNCTION, "
code-creation,LazyCompile,0,0x18d22f534e00,1596,"SetUpNumber native v8natives.js:1212:21",0x3287f7d20d10,~
code-creation,LazyCompile,0,0x18d22f535440,476,"NumberConstructor native v8natives.js:1104:27",0x3287f7d20590,~
code-creation,LazyCompile,0,0x18d22f535440,476,"NumberConstructor native v8natives.js:1104:27",0x3287f7d20590,~
code-creation,Stub,12,0x18d22f535620,184,"CompareICStub"
code-creation,LazyCompile,0,0x18d22f5356e0,812,"ToNumber native runtime.js:307:18",0x3287f7d1a500,
code-creation,Stub,8,0x18d22f535a20,387,"CallIC_ArrayStub(args(16), FUNCTION,  (Array)"
code-creation,LazyCompile,0,0x18d22f535bc0,664,"InstallConstants native v8natives.js:33:26",0x3287f7d1d268,~
code-creation,LoadIC,6,0x18d22f535e60,133,"length"
code-creation,LazyCompile,0,0x18d22f535f00,572,"SetUpFunction native v8natives.js:1339:23",0x3287f7d21120,~
code-creation,Stub,2,0x18d22f536140,350,"FastNewContextStub"
code-creation,LazyCompile,0,0x18d22f5362a0,572,"FunctionConstructor native v8natives.js:1330:29",0x3287f7d21070,~
code-creation,LazyCompile,0,0x18d22f5362a0,572,"FunctionConstructor native v8natives.js:1330:29",0x3287f7d21070,~
code-creation,Script,0,0x18d22f5364e0,1044,"native symbol.js",0x3287f7d25898,~
code-creation,LazyCompile,0,0x18d22f536900,332,"InternalSymbol native symbol.js:25:24",0x3287f7d25318,~
code-creation,Stub,3,0x18d22f536a60,116,"LoadFieldStub"
code-creation,LoadIC,6,0x18d22f536ae0,133,"for_intern"
code-creation,KeyedLoadIC,7,0x18d22f536b80,152,"Symbol.isConcatSpreadable"
code-creation,LazyCompile,0,0x18d22f536c20,1060,"SetUpSymbol native symbol.js:59:21",0x3287f7d255f0,~
code-creation,LazyCompile,0,0x18d22f537060,476,"SymbolConstructor native symbol.js:4:27",0x3287f7d25138,~
code-creation,LazyCompile,0,0x18d22f537060,476,"SymbolConstructor native symbol.js:4:27",0x3287f7d25138,~
code-creation,Stub,13,0x18d22f537240,172,"CompareNilICStub(NullValue)(Undefined)"
code-creation,LoadIC,6,0x18d22f537300,133,"length"
code-creation,LoadIC,6,0x18d22f5373a0,133,"length"
code-creation,LazyCompile,0,0x18d22f537440,364,"ExtendObject native symbol.js:78:22",0x3287f7d256a0,~
code-creation,Stub,8,0x18d22f5375c0,381,"CallIC_ArrayStub(args(2), FUNCTION,  (Array)"
code-creation,Script,0,0x18d22f537740,380,"native array.js",0x3287f7d28568,~
code-creation,Stub,2,0x18d22f5378c0,1834,"RecordWriteStub"
code-creation,Stub,2,0x18d22f538000,2680,"RecordWriteStub"
code-creation,Stub,2,0x18d22f538a80,2710,"RecordWriteStub"
code-creation,Stub,2,0x18d22f539520,730,"FastNewClosureStub"
code-creation,Stub,8,0x18d22f539800,416,"CallICStub(args(42), FUNCTION, "
code-creation,Stub,8,0x18d22f5399a0,410,"CallICStub(args(6), FUNCTION, "
code-creation,LazyCompile,0,0x18d22f539b40,3748,"SetUpArray native array.js:1105:20",0x3287f7d281c0,~
code-creation,Stub,8,0x18d22f53aa00,525,"CallICStub(args(1), METHOD, "
code-creation,LazyCompile,0,0x18d22f53ac20,356,"SetUpArray.c native array.js:1124:15",0x3287f7d29788,~
code-creation,LazyCompile,0,0x18d22f53ada0,652,"hasOwnProperty native v8natives.js:141:30",0x3287f7d1d9b8,~
code-creation,Stub,14,0x18d22f53b040,176,"ToBooleanStub(Bool)"
code-creation,LazyCompile,0,0x18d22f53b100,300,"ToName native runtime.js:343:16",0x3287f7d1a760,
code-creation,LazyCompile,0,0x18d22f53b240,756,"ToString native runtime.js:328:18",0x3287f7d1a640,
code-creation,Stub,3,0x18d22f53b540,120,"LoadConstantStub"
code-creation,Stub,3,0x18d22f53b5c0,142,"hasOwnProperty"
code-creation,LoadIC,6,0x18d22f53b660,133,"hasOwnProperty"
code-creation,Stub,3,0x18d22f53b700,111,"ToName"
code-creation,LoadIC,6,0x18d22f53b780,133,"ToName"
code-creation,Stub,3,0x18d22f53b820,111,"ToString"
code-creation,LoadIC,6,0x18d22f53b8a0,133,"ToString"
code-creation,Stub,3,0x18d22f53b940,120,"LoadConstantStub"
code-creation,KeyedLoadIC,7,0x18d22f53b9c0,152,"push"
code-creation,Stub,3,0x18d22f53ba60,120,"LoadConstantStub"
code-creation,Stub,8,0x18d22f53bae0,387,"CallIC_ArrayStub(args(42), FUNCTION,  (Array)"
code-creation,Stub,2,0x18d22f53bc80,243,"ArrayConstructorStub_None"
code-creation,Stub,8,0x18d22f53bd80,375,"CallIC_ArrayStub(args(0), FUNCTION,  (Array)"
code-creation,Stub,3,0x18d22f53bf00,134,"FunctionPrototypeStub"
code-creation,LoadIC,6,0x18d22f53bfa0,133,"prototype"
code-creation,LoadIC,6,0x18d22f53c040,133,"length"
code-creation,LoadIC,6,0x18d22f53c0e0,133,"length"
code-creation,LoadPolymorphicIC,6,0x18d22f53c180,152,"length"
code-creation,Stub,8,0x18d22f53c220,381,"CallIC_ArrayStub(args(6), FUNCTION,  (Array)"
code-creation,Script,0,0x18d22f53c3a0,516,"native string.js",0x3287f7d2c968,~
code-creation,Stub,8,0x18d22f53c5c0,416,"CallICStub(args(72), FUNCTION, "
code-creation,LazyCompile,0,0x18d22f53c760,1916,"SetUpString native string.js:620:21",0x3287f7d2c530,~
code-creation,LazyCompile,0,0x18d22f53cee0,548,"StringConstructor native string.js:2:27",0x3287f7d2a628,~
code-creation,LazyCompile,0,0x18d22f53cee0,548,"StringConstructor native string.js:2:27",0x3287f7d2a628,~
code-creation,Stub,8,0x18d22f53d120,387,"CallIC_ArrayStub(args(72), FUNCTION,  (Array)"
code-creation,Stub,2,0x18d22f53d2c0,498,"FastNewContextStub"
code-creation,Stub,2,0x18d22f53d4c0,1831,"RecordWriteStub"
code-creation,Function,0,0x18d22f53dc00,1212," native uri.js:3:10",0x3287f7d2eba0,~
code-creation,Script,0,0x18d22f53e0c0,276,"native uri.js",0x3287f7d2ec88,~
code-creation,Script,0,0x18d22f53e1e0,228,"native fdlibm.js",0x3287f7d2f388,~
code-creation,Script,0,0x18d22f53e2e0,492,"native math.js",0x3287f7d31118,~
code-creation,LazyCompile,0,0x18d22f53e4e0,188,"MathConstructor native math.js:5:25",0x3287f7d2f6f0,~
code-creation,Stub,8,0x18d22f53e5a0,416,"CallICStub(args(70), FUNCTION, "
code-creation,LazyCompile,0,0x18d22f53e740,2148,"SetUpMath native math.js:232:19",0x3287f7d30dc0,~
code-creation,Stub,8,0x18d22f53efc0,387,"CallIC_ArrayStub(args(70), FUNCTION,  (Array)"
code-creation,Stub,8,0x18d22f53f160,410,"CallICStub(args(7), FUNCTION, "
code-creation,Stub,8,0x18d22f53f300,410,"CallICStub(args(14), FUNCTION, "
code-creation,Stub,8,0x18d22f53f4a0,410,"CallICStub(args(5), FUNCTION, "
code-creation,Stub,8,0x18d22f53f640,416,"CallICStub(args(32), FUNCTION, "
code-creation,StoreInitialize,9,0x18d22f53f7e0,121,"args_count: 0"
code-creation,Script,0,0x18d22f53f860,3780,"native messages.js",0x3287f7d379c0,~
code-creation,LazyCompile,0,0x18d22f540740,268," native messages.js:254:25",0x3287f7d376d8,~
code-creation,LazyCompile,0,0x18d22f540740,268," native messages.js:254:25",0x3287f7d376d8,~
code-creation,Stub,8,0x18d22f540860,381,"CallIC_ArrayStub(args(7), FUNCTION,  (Array)"
code-creation,Stub,8,0x18d22f5409e0,381,"CallIC_ArrayStub(args(14), FUNCTION,  (Array)"
code-creation,LoadIC,6,0x18d22f540b60,133,"length"
code-creation,LoadIC,6,0x18d22f540c00,133,"prototype"
code-creation,Stub,8,0x18d22f540ca0,381,"CallIC_ArrayStub(args(5), FUNCTION,  (Array)"
code-creation,LoadIC,6,0x18d22f540e20,133,"prototype"
code-creation,Stub,8,0x18d22f540ec0,381,"CallIC_ArrayStub(args(3), FUNCTION,  (Array)"
code-creation,Stub,8,0x18d22f541040,387,"CallIC_ArrayStub(args(32), FUNCTION,  (Array)"
code-creation,LoadIC,6,0x18d22f5411e0,133,"prototype"
code-creation,Stub,2,0x18d22f541280,730,"FastNewClosureStub"
code-creation,LazyCompile,0,0x18d22f541560,532,"SetUpError native messages.js:837:20",0x3287f7d33ed8,~
code-creation,LazyCompile,0,0x18d22f541780,916,"SetUpError.a native messages.js:838:15",0x3287f7d3cd18,~
code-creation,Stub,2,0x18d22f541b20,1153,"BinaryOpWithAllocationSiteStub(ADD_CreateAllocationMementos:String*String->String)"
code-creation,Stub,11,0x18d22f541fc0,111,"BinaryOpICWithAllocationSiteStub(ADD_CreateAllocationMementos:String*String->String)"
code-creation,Stub,11,0x18d22f542040,111,"BinaryOpICWithAllocationSiteStub(ADD_CreateAllocationMementos:String*String->String)"
code-creation,Stub,12,0x18d22f5420c0,211,"CompareICStub"
code-creation,LazyCompile,0,0x18d22f5421a0,188,"d native messages.js:844:15",0x3287f7d3d288,~
code-creation,LazyCompile,0,0x18d22f542260,644," native messages.js:854:20",0x3287f7d3d340,
code-creation,LazyCompile,0,0x18d22f542260,644," native messages.js:854:20",0x3287f7d3d340,
code-creation,Stub,2,0x18d22f542500,407,"CallApiGetterStub"
code-creation,Stub,3,0x18d22f5426a0,150,"name"
code-creation,LoadIC,6,0x18d22f542740,133,"name"
code-creation,Stub,3,0x18d22f5427e0,111,"global"
code-creation,LoadIC,6,0x18d22f542860,133,"global"
code-creation,Stub,3,0x18d22f542900,111,"builtins"
code-creation,LoadIC,6,0x18d22f542980,133,"builtins"
code-creation,LazyCompile,0,0x18d22f542a20,460,"captureStackTrace native messages.js:831:49",0x3287f7d378b8,~
code-creation,StorePreMonomorphic,9,0x18d22f542c00,121,"args_count: 0"
code-creation,LazyCompile,0,0x18d22f542c80,1304,"defineProperty native v8natives.js:833:30",0x3287f7d1f7b8,~
code-creation,LazyCompile,0,0x18d22f5431a0,2212,"ToPropertyDescriptor native v8natives.js:269:30",0x3287f7d1e4c0,~
code-creation,LazyCompile,0,0x18d22f543a60,516,"PropertyDescriptor native v8natives.js:318:28",0x3287f7d1e668,~
code-creation,LoadIC,6,0x18d22f543c80,133,"ToName"
code-creation,LazyCompile,0,0x18d22f543d20,236,"$Array.get_ native v8natives.js:379:27",0x3287f7d21e48,~
code-creation,Stub,12,0x18d22f543e20,211,"CompareICStub"
code-creation,LazyCompile,0,0x18d22f543f00,236,"$Array.set_ native v8natives.js:389:18",0x3287f7d21ff8,~
code-creation,LazyCompile,0,0x18d22f544000,236," native v8natives.js:399:18",0x3287f7d221a8,~
code-creation,LazyCompile,0,0x18d22f544100,332,"IsInconsistentDescriptor native v8natives.js:230:34",0x3287f7d1e1b8,~
code-creation,Stub,8,0x18d22f544260,519,"CallICStub(args(0), METHOD, "
code-creation,LazyCompile,0,0x18d22f544480,364,"IsAccessorDescriptor native v8natives.js:218:30",0x3287f7d1dfa8,~
code-creation,LazyCompile,0,0x18d22f544600,212,"$Array.set_ native v8natives.js:396:21",0x3287f7d22118,~
code-creation,LazyCompile,0,0x18d22f5446e0,364,"IsDataDescriptor native v8natives.js:222:26",0x3287f7d1e058,~
code-creation,LazyCompile,0,0x18d22f544860,212,"$Array.enumerable_ native v8natives.js:356:20",0x3287f7d21a58,~
code-creation,LazyCompile,0,0x18d22f544940,212,"$Array.configurable_ native v8natives.js:376:23",0x3287f7d21db8,~
code-creation,LazyCompile,0,0x18d22f544a20,612,"DefineOwnProperty native v8natives.js:708:27",0x3287f7d1f1d0,~
code-creation,LazyCompile,0,0x18d22f544ca0,7564,"DefineObjectProperty native v8natives.js:494:30",0x3287f7d1ef78,~
code-creation,LazyCompile,0,0x18d22f546a40,764,"ToObject native runtime.js:346:18",0x3287f7d1a818,
code-creation,Stub,13,0x18d22f546d40,188,"CompareNilICStub(NullValue)(MonomorphicMap)"
code-creation,Stub,13,0x18d22f546e00,188,"CompareNilICStub(NullValue)(MonomorphicMap)"
code-creation,Stub,12,0x18d22f546ec0,642,"CompareICStub"
code-creation,LazyCompile,0,0x18d22f547160,828,"ConvertDescriptorArrayToDescriptor native v8natives.js:409:44",0x3287f7d1e740,~
code-creation,Stub,2,0x18d22f5474a0,1792,"RecordWriteStub"
code-creation,Stub,3,0x18d22f547ba0,275,"value_"
code-creation,StoreIC,9,0x18d22f547cc0,133,"value_"
code-creation,Stub,3,0x18d22f547d60,275,"hasValue_"
code-creation,StoreIC,9,0x18d22f547e80,133,"hasValue_"
code-creation,Stub,3,0x18d22f547f20,275,"writable_"
code-creation,StoreIC,9,0x18d22f548040,133,"writable_"
code-creation,Stub,3,0x18d22f5480e0,275,"hasWritable_"
code-creation,StoreIC,9,0x18d22f548200,133,"hasWritable_"
code-creation,Stub,3,0x18d22f5482a0,275,"enumerable_"
code-creation,StoreIC,9,0x18d22f5483c0,133,"enumerable_"
code-creation,Stub,3,0x18d22f548460,275,"hasEnumerable_"
code-creation,StoreIC,9,0x18d22f548580,133,"hasEnumerable_"
code-creation,Stub,3,0x18d22f548620,275,"configurable_"
code-creation,StoreIC,9,0x18d22f548740,133,"configurable_"
code-creation,Stub,3,0x18d22f5487e0,275,"hasConfigurable_"
code-creation,StoreIC,9,0x18d22f548900,133,"hasConfigurable_"
code-creation,Stub,3,0x18d22f5489a0,275,"get_"
code-creation,StoreIC,9,0x18d22f548ac0,133,"get_"
code-creation,Stub,3,0x18d22f548b60,275,"hasGetter_"
code-creation,StoreIC,9,0x18d22f548c80,133,"hasGetter_"
code-creation,Stub,3,0x18d22f548d20,275,"set_"
code-creation,StoreIC,9,0x18d22f548e40,133,"set_"
code-creation,Stub,3,0x18d22f548ee0,275,"hasSetter_"
code-creation,StoreIC,9,0x18d22f549000,133,"hasSetter_"
code-creation,Stub,2,0x18d22f5490a0,260,"LoadElementStub"
code-creation,KeyedLoadIC,7,0x18d22f5491c0,133,""
code-creation,LazyCompile,0,0x18d22f549260,236,"$Array.enumerable_ native v8natives.js:349:20",0x3287f7d21938,~
code-creation,LazyCompile,0,0x18d22f549360,236,"$Array.configurable_ native v8natives.js:369:23",0x3287f7d21c98,~
code-creation,LazyCompile,0,0x18d22f549460,236,"$Array.writable_ native v8natives.js:359:25",0x3287f7d21ae8,~
code-creation,Stub,2,0x18d22f549560,2702,"RecordWriteStub"
code-creation,Stub,3,0x18d22f54a000,196,"StoreFieldStub"
code-creation,StoreIC,9,0x18d22f54a0e0,133,"configurable_"
code-creation,Stub,3,0x18d22f54a180,196,"StoreFieldStub"
code-creation,StoreIC,9,0x18d22f54a260,133,"hasConfigurable_"
code-creation,LazyCompile,0,0x18d22f54a300,388,"IsGenericDescriptor native v8natives.js:226:29",0x3287f7d1e108,~
code-creation,Stub,3,0x18d22f54a4a0,120,"LoadConstantStub"
code-creation,Stub,3,0x18d22f54a520,142,"hasGetter"
code-creation,LoadIC,6,0x18d22f54a5c0,133,"hasGetter"
code-creation,Stub,3,0x18d22f54a660,112,"LoadFieldStub"
code-creation,LoadIC,6,0x18d22f54a6e0,133,"hasGetter_"
code-creation,Stub,3,0x18d22f54a780,120,"LoadConstantStub"
code-creation,Stub,3,0x18d22f54a800,142,"hasValue"
code-creation,LoadIC,6,0x18d22f54a8a0,133,"hasValue"
code-creation,Stub,3,0x18d22f54a940,112,"LoadFieldStub"
code-creation,LoadIC,6,0x18d22f54a9c0,133,"hasValue_"
code-creation,Stub,3,0x18d22f54aa60,120,"LoadConstantStub"
code-creation,Stub,3,0x18d22f54aae0,142,"hasWritable"
code-creation,LoadIC,6,0x18d22f54ab80,133,"hasWritable"
code-creation,Stub,3,0x18d22f54ac20,112,"LoadFieldStub"
code-creation,LoadIC,6,0x18d22f54aca0,133,"hasWritable_"
code-creation,Stub,12,0x18d22f54ad40,595,"CompareICStub"
code-creation,LazyCompile,0,0x18d22f54afa0,212,"$Array.get_ native v8natives.js:386:26",0x3287f7d21f68,~
code-creation,LazyCompile,0,0x18d22f54b080,212,"$Array.writable_ native v8natives.js:366:25",0x3287f7d21c08,~
code-creation,LazyCompile,0,0x18d22f54b160,212,"$Array.writable_ native v8natives.js:363:24",0x3287f7d21b78,~
code-creation,Stub,11,0x18d22f54b240,188,"BinaryOpICStub(BIT_OR:Smi*Smi->Smi)"
code-creation,LazyCompile,0,0x18d22f54b300,212,"$Array.get_ native v8natives.js:383:27",0x3287f7d21ed8,~
code-creation,Stub,3,0x18d22f54b3e0,112,"LoadFieldStub"
code-creation,LoadIC,6,0x18d22f54b460,133,"configurable_"
code-creation,Stub,3,0x18d22f54b500,111,"IsAccessorDescriptor"
code-creation,LoadIC,6,0x18d22f54b580,133,"IsAccessorDescriptor"
code-creation,LazyCompile,0,0x18d22f54b620,212,"$Array.set_ native v8natives.js:393:18",0x3287f7d22088,~
code-creation,LazyCompile,0,0x18d22f54b700,212," native v8natives.js:406:21",0x3287f7d222c8,~
code-creation,LazyCompile,0,0x18d22f54b7e0,212," native v8natives.js:403:18",0x3287f7d22238,~
code-creation,LazyCompile,0,0x18d22f542260,644," native messages.js:854:20",0x3287f7d3d340,
code-creation,Stub,3,0x18d22f54b8c0,111,"$Error"
code-creation,LoadIC,6,0x18d22f54b940,133,"$Error"
code-creation,Stub,3,0x18d22f54b9e0,111,"captureStackTrace"
code-creation,LoadIC,6,0x18d22f54ba60,133,"captureStackTrace"
code-creation,Stub,3,0x18d22f54bb00,111,"ObjectDefineProperty"
code-creation,LoadIC,6,0x18d22f54bb80,133,"ObjectDefineProperty"
code-creation,Stub,3,0x18d22f54bc20,111,"StackTraceGetter"
code-creation,LoadIC,6,0x18d22f54bca0,133,"StackTraceGetter"
code-creation,Stub,3,0x18d22f54bd40,196,"StoreFieldStub"
code-creation,StoreIC,9,0x18d22f54be20,133,"get"
code-creation,Stub,3,0x18d22f54bec0,111,"StackTraceSetter"
code-creation,LoadIC,6,0x18d22f54bf40,133,"StackTraceSetter"
code-creation,Stub,3,0x18d22f54bfe0,196,"StoreFieldStub"
code-creation,StoreIC,9,0x18d22f54c0c0,133,"set"
code-creation,Stub,3,0x18d22f54c160,111,"ToPropertyDescriptor"
code-creation,LoadIC,6,0x18d22f54c1e0,133,"ToPropertyDescriptor"
code-creation,Stub,3,0x18d22f54c280,111,"PropertyDescriptor"
code-creation,LoadIC,6,0x18d22f54c300,133,"PropertyDescriptor"
code-creation,Stub,3,0x18d22f54c3a0,120,"LoadConstantStub"
code-creation,Stub,3,0x18d22f54c420,142,"setConfigurable"
code-creation,LoadIC,6,0x18d22f54c4c0,133,"setConfigurable"
code-creation,Stub,3,0x18d22f54c560,111,"ToBoolean"
code-creation,LoadIC,6,0x18d22f54c5e0,133,"ToBoolean"
code-creation,Stub,3,0x18d22f54c680,112,"LoadFieldStub"
code-creation,LoadIC,6,0x18d22f54c700,133,"configurable"
code-creation,LoadIC,6,0x18d22f54c7a0,133,"get"
code-creation,Stub,3,0x18d22f54c840,120,"LoadConstantStub"
code-creation,Stub,3,0x18d22f54c8c0,142,"setGet"
code-creation,LoadIC,6,0x18d22f54c960,133,"setGet"
code-creation,Stub,3,0x18d22f54ca00,196,"StoreFieldStub"
code-creation,StoreIC,9,0x18d22f54cae0,133,"get_"
code-creation,Stub,3,0x18d22f54cb80,196,"StoreFieldStub"
code-creation,StoreIC,9,0x18d22f54cc60,133,"hasGetter_"
code-creation,LoadIC,6,0x18d22f54cd00,133,"set"
code-creation,Stub,3,0x18d22f54cda0,120,"LoadConstantStub"
code-creation,Stub,3,0x18d22f54ce20,142,"setSet"
code-creation,LoadIC,6,0x18d22f54cec0,133,"setSet"
code-creation,Stub,3,0x18d22f54cf60,196,"StoreFieldStub"
code-creation,StoreIC,9,0x18d22f54d040,133,"set_"
code-creation,Stub,3,0x18d22f54d0e0,196,"StoreFieldStub"
code-creation,StoreIC,9,0x18d22f54d1c0,133,"hasSetter_"
code-creation,Stub,3,0x18d22f54d260,111,"IsInconsistentDescriptor"
code-creation,LoadIC,6,0x18d22f54d2e0,133,"IsInconsistentDescriptor"
code-creation,Stub,3,0x18d22f54d380,111,"IsDataDescriptor"
code-creation,LoadIC,6,0x18d22f54d400,133,"IsDataDescriptor"
code-creation,Stub,3,0x18d22f54d4a0,111,"DefineOwnProperty"
code-creation,LoadIC,6,0x18d22f54d520,133,"DefineOwnProperty"
code-creation,Stub,3,0x18d22f54d5c0,111,"DefineObjectProperty"
code-creation,LoadIC,6,0x18d22f54d640,133,"DefineObjectProperty"
code-creation,Stub,3,0x18d22f54d6e0,111,"ToObject"
code-creation,LoadIC,6,0x18d22f54d760,133,"ToObject"
code-creation,Stub,3,0x18d22f54d800,111,"ConvertDescriptorArrayToDescriptor"
code-creation,LoadIC,6,0x18d22f54d880,133,"ConvertDescriptorArrayToDescriptor"
code-creation,Stub,3,0x18d22f54d920,120,"LoadConstantStub"
code-creation,Stub,3,0x18d22f54d9a0,142,"setValue"
code-creation,LoadIC,6,0x18d22f54da40,133,"setValue"
code-creation,StoreIC,9,0x18d22f54dae0,133,"value_"
code-creation,StoreIC,9,0x18d22f54db80,133,"hasValue_"
code-creation,Stub,3,0x18d22f54dc20,120,"LoadConstantStub"
code-creation,Stub,3,0x18d22f54dca0,142,"setWritable"
code-creation,LoadIC,6,0x18d22f54dd40,133,"setWritable"
code-creation,Stub,3,0x18d22f54dde0,196,"StoreFieldStub"
code-creation,StoreIC,9,0x18d22f54dec0,133,"writable_"
code-creation,Stub,3,0x18d22f54df60,196,"StoreFieldStub"
code-creation,StoreIC,9,0x18d22f54e040,133,"hasWritable_"
code-creation,Stub,3,0x18d22f54e0e0,120,"LoadConstantStub"
code-creation,Stub,3,0x18d22f54e160,142,"setEnumerable"
code-creation,LoadIC,6,0x18d22f54e200,133,"setEnumerable"
code-creation,Stub,3,0x18d22f54e2a0,196,"StoreFieldStub"
code-creation,StoreIC,9,0x18d22f54e380,133,"enumerable_"
code-creation,Stub,3,0x18d22f54e420,196,"StoreFieldStub"
code-creation,StoreIC,9,0x18d22f54e500,133,"hasEnumerable_"
code-creation,LoadIC,6,0x18d22f54e5a0,133,"setConfigurable"
code-creation,Stub,3,0x18d22f54e640,111,"IsGenericDescriptor"
code-creation,LoadIC,6,0x18d22f54e6c0,133,"IsGenericDescriptor"
code-creation,Stub,3,0x18d22f54e760,120,"LoadConstantStub"
code-creation,Stub,3,0x18d22f54e7e0,142,"isConfigurable"
code-creation,LoadIC,6,0x18d22f54e880,133,"isConfigurable"
code-creation,Stub,3,0x18d22f54e920,120,"LoadConstantStub"
code-creation,Stub,3,0x18d22f54e9a0,142,"hasEnumerable"
code-creation,LoadIC,6,0x18d22f54ea40,133,"hasEnumerable"
code-creation,Stub,3,0x18d22f54eae0,112,"LoadFieldStub"
code-creation,LoadIC,6,0x18d22f54eb60,133,"hasEnumerable_"
code-creation,Stub,3,0x18d22f54ec00,120,"LoadConstantStub"
code-creation,Stub,3,0x18d22f54ec80,142,"isEnumerable"
code-creation,LoadIC,6,0x18d22f54ed20,133,"isEnumerable"
code-creation,Stub,3,0x18d22f54edc0,112,"LoadFieldStub"
code-creation,LoadIC,6,0x18d22f54ee40,133,"enumerable_"
code-creation,Stub,3,0x18d22f54eee0,120,"LoadConstantStub"
code-creation,Stub,3,0x18d22f54ef60,142,"hasConfigurable"
code-creation,LoadIC,6,0x18d22f54f000,133,"hasConfigurable"
code-creation,Stub,3,0x18d22f54f0a0,112,"LoadFieldStub"
code-creation,LoadIC,6,0x18d22f54f120,133,"hasConfigurable_"
code-creation,LoadIC,6,0x18d22f54f1c0,133,"isConfigurable"
code-creation,LoadIC,6,0x18d22f54f260,133,"hasGetter"
code-creation,Stub,3,0x18d22f54f300,120,"LoadConstantStub"
code-creation,Stub,3,0x18d22f54f380,142,"getGet"
code-creation,LoadIC,6,0x18d22f54f420,133,"getGet"
code-creation,Stub,3,0x18d22f54f4c0,112,"LoadFieldStub"
code-creation,LoadIC,6,0x18d22f54f540,133,"get_"
code-creation,Stub,3,0x18d22f54f5e0,120,"LoadConstantStub"
code-creation,Stub,3,0x18d22f54f660,142,"hasSetter"
code-creation,LoadIC,6,0x18d22f54f700,133,"hasSetter"
code-creation,Stub,3,0x18d22f54f7a0,112,"LoadFieldStub"
code-creation,LoadIC,6,0x18d22f54f820,133,"hasSetter_"
code-creation,Stub,3,0x18d22f54f8c0,120,"LoadConstantStub"
code-creation,Stub,3,0x18d22f54f940,142,"getSet"
code-creation,LoadIC,6,0x18d22f54f9e0,133,"getSet"
code-creation,Stub,3,0x18d22f54fa80,112,"LoadFieldStub"
code-creation,LoadIC,6,0x18d22f54fb00,133,"set_"
code-creation,LazyCompile,0,0x18d22f542260,644," native messages.js:854:20",0x3287f7d3d340,
code-creation,LazyCompile,0,0x18d22f542260,644," native messages.js:854:20",0x3287f7d3d340,
code-creation,LazyCompile,0,0x18d22f542260,644," native messages.js:854:20",0x3287f7d3d340,
code-creation,LazyCompile,0,0x18d22f542260,644," native messages.js:854:20",0x3287f7d3d340,
code-creation,LazyCompile,0,0x18d22f542260,644," native messages.js:854:20",0x3287f7d3d340,
code-creation,LazyCompile,0,0x18d22f54fba0,380,"SetUpStackOverflowBoilerplate native messages.js:927:39",0x3287f7d34180,~
code-creation,LazyCompile,0,0x18d22f54fd20,268,"MakeRangeError native messages.js:281:24",0x3287f7d32480,~
code-creation,LazyCompile,0,0x18d22f54fe40,340,"MakeGenericError native messages.js:247:26",0x3287f7d32128,~
code-creation,LazyCompile,0,0x18d22f54ffa0,356,"FormatMessage native messages.js:257:23",0x3287f7d321d0,~
code-creation,LazyCompile,0,0x18d22f550120,1888,"FormatString native messages.js:161:22",0x3287f7d31de8,
code-creation,Stub,11,0x18d22f550880,111,"BinaryOpICWithAllocationSiteStub(ADD_CreateAllocationMementos:String*String->String)"
code-creation,LoadIC,6,0x18d22f550900,133,"length"
code-creation,Stub,13,0x18d22f5509a0,172,"CompareNilICStub(NullValue)(Generic)"
code-creation,Script,0,0x18d22f550a60,388,"native apinatives.js",0x3287f7d400a8,~
code-creation,Script,0,0x18d22f550c00,908,"native date.js",0x3287f7d43830,~
code-creation,Stub,2,0x18d22f550fa0,291,"ArrayConstructorStub_One"
code-creation,Stub,8,0x18d22f5510e0,381,"CallIC_ArrayStub(args(1), FUNCTION,  (Array)"
code-creation,Stub,8,0x18d22f551260,416,"CallICStub(args(92), FUNCTION, "
code-creation,LazyCompile,0,0x18d22f551400,2324,"SetUpDate native date.js:489:19",0x3287f7d43198,~
code-creation,StoreInitialize,9,0x18d22f551d20,121,"args_count: 0"
code-creation,Stub,12,0x18d22f551da0,170,"CompareICStub"
code-creation,LazyCompile,0,0x18d22f551e60,2772,"DateConstructor native date.js:62:25",0x3287f7d409c0,~
code-creation,LazyCompile,0,0x18d22f551e60,2772,"DateConstructor native date.js:62:25",0x3287f7d409c0,~
code-creation,Stub,8,0x18d22f552940,387,"CallIC_ArrayStub(args(92), FUNCTION,  (Array)"
code-creation,Script,0,0x18d22f552ae0,372,"native json.js",0x3287f7d458c8,~
code-creation,LazyCompile,0,0x18d22f552c60,396,"SetUpJSON native json.js:193:19",0x3287f7d45690,~
code-creation,Script,0,0x18d22f552e00,524,"native regexp.js",0x3287f7d468e8,~
code-creation,Stub,8,0x18d22f553020,410,"CallICStub(args(8), FUNCTION, "
code-creation,LazyCompile,0,0x18d22f5531c0,2416,"SetUpRegExp native regexp.js:279:21",0x3287f7d466b0,~
code-creation,LazyCompile,0,0x18d22f553b40,452,"RegExpConstructor native regexp.js:46:27",0x3287f7d45e88,~
code-creation,LazyCompile,0,0x18d22f553b40,452,"RegExpConstructor native regexp.js:46:27",0x3287f7d45e88,~
code-creation,Stub,8,0x18d22f553d20,381,"CallIC_ArrayStub(args(8), FUNCTION,  (Array)"
code-creation,LazyCompile,0,0x18d22f553ea0,924,"ToPrimitive native runtime.js:293:21",0x3287f7d1a3c0,
code-creation,Stub,2,0x18d22f554240,188,"DoubleToIStub"
code-creation,Stub,2,0x18d22f554300,1328,"BinaryOpWithAllocationSiteStub(ADD_CreateAllocationMementos:String*Smi->String)"
code-creation,Stub,11,0x18d22f554840,111,"BinaryOpICWithAllocationSiteStub(ADD_CreateAllocationMementos:String*Smi->String)"
code-creation,Stub,11,0x18d22f5548c0,111,"BinaryOpICWithAllocationSiteStub(ADD_CreateAllocationMementos:String*Smi->String)"
code-creation,LazyCompile,0,0x18d22f554940,228,"RegExpMakeCaptureGetter native regexp.js:255:33",0x3287f7d465f8,~
code-creation,Stub,3,0x18d22f554a40,111,"$RegExp"
code-creation,LoadIC,6,0x18d22f554ac0,133,"$RegExp"
code-creation,Stub,3,0x18d22f554b60,111,"RegExpMakeCaptureGetter"
code-creation,LoadIC,6,0x18d22f554be0,133,"RegExpMakeCaptureGetter"
code-creation,Script,0,0x18d22f554c80,372,"native arraybuffer.js",0x3287f7d47d10,~
code-creation,LazyCompile,0,0x18d22f554e00,916,"SetUpArrayBuffer native arraybuffer.js:53:26",0x3287f7d47bb8,~
code-creation,LazyCompile,0,0x18d22f5551a0,460,"ArrayBufferConstructor native arraybuffer.js:4:32",0x3287f7d478d0,~
code-creation,LazyCompile,0,0x18d22f5551a0,460,"ArrayBufferConstructor native arraybuffer.js:4:32",0x3287f7d478d0,~
code-creation,LazyCompile,0,0x18d22f555380,308,"InstallGetter native v8natives.js:18:23",0x3287f7d1d148,~
code-creation,Script,0,0x18d22f5554c0,1148,"native typedarray.js",0x3287f7d4d948,~
code-creation,LazyCompile,0,0x18d22f555940,12460,"SetupTypedArrays native typedarray.js:1358:26",0x3287f7d4c0f0,~
code-creation,LazyCompile,0,0x18d22f558a00,876,"Uint8ArrayConstructor native typedarray.js:71:31",0x3287f7d484f0,~
code-creation,LazyCompile,0,0x18d22f558a00,876,"Uint8ArrayConstructor native typedarray.js:71:31",0x3287f7d484f0,~
code-creation,LazyCompile,0,0x18d22f558d80,876,"Int8ArrayConstructor native typedarray.js:212:30",0x3287f7d48b68,~
code-creation,LazyCompile,0,0x18d22f558d80,876,"Int8ArrayConstructor native typedarray.js:212:30",0x3287f7d48b68,~
code-creation,LazyCompile,0,0x18d22f559100,876,"Uint16ArrayConstructor native typedarray.js:353:32",0x3287f7d491e0,~
code-creation,LazyCompile,0,0x18d22f559100,876,"Uint16ArrayConstructor native typedarray.js:353:32",0x3287f7d491e0,~
code-creation,LazyCompile,0,0x18d22f559480,876,"Int16ArrayConstructor native typedarray.js:494:31",0x3287f7d49858,~
code-creation,LazyCompile,0,0x18d22f559480,876,"Int16ArrayConstructor native typedarray.js:494:31",0x3287f7d49858,~
code-creation,LazyCompile,0,0x18d22f559800,876,"Uint32ArrayConstructor native typedarray.js:635:32",0x3287f7d49ed0,~
code-creation,LazyCompile,0,0x18d22f559800,876,"Uint32ArrayConstructor native typedarray.js:635:32",0x3287f7d49ed0,~
code-creation,LazyCompile,0,0x18d22f559b80,876,"Int32ArrayConstructor native typedarray.js:776:31",0x3287f7d4a548,~
code-creation,LazyCompile,0,0x18d22f559b80,876,"Int32ArrayConstructor native typedarray.js:776:31",0x3287f7d4a548,~
code-creation,LazyCompile,0,0x18d22f559f00,876,"Float32ArrayConstructor native typedarray.js:917:33",0x3287f7d4abc0,~
code-creation,LazyCompile,0,0x18d22f559f00,876,"Float32ArrayConstructor native typedarray.js:917:33",0x3287f7d4abc0,~
code-creation,LazyCompile,0,0x18d22f55a280,876,"Float64ArrayConstructor native typedarray.js:1058:33",0x3287f7d4b238,~
code-creation,LazyCompile,0,0x18d22f55a280,876,"Float64ArrayConstructor native typedarray.js:1058:33",0x3287f7d4b238,~
code-creation,LazyCompile,0,0x18d22f55a600,876,"Uint8ClampedArrayConstructor native typedarray.js:1199:38",0x3287f7d4b8b0,~
code-creation,LazyCompile,0,0x18d22f55a600,876,"Uint8ClampedArrayConstructor native typedarray.js:1199:38",0x3287f7d4b8b0,~
code-creation,LazyCompile,0,0x18d22f55a980,1484,"SetupDataView native typedarray.js:1794:23",0x3287f7d4d0f0,~
code-creation,LazyCompile,0,0x18d22f55af60,1356,"DataViewConstructor native typedarray.js:1534:29",0x3287f7d4c1c0,~
code-creation,LazyCompile,0,0x18d22f55af60,1356,"DataViewConstructor native typedarray.js:1534:29",0x3287f7d4c1c0,~
code-creation,Script,0,0x18d22f55b4c0,500,"native weak_collection.js",0x3287f7d51f48,~
code-creation,LazyCompile,0,0x18d22f55b6c0,756,"SetUpWeakMap native weak_collection.js:78:22",0x3287f7d51940,~
code-creation,LazyCompile,0,0x18d22f55b9c0,1560,"WeakMapConstructor native weak_collection.js:5:28",0x3287f7d51540,~
code-creation,LazyCompile,0,0x18d22f55b9c0,1560,"WeakMapConstructor native weak_collection.js:5:28",0x3287f7d51540,~
code-creation,LazyCompile,0,0x18d22f55bfe0,724,"SetUpWeakSet native weak_collection.js:151:22",0x3287f7d51d60,~
code-creation,LazyCompile,0,0x18d22f55c2c0,1344,"WeakSetConstructor native weak_collection.js:92:28",0x3287f7d51a08,~
code-creation,LazyCompile,0,0x18d22f55c2c0,1344,"WeakSetConstructor native weak_collection.js:92:28",0x3287f7d51a08,~
code-creation,Stub,2,0x18d22f55c800,514,"FastNewContextStub"
code-creation,Function,0,0x18d22f55ca20,2372," native promise.js:18:10",0x3287f7d53cc8,~
code-creation,Script,0,0x18d22f55d380,756,"native promise.js",0x3287f7d53db0,~
code-creation,StorePreMonomorphic,9,0x18d22f55d680,121,"args_count: 0"
code-creation,Function,0,0x18d22f55d700,308," native object-observe.js:97:33",0x3287f7d56dc8,~
code-creation,Script,0,0x18d22f55d840,484,"native object-observe.js",0x3287f7d56eb0,~
code-creation,LazyCompile,0,0x18d22f55da40,520,"TypeMapCreateFromList native object-observe.js:78:31",0x3287f7d548a0,~
code-creation,LazyCompile,0,0x18d22f55dc60,244,"TypeMapCreate native object-observe.js:69:23",0x3287f7d546d0,~
code-creation,LazyCompile,0,0x18d22f55dd60,276,"nullProtoObject native object-observe.js:66:25",0x3287f7d54628,~
code-creation,LazyCompile,0,0x18d22f55de80,276,"TypeMapAddType native object-observe.js:72:24",0x3287f7d54760,~
code-creation,Stub,3,0x18d22f55dfa0,111,"TypeMapAddType"
code-creation,LoadIC,6,0x18d22f55e020,133,"TypeMapAddType"
code-creation,LazyCompile,0,0x18d22f55e0c0,860,"SetupObjectObserve native object-observe.js:476:28",0x3287f7d568a8,~
code-creation,Script,0,0x18d22f55e420,500,"native collection.js",0x3287f7d59450,~
code-creation,LazyCompile,0,0x18d22f55e620,924,"SetUpSet native collection.js:80:18",0x3287f7d58bf0,~
code-creation,LazyCompile,0,0x18d22f55e9c0,1344,"SetConstructor native collection.js:5:24",0x3287f7d58730,~
code-creation,LazyCompile,0,0x18d22f55e9c0,1344,"SetConstructor native collection.js:5:24",0x3287f7d58730,~
code-creation,LazyCompile,0,0x18d22f55ef00,956,"SetUpMap native collection.js:180:18",0x3287f7d59228,~
code-creation,LazyCompile,0,0x18d22f55f2c0,1560,"MapConstructor native collection.js:96:24",0x3287f7d58cc0,~
code-creation,LazyCompile,0,0x18d22f55f2c0,1560,"MapConstructor native collection.js:96:24",0x3287f7d58cc0,~
code-creation,Script,0,0x18d22f55f8e0,460,"native collection-iterator.js",0x3287f7d5ac40,~
code-creation,LazyCompile,0,0x18d22f55fac0,740,"SetUpSetIterator native collection-iterator.js:44:26",0x3287f7d5a468,~
code-creation,LazyCompile,0,0x18d22f55fdc0,220,"SetIteratorConstructor native collection-iterator.js:3:32",0x3287f7d5a118,~
code-creation,LazyCompile,0,0x18d22f55fdc0,220,"SetIteratorConstructor native collection-iterator.js:3:32",0x3287f7d5a118,~
code-creation,LazyCompile,0,0x18d22f55fea0,556,"ExtendSetPrototype native collection-iterator.js:57:28",0x3287f7d5a518,~
code-creation,LazyCompile,0,0x18d22f5600e0,740,"SetUpMapIterator native collection-iterator.js:115:26",0x3287f7d5a9a8,~
code-creation,LazyCompile,0,0x18d22f5603e0,220,"MapIteratorConstructor native collection-iterator.js:67:32",0x3287f7d5a5a8,~
code-creation,LazyCompile,0,0x18d22f5603e0,220,"MapIteratorConstructor native collection-iterator.js:67:32",0x3287f7d5a5a8,~
code-creation,LazyCompile,0,0x18d22f5604c0,556,"ExtendMapPrototype native collection-iterator.js:128:28",0x3287f7d5aa58,~
code-creation,Script,0,0x18d22f560700,612,"native array-iterator.js",0x3287f7d5bed0,~
code-creation,LazyCompile,0,0x18d22f560980,676,"SetUpArrayIterator native array-iterator.js:56:28",0x3287f7d5bbb8,~
code-creation,LazyCompile,0,0x18d22f560c40,556,"ExtendArrayPrototype native array-iterator.js:68:30",0x3287f7d5bc68,~
code-creation,LazyCompile,0,0x18d22f560e80,3732,"ExtendTypedArrayPrototypes native array-iterator.js:78:36",0x3287f7d5bcf8,~
code-creation,Script,0,0x18d22f561d20,492,"native string-iterator.js",0x3287f7d5cb28,~
code-creation,LazyCompile,0,0x18d22f561f20,676,"SetUpStringIterator native string-iterator.js:46:29",0x3287f7d5c868,~
code-creation,LazyCompile,0,0x18d22f5621e0,364,"ExtendStringPrototypeWithIterator native string-iterator.js:61:43",0x3287f7d5c9a0,~
