 
{ name: 'npm',
  description: 'a package manager for JavaScript',
  'dist-tags': 
   { latest: '8.3.0',
     'latest-2': '2.15.12',
     'next-2': '2.15.12',
     'latest-1': '1.4.29',
     'latest-3': '3.10.10',
     'next-3': '3.10.10',
     'latest-4': '4.6.1',
     'next-4': '4.6.1',
     'latest-5': '5.10.0',
     'next-5': '5.10.0',
     'next-6': '6.14.15',
     'latest-6': '6.14.15',
     'next-7': '7.24.2',
     'next-8': '8.3.0',
     'latest-7': '7.24.2' },
  versions: 
   [ '1.1.25',
     '1.1.70',
     '1.1.71',
     '1.2.19',
     '1.2.20',
     '1.2.21',
     '1.2.22',
     '1.2.23',
     '1.2.24',
     '1.2.25',
     '1.2.27',
     '1.2.28',
     '1.2.30',
     '1.2.31',
     '1.2.32',
     '1.2.8000',
     '1.3.0',
     '1.3.1',
     '1.3.2',
     '1.3.4',
     '1.3.5',
     '1.3.6',
     '1.3.7',
     '1.3.8',
     '1.3.9',
     '1.3.10',
     '1.3.11',
     '1.3.12',
     '1.3.13',
     '1.3.14',
     '1.3.15',
     '1.3.16',
     '1.3.17',
     '1.3.18',
     '1.3.20',
     '1.3.21',
     '1.3.22',
     '1.3.23',
     '1.3.24',
     '1.3.25',
     '1.3.26',
     '1.4.0',
     '1.4.1',
     '1.4.2',
     '1.4.3',
     '1.4.4',
     '1.4.5',
     '1.4.6',
     '1.4.7',
     '1.4.8',
     '1.4.9',
     '1.4.10',
     '1.4.11',
     '1.4.12',
     '1.4.13',
     '1.4.14',
     '1.4.15',
     '1.4.16',
     '1.4.17',
     '1.4.18',
     '1.4.19',
     '1.4.20',
     '1.4.21',
     '1.4.22',
     '1.4.23',
     '1.4.24',
     '1.4.25',
     '1.4.26',
     '1.4.27',
     '1.4.28',
     '1.4.29',
     '1.5.0-alpha-0',
     '1.5.0-alpha-1',
     '1.5.0-alpha-2',
     '1.5.0-alpha-3',
     '1.5.0-alpha-4',
     '2.0.0-alpha.6',
     '2.0.0-alpha.6.0',
     '2.0.0-alpha.7',
     '2.0.0-alpha-5',
     '2.0.0-beta.0',
     '2.0.0-beta.1',
     '2.0.0-beta.2',
     '2.0.0-beta.3',
     '2.0.0',
     '2.0.1',
     '2.0.2',
     '2.1.0',
     '2.1.1',
     '2.1.2',
     '2.1.3',
     '2.1.4',
     '2.1.5',
     '2.1.6',
     '2.1.7',
     '2.1.8',
     '2.1.9',
     '2.1.10',
     '2.1.11',
     '2.1.12',
     '2.1.13',
     '2.1.14',
     '2.1.15',
     '2.1.16',
     '2.1.17',
     '2.1.18',
     '2.2.0',
     '2.3.0',
     '2.4.0',
     '2.4.1',
     '2.5.0',
     '2.5.1',
     '2.6.0',
     '2.6.1',
     '2.7.0',
     '2.7.1',
     '2.7.2',
     '2.7.3',
     '2.7.4',
     '2.7.5',
     '2.7.6',
     '2.8.0',
     '2.8.1',
     '2.8.2',
     '2.8.3',
     '2.8.4',
     '2.9.0',
     '2.9.1',
     '2.10.0',
     '2.10.1',
     '2.11.0',
     '2.11.1',
     '2.11.2',
     '2.11.3',
     '2.12.0',
     '2.12.1',
     '2.13.0',
     '2.13.1',
     '2.13.2',
     '2.13.3',
     '2.13.4',
     '2.13.5',
     '2.14.0',
     '2.14.1',
     '2.14.2',
     '2.14.3',
     '2.14.4',
     '2.14.5',
     '2.14.6',
     '2.14.7',
     '2.14.8',
     '2.14.9',
     '2.14.10',
     '2.14.11',
     '2.14.12',
     '2.14.13',
     '2.14.14',
     '2.14.15',
     '2.14.16',
     '2.14.17',
     '2.14.18',
     '2.14.19',
     '2.14.20',
     '2.14.21',
     '2.14.22',
     '2.15.0',
     '2.15.1',
     '2.15.2',
     '2.15.3',
     '2.15.4',
     '2.15.5',
     '2.15.6',
     '2.15.7',
     '2.15.8',
     '2.15.9',
     '2.15.10',
     '2.15.11',
     '2.15.12',
     '3.0.0',
     '3.1.0',
     '3.1.1',
     '3.1.2',
     '3.1.3',
     '3.2.0',
     '3.2.1',
     '3.2.2',
     '3.3.0',
     '3.3.1',
     '3.3.2',
     '3.3.3',
     '3.3.4',
     '3.3.5',
     '3.3.6',
     '3.3.7',
     '3.3.8',
     '3.3.9',
     '3.3.10',
     '3.3.11',
     '3.3.12',
     '3.4.0',
     '3.4.1',
     '3.5.0',
     '3.5.1',
     '3.5.2',
     '3.5.3',
     '3.5.4',
     '3.6.0',
     '3.7.0',
     '3.7.1',
     '3.7.2',
     '3.7.3',
     '3.7.4',
     '3.7.5',
     '3.8.0',
     '3.8.1',
     '3.8.2',
     '3.8.3',
     '3.8.4',
     '3.8.5',
     '3.8.6',
     '3.8.7',
     '3.8.8',
     '3.8.9',
     '3.9.0',
     '3.9.1',
     '3.9.2',
     '3.9.3',
     '3.9.4',
     '3.9.5',
     '3.9.6',
     '3.10.0',
     '3.10.1',
     '3.10.2',
     '3.10.3',
     '3.10.4',
     '3.10.5',
     '3.10.6',
     '3.10.7',
     '3.10.8',
     '3.10.9',
     '3.10.10',
     '4.0.0',
     '4.0.1',
     '4.0.2',
     '4.0.3',
     '4.0.5',
     '4.1.0',
     '4.1.1',
     '4.1.2',
     '4.2.0',
     '4.3.0',
     '4.4.0',
     '4.4.1',
     '4.4.2',
     '4.4.3',
     '4.4.4',
     '4.5.0',
     '4.6.0',
     '4.6.1',
     '5.0.0',
     '5.0.1',
     '5.0.2',
     '5.0.3',
     '5.0.4',
     '5.1.0',
     '5.2.0',
     '5.3.0',
     '5.4.0',
     '5.4.1',
     '5.4.2',
     '5.5.0',
     '5.5.1',
     '5.6.0',
     '5.7.0',
     '5.7.1',
     '5.8.0-next.0',
     '5.8.0',
     '5.9.0-next.0',
     '5.10.0-next.0',
     '5.10.0-next.1',
     '5.10.0',
     '6.0.0-next.0',
     '6.0.0-next.1',
     '6.0.0-next.2',
     '6.0.0',
     '6.0.1-next.0',
     '6.0.1',
     '6.1.0-next.0',
     '6.1.0',
     '6.2.0-next.0',
     '6.2.0-next.1',
     '6.2.0',
     '6.3.0-next.0',
     '6.3.0',
     '6.4.0-next.0',
     '6.4.0',
     '6.4.1-next.0',
     '6.4.1',
     '6.5.0-next.0',
     '6.5.0',
     '6.6.0-next.0',
     '6.6.0-next.1',
     '6.6.0',
     '6.7.0',
     '6.8.0-next.0',
     '6.8.0-next.1',
     '6.8.0-next.2',
     '6.8.0',
     '6.9.0-next.0',
     '6.9.0',
     '6.9.1-next.0',
     '6.9.2',
     '6.10.0-next.0',
     '6.10.0',
     '6.10.1-next.0',
     '6.10.1-next.1',
     '6.10.1-next.2',
     '6.10.1',
     '6.10.2-next.0',
     '6.10.2-next.1',
     '6.10.2-next.2',
     '6.10.2-next.3',
     '6.10.2',
     '6.10.3',
     '6.11.0',
     '6.11.1',
     '6.11.2',
     '6.11.3',
     '6.12.0-next.0',
     '6.12.0',
     '6.12.1',
     '6.13.0',
     '6.13.1',
     '6.13.2',
     '6.13.3',
     '6.13.4',
     '6.13.5',
     '6.13.6',
     '6.13.7',
     '6.14.0',
     '6.14.1',
     '6.14.2',
     '6.14.3',
     '6.14.4',
     '6.14.5',
     '6.14.6',
     '6.14.7',
     '6.14.8',
     '6.14.9',
     '6.14.10',
     '6.14.11',
     '6.14.12',
     '6.14.13',
     '6.14.14',
     '6.14.15',
     '7.0.0-beta.0',
     '7.0.0-beta.1',
     '7.0.0-beta.2',
     '7.0.0-beta.3',
     '7.0.0-beta.4',
     '7.0.0-beta.5',
     '7.0.0-beta.6',
     '7.0.0-beta.7',
     '7.0.0-beta.8',
     '7.0.0-beta.9',
     '7.0.0-beta.10',
     '7.0.0-beta.11',
     '7.0.0-beta.12',
     '7.0.0-beta.13',
     '7.0.0-rc.0',
     '7.0.0-rc.1',
     '7.0.0-rc.2',
     '7.0.0-rc.3',
     '7.0.0-rc.4',
     '7.0.0',
     '7.0.1',
     '7.0.2',
     '7.0.3',
     '7.0.4',
     '7.0.5',
     '7.0.6',
     '7.0.7',
     '7.0.8',
     '7.0.9',
     '7.0.10',
     '7.0.11',
     '7.0.12',
     '7.0.13',
     '7.0.14',
     '7.0.15',
     '7.1.0',
     '7.1.1',
     '7.1.2',
     '7.2.0',
     '7.3.0',
     '7.4.0',
     '7.4.1',
     '7.4.2',
     '7.4.3',
     '7.5.0',
     '7.5.1',
     '7.5.2',
     '7.5.3',
     '7.5.4',
     '7.5.5',
     '7.5.6',
     '7.6.0',
     '7.6.1',
     '7.6.2',
     '7.6.3',
     '7.7.0',
     '7.7.1',
     '7.7.2',
     '7.7.3',
     '7.7.4',
     '7.7.5',
     '7.7.6',
     '7.8.0',
     '7.9.0',
     '7.10.0',
     '7.11.0',
     '7.11.1',
     '7.11.2',
     '7.12.0',
     '7.12.1',
     '7.13.0',
     '7.14.0',
     '7.15.0',
     '7.15.1',
     '7.16.0',
     '7.17.0',
     '7.18.0',
     '7.18.1',
     '7.19.0',
     '7.19.1',
     '7.20.0',
     '7.20.1',
     '7.20.2',
     '7.20.3',
     '7.20.4',
     '7.20.5',
     '7.20.6',
     '7.21.0',
     '7.21.1',
     '7.22.0',
     '7.23.0',
     '7.24.0',
     '7.24.1',
     '7.24.2',
     '8.0.0',
     '8.1.0',
     '8.1.1',
     '8.1.2',
     '8.1.3',
     '8.1.4',
     '8.2.0',
     '8.3.0' ],
  maintainers: 
   [ 'fritzy <fritzy@github.com>',
     'darcyclarke <darcy@darcyclarke.me>',
     'ruyadorno <ruyadorno@hotmail.com>',
     'nlf <quitlahok@gmail.com>',
     'gar <gar+npm@danger.computer>',
     'lukekarrys <luke@lukekarrys.com>' ],
  time: 
   { modified: '2021-12-09T21:16:37.110Z',
     created: '2013-07-12T18:32:48.902Z',
     '1.1.25': '2013-07-12T18:32:49.875Z',
     '1.2.32': '2013-07-12T18:34:24.397Z',
     '1.3.2': '2013-07-12T18:35:34.340Z',
     '1.3.4': '2013-07-12T19:40:20.747Z',
     '1.2.20': '2013-07-12T21:45:36.731Z',
     '1.2.21': '2013-07-12T21:45:57.026Z',
     '1.2.22': '2013-07-12T21:46:15.430Z',
     '1.2.23': '2013-07-12T21:46:34.457Z',
     '1.2.24': '2013-07-12T21:46:56.021Z',
     '1.2.25': '2013-07-12T21:47:15.683Z',
     '1.2.27': '2013-07-12T21:47:34.745Z',
     '1.2.28': '2013-07-12T21:47:55.600Z',
     '1.2.30': '2013-07-12T21:48:13.552Z',
     '1.2.31': '2013-07-12T21:48:30.981Z',
     '1.3.0': '2013-07-12T21:49:01.223Z',
     '1.3.1': '2013-07-12T21:49:12.944Z',
     '1.2.19': '2013-07-14T19:04:33.120Z',
     '1.1.70': '2013-07-24T01:11:15.450Z',
     '1.1.71': '2013-07-24T01:11:56.444Z',
     '1.3.5': '2013-07-24T20:22:31.600Z',
     '1.3.6': '2013-07-27T14:50:56.969Z',
     '1.3.7': '2013-08-05T19:05:04.405Z',
     '1.3.8': '2013-08-16T15:15:15.045Z',
     '1.3.9': '2013-08-23T21:13:33.846Z',
     '1.3.10': '2013-09-05T05:35:22.334Z',
     '1.3.11': '2013-09-07T19:30:10.658Z',
     '1.3.12': '2013-10-24T07:26:34.698Z',
     '1.3.13': '2013-10-28T21:09:44.395Z',
     '1.3.14': '2013-11-08T21:39:35.991Z',
     '1.3.15': '2013-11-20T19:06:03.549Z',
     '1.3.16': '2013-12-11T17:35:01.476Z',
     '1.3.17': '2013-12-11T18:19:33.823Z',
     '1.3.18': '2013-12-16T23:50:03.710Z',
     '1.3.19': '2013-12-17T07:07:01.967Z',
     '1.3.20': '2013-12-17T16:57:43.125Z',
     '1.3.21': '2013-12-17T22:27:32.416Z',
     '1.3.22': '2013-12-26T03:14:05.764Z',
     '1.3.23': '2014-01-03T18:27:40.701Z',
     '1.3.24': '2014-01-20T05:12:28.467Z',
     '1.3.25': '2014-01-23T21:03:35.162Z',
     '1.3.26': '2014-02-03T04:22:50.866Z',
     '1.4.0': '2014-02-13T02:11:24.918Z',
     '1.4.1': '2014-02-14T00:16:10.689Z',
     '1.4.2': '2014-02-14T00:32:01.406Z',
     '1.4.3': '2014-02-17T04:38:36.230Z',
     '1.4.4': '2014-02-20T16:05:23.621Z',
     '1.4.5': '2014-03-19T00:23:13.413Z',
     '1.4.6': '2014-03-19T16:19:37.630Z',
     '1.4.7': '2014-04-15T22:27:32.318Z',
     '1.4.8': '2014-05-01T17:54:08.191Z',
     '1.4.9': '2014-05-01T23:25:29.474Z',
     '1.4.10': '2014-05-06T01:17:55.797Z',
     '1.4.11': '2014-05-23T01:06:59.413Z',
     '1.4.12': '2014-05-23T16:54:37.212Z',
     '1.4.13': '2014-05-23T23:02:01.731Z',
     '1.4.14': '2014-06-05T21:51:09.659Z',
     '1.4.15': '2014-06-11T01:32:49.289Z',
     '1.4.16': '2014-06-17T18:25:15.529Z',
     '1.2.8000': '2014-06-17T18:28:24.978Z',
     '1.4.17': '2014-06-27T22:29:40.001Z',
     '1.4.18': '2014-06-29T21:44:23.635Z',
     '1.4.19': '2014-07-01T18:14:36.548Z',
     '1.5.0-alpha-0': '2014-07-02T02:16:57.636Z',
     '1.5.0-alpha-1': '2014-07-02T06:16:52.091Z',
     '1.4.20': '2014-07-02T17:34:29.401Z',
     '1.5.0-alpha-2': '2014-07-14T23:43:24.591Z',
     '1.4.21': '2014-07-15T00:29:06.180Z',
     '1.5.0-alpha-3': '2014-07-17T08:10:32.139Z',
     '1.5.0-alpha-4': '2014-07-19T06:14:57.112Z',
     '2.0.0-alpha-5': '2014-07-23T01:46:13.301Z',
     '1.4.22': '2014-07-31T17:24:38.807Z',
     '1.4.23': '2014-07-31T23:53:44.161Z',
     '2.0.0-alpha.6.0': '2014-08-08T01:10:56.616Z',
     '1.4.24': '2014-08-15T02:17:47.543Z',
     '2.0.0-alpha.6': '2014-08-15T02:28:05.506Z',
     '2.0.0-alpha.7': '2014-08-15T03:02:32.679Z',
     '2.0.0-beta.0': '2014-08-22T00:41:12.591Z',
     '1.4.25': '2014-08-22T01:13:14.922Z',
     '2.0.0-beta.1': '2014-08-29T06:05:37.235Z',
     '1.4.26': '2014-08-29T07:25:20.593Z',
     '2.0.0-beta.2': '2014-08-30T01:55:56.184Z',
     '1.4.27': '2014-09-05T07:54:50.178Z',
     '2.0.0-beta.3': '2014-09-05T08:01:12.289Z',
     '1.4.28': '2014-09-13T08:21:05.796Z',
     '2.0.0': '2014-09-13T09:14:19.690Z',
     '2.0.1': '2014-09-19T07:05:51.008Z',
     '2.0.2': '2014-09-20T00:04:02.710Z',
     '2.1.0': '2014-09-26T09:23:30.614Z',
     '2.1.1': '2014-09-27T00:32:58.625Z',
     '2.1.2': '2014-09-30T03:06:53.752Z',
     '2.1.3': '2014-10-03T01:13:34.137Z',
     '2.1.4': '2014-10-10T06:25:44.459Z',
     '2.1.5': '2014-10-17T06:47:00.655Z',
     '2.1.6': '2014-10-24T08:30:52.721Z',
     '2.1.7': '2014-10-31T09:36:40.948Z',
     '2.1.8': '2014-11-07T01:20:37.748Z',
     '2.1.9': '2014-11-14T05:44:53.549Z',
     '2.1.10': '2014-11-21T07:43:08.288Z',
     '2.1.11': '2014-11-28T02:25:45.754Z',
     '2.1.12': '2014-12-05T07:43:59.274Z',
     '2.1.13': '2014-12-12T09:42:00.514Z',
     '2.1.14': '2014-12-13T22:12:26.074Z',
     '2.1.15': '2014-12-19T13:38:56.916Z',
     '2.1.16': '2014-12-22T16:20:59.462Z',
     '2.1.17': '2014-12-25T11:31:47.389Z',
     '2.1.18': '2015-01-02T06:50:55.231Z',
     '2.2.0': '2015-01-09T04:25:54.747Z',
     '2.3.0': '2015-01-16T07:05:16.671Z',
     '2.4.0': '2015-01-23T14:39:43.571Z',
     '2.4.1': '2015-01-24T02:26:10.356Z',
     '2.5.0': '2015-01-30T10:59:42.855Z',
     '2.5.1': '2015-02-06T09:05:42.044Z',
     '2.6.0': '2015-02-13T13:13:10.834Z',
     '2.6.1': '2015-02-20T16:54:15.492Z',
     '2.7.0': '2015-02-27T13:13:59.693Z',
     '2.7.1': '2015-03-06T08:43:29.795Z',
     '2.7.2': '2015-03-13T08:58:45.161Z',
     '2.7.3': '2015-03-17T01:05:41.967Z',
     '2.7.4': '2015-03-20T08:05:03.175Z',
     '2.7.5': '2015-03-27T10:29:15.784Z',
     '2.7.6': '2015-04-03T08:21:42.258Z',
     '2.8.0': '2015-04-10T12:32:07.908Z',
     '2.8.1': '2015-04-13T02:36:07.415Z',
     '2.8.2': '2015-04-15T00:20:15.152Z',
     '2.8.3': '2015-04-16T02:04:56.634Z',
     '2.8.4': '2015-04-17T07:55:06.350Z',
     '2.9.0': '2015-04-24T05:31:17.524Z',
     '2.9.1': '2015-05-01T04:05:26.841Z',
     '2.10.0': '2015-05-08T11:49:49.732Z',
     '2.10.1': '2015-05-15T05:02:11.369Z',
     '2.11.0': '2015-05-22T06:09:54.035Z',
     '2.11.1': '2015-05-28T21:36:47.566Z',
     '2.11.2': '2015-06-05T00:54:40.257Z',
     '2.11.3': '2015-06-12T03:56:11.016Z',
     '2.12.0': '2015-06-19T09:27:39.437Z',
     '3.0.0': '2015-06-26T01:33:33.072Z',
     '2.12.1': '2015-06-26T03:20:24.331Z',
     '2.13.0': '2015-07-03T00:30:50.811Z',
     '3.1.0': '2015-07-03T04:28:17.041Z',
     '2.13.1': '2015-07-10T02:49:27.595Z',
     '3.1.1': '2015-07-10T09:31:30.493Z',
     '3.1.2': '2015-07-13T20:55:19.892Z',
     '2.13.2': '2015-07-17T00:52:12.349Z',
     '3.1.3': '2015-07-18T05:34:46.595Z',
     '2.13.3': '2015-07-24T05:41:10.652Z',
     '3.2.0': '2015-07-25T03:22:57.233Z',
     '2.13.4': '2015-07-31T06:26:47.916Z',
     '3.2.1': '2015-08-01T03:41:44.301Z',
     '2.13.5': '2015-08-07T08:21:13.604Z',
     '3.2.2': '2015-08-08T06:20:58.085Z',
     '2.14.0': '2015-08-14T07:30:57.944Z',
     '3.3.0': '2015-08-14T20:05:02.409Z',
     '2.14.1': '2015-08-21T00:31:28.967Z',
     '2.14.2': '2015-08-28T00:02:41.384Z',
     '3.3.1': '2015-08-28T00:36:31.869Z',
     '2.14.3': '2015-09-03T22:21:47.054Z',
     '3.3.2': '2015-09-03T23:53:14.910Z',
     '2.14.4': '2015-09-11T00:42:19.695Z',
     '3.3.3': '2015-09-11T00:59:09.281Z',
     '2.14.5': '2015-09-17T22:43:47.056Z',
     '3.3.4': '2015-09-17T23:13:12.015Z',
     '2.14.6': '2015-09-24T22:29:26.861Z',
     '3.3.5': '2015-09-24T23:53:31.710Z',
     '3.3.6': '2015-10-01T18:41:46.972Z',
     '2.14.7': '2015-10-02T18:11:05.116Z',
     '2.14.8': '2015-10-08T22:18:08.476Z',
     '3.3.7': '2015-10-09T00:31:15.750Z',
     '3.3.8': '2015-10-12T17:51:57.362Z',
     '3.3.9': '2015-10-16T00:21:16.365Z',
     '3.3.10': '2015-10-22T23:42:58.176Z',
     '2.14.9': '2015-10-30T01:15:00.578Z',
     '3.3.11': '2015-10-30T01:28:29.078Z',
     '1.4.29': '2015-10-30T01:52:42.582Z',
     '3.3.12': '2015-11-02T19:41:48.370Z',
     '2.14.10': '2015-11-06T01:34:24.732Z',
     '3.4.0': '2015-11-06T01:40:45.847Z',
     '3.4.1': '2015-11-13T00:56:10.310Z',
     '2.14.11': '2015-11-13T01:27:14.542Z',
     '2.14.12': '2015-11-20T00:07:45.029Z',
     '3.5.0': '2015-11-20T03:29:48.500Z',
     '3.5.1': '2015-11-25T23:00:35.506Z',
     '2.14.13': '2015-11-25T23:33:04.763Z',
     '2.14.14': '2015-12-04T02:01:34.159Z',
     '3.5.2': '2015-12-04T02:49:44.919Z',
     '2.14.15': '2015-12-11T06:48:03.655Z',
     '3.5.3': '2015-12-11T08:01:22.888Z',
     '3.5.4': '2016-01-08T00:21:55.126Z',
     '3.6.0': '2016-01-22T00:46:14.953Z',
     '2.14.16': '2016-01-22T01:46:50.432Z',
     '2.14.17': '2016-01-29T01:18:37.925Z',
     '3.7.0': '2016-01-29T01:51:47.511Z',
     '3.7.1': '2016-02-01T23:33:52.051Z',
     '3.7.2': '2016-02-05T00:17:36.542Z',
     '2.14.18': '2016-02-05T01:08:08.597Z',
     '3.7.3': '2016-02-11T23:31:24.430Z',
     '2.14.19': '2016-02-11T23:44:49.689Z',
     '2.14.20': '2016-02-19T00:02:54.236Z',
     '3.7.4': '2016-02-19T04:06:50.516Z',
     '3.7.5': '2016-02-23T00:58:57.891Z',
     '2.14.21': '2016-02-26T00:06:24.543Z',
     '3.8.0': '2016-02-26T01:46:36.088Z',
     '2.14.22': '2016-03-04T00:24:31.693Z',
     '3.8.1': '2016-03-04T01:44:39.368Z',
     '3.8.2': '2016-03-11T00:57:25.910Z',
     '2.15.0': '2016-03-11T01:23:21.960Z',
     '2.15.1': '2016-03-18T00:22:42.385Z',
     '3.8.3': '2016-03-18T00:52:32.331Z',
     '2.15.2': '2016-03-24T22:49:53.043Z',
     '3.8.4': '2016-03-24T23:56:15.278Z',
     '3.8.5': '2016-03-25T00:17:58.197Z',
     '3.8.6': '2016-04-01T01:50:59.579Z',
     '2.15.3': '2016-04-01T02:15:21.050Z',
     '3.8.7': '2016-04-07T23:59:54.360Z',
     '2.15.4': '2016-04-21T23:16:08.008Z',
     '3.8.8': '2016-04-22T01:23:46.852Z',
     '3.8.9': '2016-04-29T00:56:37.622Z',
     '2.15.5': '2016-05-06T01:50:04.342Z',
     '3.9.0': '2016-05-06T02:04:17.408Z',
     '3.9.1': '2016-05-13T03:16:00.612Z',
     '2.15.6': '2016-05-13T04:01:21.942Z',
     '3.9.2': '2016-05-18T00:56:51.239Z',
     '3.9.3': '2016-05-19T22:01:07.549Z',
     '3.9.4': '2016-05-26T23:07:01.750Z',
     '3.9.5': '2016-05-28T01:54:10.692Z',
     '3.9.6': '2016-06-02T23:58:57.585Z',
     '3.10.0': '2016-06-17T02:33:56.052Z',
     '2.15.7': '2016-06-17T03:10:49.475Z',
     '3.10.1': '2016-06-18T03:10:26.795Z',
     '2.15.8': '2016-06-18T03:23:03.142Z',
     '3.10.2': '2016-06-21T00:19:47.556Z',
     '3.10.3': '2016-06-24T01:02:38.320Z',
     '3.10.4': '2016-06-30T23:05:46.805Z',
     '2.15.9': '2016-06-30T23:45:57.899Z',
     '3.10.5': '2016-07-06T00:49:46.540Z',
     '3.10.6': '2016-07-08T00:26:54.956Z',
     '3.10.7': '2016-08-12T00:58:01.058Z',
     '2.15.10': '2016-08-12T01:08:38.112Z',
     '3.10.8': '2016-09-09T01:25:37.207Z',
     '2.15.11': '2016-09-09T02:52:01.502Z',
     '3.10.9': '2016-10-07T04:38:58.637Z',
     '4.0.0': '2016-10-21T01:49:34.603Z',
     '4.0.1': '2016-10-25T01:13:34.933Z',
     '4.0.2': '2016-11-04T02:38:17.538Z',
     '3.10.10': '2016-11-05T01:18:12.908Z',
     '4.0.3': '2016-11-17T23:28:08.277Z',
     '4.0.5': '2016-12-02T01:30:13.343Z',
     '4.1.0': '2016-12-16T02:06:47.857Z',
     '4.1.1': '2016-12-16T19:16:39.329Z',
     '4.1.2': '2017-01-12T23:50:45.231Z',
     '4.2.0': '2017-01-26T12:51:01.230Z',
     '4.3.0': '2017-02-09T23:53:42.411Z',
     '4.4.0': '2017-02-24T03:56:00.027Z',
     '4.4.1': '2017-03-06T19:18:32.701Z',
     '4.4.2': '2017-03-10T01:09:19.254Z',
     '4.4.3': '2017-03-16T01:20:16.501Z',
     '4.4.4': '2017-03-16T23:58:25.697Z',
     '4.5.0': '2017-03-24T23:41:03.141Z',
     '2.15.12': '2017-03-27T20:07:28.657Z',
     '4.6.0': '2017-04-22T01:14:41.527Z',
     '4.6.1': '2017-04-22T02:22:52.453Z',
     '5.0.0': '2017-05-26T03:27:31.466Z',
     '5.0.1': '2017-06-01T02:19:07.861Z',
     '5.0.2': '2017-06-02T23:46:45.997Z',
     '5.0.3': '2017-06-05T23:09:41.755Z',
     '5.0.4': '2017-06-26T18:55:02.616Z',
     '5.1.0': '2017-07-06T01:57:57.470Z',
     '5.2.0': '2017-07-11T00:48:11.408Z',
     '5.3.0': '2017-07-14T05:12:15.212Z',
     '5.4.0': '2017-08-23T01:00:23.274Z',
     '5.4.1': '2017-09-06T22:46:36.708Z',
     '5.4.2': '2017-09-15T00:49:48.269Z',
     '5.5.0': '2017-10-04T09:34:11.789Z',
     '5.5.1': '2017-10-04T16:49:45.575Z',
     '5.6.0': '2017-11-28T03:40:20.340Z',
     '5.7.0': '2018-02-21T21:38:45.525Z',
     '5.7.1': '2018-02-22T17:28:49.262Z',
     '5.8.0-next.0': '2018-03-13T00:28:42.962Z',
     '5.8.0': '2018-03-23T10:07:28.216Z',
     '6.0.0-next.0': '2018-03-23T23:09:21.966Z',
     '5.9.0-next.0': '2018-03-23T23:20:44.755Z',
     '5.10.0-next.0': '2018-04-13T21:17:20.854Z',
     '6.0.0-next.1': '2018-04-13T21:30:09.776Z',
     '6.0.0-next.2': '2018-04-21T04:16:54.289Z',
     '6.0.0': '2018-04-24T05:48:50.252Z',
     '6.0.1-next.0': '2018-05-04T20:58:43.249Z',
     '5.10.0-next.1': '2018-05-07T23:30:56.995Z',
     '6.0.1': '2018-05-10T04:08:32.136Z',
     '5.10.0': '2018-05-11T21:26:35.273Z',
     '6.1.0-next.0': '2018-05-17T22:11:32.390Z',
     '6.1.0': '2018-05-24T05:28:35.424Z',
     '6.2.0-next.0': '2018-06-29T19:57:48.758Z',
     '6.2.0-next.1': '2018-07-05T18:48:15.461Z',
     '6.2.0': '2018-07-14T05:06:34.950Z',
     '6.3.0-next.0': '2018-07-25T21:19:22.585Z',
     '6.3.0': '2018-08-02T01:46:14.985Z',
     '6.4.0-next.0': '2018-08-09T04:11:48.712Z',
     '6.4.0': '2018-08-15T17:40:41.134Z',
     '6.4.1-next.0': '2018-08-23T01:27:57.423Z',
     '6.4.1': '2018-08-29T18:21:50.943Z',
     '6.5.0-next.0': '2018-11-28T22:29:31.707Z',
     '6.5.0': '2018-12-10T22:27:40.280Z',
     '6.6.0-next.0': '2018-12-12T21:59:17.829Z',
     '6.6.0-next.1': '2019-01-10T19:53:23.843Z',
     '6.6.0': '2019-01-17T22:55:24.782Z',
     '6.7.0': '2019-01-23T22:12:35.736Z',
     '6.8.0-next.0': '2019-01-31T20:04:22.825Z',
     '6.8.0-next.1': '2019-02-06T22:41:17.102Z',
     '6.8.0-next.2': '2019-02-07T19:38:29.255Z',
     '6.8.0': '2019-02-13T23:19:36.131Z',
     '6.9.0-next.0': '2019-02-21T00:00:05.349Z',
     '6.9.0': '2019-03-06T18:59:29.983Z',
     '6.9.1-next.0': '2019-03-20T20:58:52.423Z',
     '6.9.1': '2019-06-26T21:23:50.506Z',
     '6.9.2': '2019-06-27T20:05:43.497Z',
     '6.10.0-next.0': '2019-07-01T18:12:09.020Z',
     '6.10.0': '2019-07-03T16:58:02.239Z',
     '6.10.1-next.0': '2019-07-03T17:45:10.861Z',
     '6.10.1-next.1': '2019-07-03T21:44:23.253Z',
     '6.10.1-next.2': '2019-07-10T22:29:32.222Z',
     '6.10.1': '2019-07-11T17:41:02.019Z',
     '6.10.2-next.0': '2019-07-16T23:51:06.097Z',
     '6.10.2-next.1': '2019-07-17T16:36:59.802Z',
     '6.10.2-next.2': '2019-07-21T22:00:45.980Z',
     '6.10.2-next.3': '2019-07-22T23:29:42.968Z',
     '6.10.2': '2019-07-23T16:28:52.133Z',
     '6.10.3': '2019-08-06T16:21:09.842Z',
     '6.11.0': '2019-08-20T18:07:15.551Z',
     '6.11.1': '2019-08-21T00:17:49.353Z',
     '6.11.2': '2019-08-22T19:01:59.997Z',
     '6.11.3': '2019-09-03T22:18:17.437Z',
     '6.12.0-next.0': '2019-09-26T19:06:49.240Z',
     '6.12.0': '2019-10-08T15:43:19.203Z',
     '6.12.1': '2019-10-29T16:48:18.996Z',
     '6.13.0': '2019-11-05T19:47:01.861Z',
     '6.13.1': '2019-11-18T18:46:03.191Z',
     '6.13.2': '2019-12-03T17:55:02.496Z',
     '6.13.3': '2019-12-10T01:31:48.982Z',
     '6.13.4': '2019-12-11T19:05:32.138Z',
     '6.13.5': '2020-01-09T21:14:39.066Z',
     '6.13.6': '2020-01-09T23:00:44.564Z',
     '6.13.7': '2020-01-28T19:09:13.959Z',
     '6.14.0': '2020-02-25T19:07:55.704Z',
     '6.14.1': '2020-02-27T00:40:33.004Z',
     '6.14.2': '2020-03-03T18:36:00.033Z',
     '6.14.3': '2020-03-19T15:11:11.716Z',
     '6.14.4': '2020-03-25T15:46:19.768Z',
     '6.14.5': '2020-05-04T16:46:36.099Z',
     '6.14.6': '2020-07-07T17:14:56.096Z',
     '6.14.7': '2020-07-21T20:19:03.635Z',
     '7.0.0-beta.0': '2020-08-04T20:09:42.329Z',
     '7.0.0-beta.1': '2020-08-05T19:26:50.470Z',
     '7.0.0-beta.2': '2020-08-07T18:38:42.507Z',
     '7.0.0-beta.3': '2020-08-10T21:50:15.835Z',
     '7.0.0-beta.4': '2020-08-11T16:06:46.863Z',
     '6.14.8': '2020-08-17T20:50:22.123Z',
     '7.0.0-beta.5': '2020-08-18T19:08:38.015Z',
     '7.0.0-beta.6': '2020-08-21T18:48:41.359Z',
     '7.0.0-beta.7': '2020-08-25T18:53:02.220Z',
     '7.0.0-beta.8': '2020-09-01T19:25:50.907Z',
     '7.0.0-beta.9': '2020-09-04T19:18:46.298Z',
     '7.0.0-beta.10': '2020-09-08T17:32:26.416Z',
     '7.0.0-beta.11': '2020-09-16T16:01:06.918Z',
     '7.0.0-beta.12': '2020-09-22T19:03:03.056Z',
     '7.0.0-beta.13': '2020-09-29T18:59:49.399Z',
     '7.0.0-rc.0': '2020-10-01T14:45:59.011Z',
     '7.0.0-rc.1': '2020-10-02T21:23:42.563Z',
     '7.0.0-rc.2': '2020-10-02T23:59:18.695Z',
     '7.0.0-rc.3': '2020-10-06T18:58:16.772Z',
     '7.0.0-rc.4': '2020-10-09T18:51:01.524Z',
     '7.0.0': '2020-10-13T04:57:02.526Z',
     '7.0.1': '2020-10-15T23:29:08.047Z',
     '7.0.2': '2020-10-16T20:52:55.621Z',
     '7.0.3': '2020-10-20T18:45:54.484Z',
     '7.0.4': '2020-10-23T18:47:45.338Z',
     '7.0.5': '2020-10-23T19:09:07.916Z',
     '7.0.6': '2020-10-27T18:59:46.672Z',
     '7.0.7': '2020-10-30T18:47:24.146Z',
     '7.0.8': '2020-11-03T23:12:58.109Z',
     '7.0.9': '2020-11-06T20:00:47.328Z',
     '7.0.10': '2020-11-10T19:40:13.071Z',
     '7.0.11': '2020-11-13T19:38:25.363Z',
     '7.0.12': '2020-11-17T20:18:56.613Z',
     '7.0.13': '2020-11-20T20:11:40.101Z',
     '6.14.9': '2020-11-20T20:49:20.727Z',
     '7.0.14': '2020-11-23T20:45:40.727Z',
     '7.0.15': '2020-11-27T17:03:45.163Z',
     '7.1.0': '2020-12-04T19:57:20.013Z',
     '7.1.1': '2020-12-09T00:56:46.095Z',
     '7.1.2': '2020-12-11T20:50:47.165Z',
     '7.2.0': '2020-12-15T19:47:50.968Z',
     '6.14.10': '2020-12-18T19:37:16.866Z',
     '7.3.0': '2020-12-18T20:34:15.898Z',
     '7.4.0': '2021-01-07T20:56:12.210Z',
     '6.14.11': '2021-01-08T02:20:40.572Z',
     '7.4.1': '2021-01-14T22:10:37.424Z',
     '7.4.2': '2021-01-15T20:57:46.642Z',
     '7.4.3': '2021-01-21T17:09:28.951Z',
     '7.5.0': '2021-01-28T21:44:27.024Z',
     '7.5.1': '2021-02-01T20:55:53.838Z',
     '7.5.2': '2021-02-02T17:39:00.234Z',
     '7.5.3': '2021-02-08T20:53:25.989Z',
     '7.5.4': '2021-02-12T18:13:53.144Z',
     '7.5.5': '2021-02-22T17:51:43.774Z',
     '7.5.6': '2021-02-22T20:58:01.988Z',
     '7.6.0': '2021-02-25T18:35:19.654Z',
     '7.6.1': '2021-03-04T22:12:17.950Z',
     '7.6.2': '2021-03-09T19:29:42.943Z',
     '7.6.3': '2021-03-11T21:22:22.931Z',
     '7.7.0': '2021-03-23T16:54:53.104Z',
     '7.7.1': '2021-03-24T15:02:13.870Z',
     '7.7.2': '2021-03-24T17:16:25.339Z',
     '7.7.3': '2021-03-24T18:15:48.819Z',
     '7.7.4': '2021-03-24T21:19:54.199Z',
     '6.14.12': '2021-03-25T21:19:43.193Z',
     '7.7.5': '2021-03-25T22:05:45.452Z',
     '7.7.6': '2021-03-29T19:23:16.744Z',
     '7.8.0': '2021-04-01T20:05:04.901Z',
     '7.9.0': '2021-04-08T17:44:13.022Z',
     '6.14.13': '2021-04-12T15:16:52.307Z',
     '7.10.0': '2021-04-15T17:59:05.191Z',
     '7.11.0': '2021-04-23T04:41:34.949Z',
     '7.11.1': '2021-04-23T22:46:04.384Z',
     '7.11.2': '2021-04-29T19:51:06.956Z',
     '7.12.0': '2021-05-06T19:53:13.837Z',
     '7.12.1': '2021-05-10T21:26:28.625Z',
     '7.13.0': '2021-05-13T20:06:12.817Z',
     '7.14.0': '2021-05-20T19:28:42.194Z',
     '7.15.0': '2021-05-27T20:25:19.986Z',
     '7.15.1': '2021-05-31T22:41:37.622Z',
     '7.16.0': '2021-06-03T19:46:13.936Z',
     '7.17.0': '2021-06-10T20:39:34.101Z',
     '7.18.0': '2021-06-17T18:12:25.831Z',
     '7.18.1': '2021-06-17T18:54:09.789Z',
     '7.19.0': '2021-06-24T21:31:25.267Z',
     '7.19.1': '2021-07-01T17:26:00.773Z',
     '7.20.0': '2021-07-15T19:47:18.703Z',
     '7.20.1': '2021-07-22T20:27:33.376Z',
     '7.20.2': '2021-07-27T16:25:29.242Z',
     '6.14.14': '2021-07-27T19:19:09.526Z',
     '7.20.3': '2021-07-29T16:04:41.028Z',
     '7.20.4': '2021-08-05T19:17:01.236Z',
     '7.20.5': '2021-08-05T20:41:14.272Z',
     '7.20.6': '2021-08-12T19:47:29.638Z',
     '7.21.0': '2021-08-19T17:26:57.025Z',
     '6.14.15': '2021-08-24T02:53:44.075Z',
     '7.21.1': '2021-08-26T20:19:46.769Z',
     '7.22.0': '2021-09-02T20:00:09.950Z',
     '7.23.0': '2021-09-09T19:53:02.528Z',
     '7.24.0': '2021-09-16T21:52:18.621Z',
     '7.24.1': '2021-09-23T20:36:34.671Z',
     '7.24.2': '2021-10-04T17:16:33.168Z',
     '8.0.0': '2021-10-07T20:11:10.601Z',
     '8.1.0': '2021-10-14T22:10:55.129Z',
     '8.1.1': '2021-10-21T19:29:20.402Z',
     '8.1.2': '2021-10-28T19:53:02.735Z',
     '8.1.3': '2021-11-04T20:35:30.792Z',
     '8.1.4': '2021-11-18T20:46:44.612Z',
     '8.2.0': '2021-12-02T21:55:28.383Z',
     '8.3.0': '2021-12-09T21:15:00.780Z' },
  author: 'Isaac Z. Schlueter <i@izs.me> (http://blog.izs.me)',
  repository: { type: 'git', url: 'git+https://github.com/npm/cli.git' },
  users: 
   { adamrenny: true,
     substack: true,
     phuu: true,
     dominictarr: true,
     nathan7: true,
     matteofigus: true,
     conradz: true,
     jarofghosts: true,
     mhaidarh: true,
     cedx: true,
     pragmadash: true,
     t3chnoboy: true,
     nickleefly: true,
     demands: true,
     robertkowalski: true,
     'timur.shemsedinov': true,
     jorgemsrs: true,
     fengmk2: true,
     priyaranjan: true,
     leodutra: true,
     rockbot: true,
     steindaniel: true,
     peruggia: true,
     doriel: true,
     iwill: true,
     'npm-test-401': true,
     meshblorg: true,
     mananvaghasiya: true,
     paed01: true,
     mauvm: true,
     nak2k: true,
     jameskyburz: true,
     sposmen: true,
     jheady: true,
     notatestuser: true,
     octoo: true,
     michaelnisi: true,
     bkimminich: true,
     jits: true,
     stryju: true,
     obliquity: true,
     mikend: true,
     vsn4ik: true,
     sergiodxa: true,
     dimitriwalters: true,
     ricokareem: true,
     indutny: true,
     estliberitas: true,
     zhangyaochun: true,
     ryanj: true,
     gavinning: true,
     kodamatic: true,
     micjamking: true,
     akiva: true,
     stephenhowells: true,
     chesleybrown: true,
     kurokki: true,
     f124275809: true,
     aitorllj93: true,
     sirreal: true,
     agtlucas: true,
     willhoag: true,
     sametsisartenep: true,
     nitayneeman: true,
     kenlimmj: true,
     awayken: true,
     haeck: true,
     pnevares: true,
     wenbing: true,
     'dmitriy.savchuk': true,
     msylvia: true,
     wheredevel: true,
     shakakira: true,
     j3kz: true,
     mykhael: true,
     jerzerak: true,
     linclark: true,
     thunsaker: true,
     klarence1: true,
     imanu: true,
     mubaidr: true,
     vchouhan: true,
     wfsm: true,
     rebugger: true,
     noddycha: true,
     evo2mind: true,
     goodseller: true,
     jostw: true,
     jaa: true,
     joaocunha: true,
     tchcxp: true,
     dmitrymatveev: true,
     gluten: true,
     watilde: true,
     cannobbio: true,
     dpkg: true,
     shinyweb: true,
     adambyrne: true,
     markthethomas: true,
     dnedev: true,
     koulmomo: true,
     keeyanajones: true,
     'matteo.collina': true,
     yanndinendal: true,
     monsterkodi: true,
     neethu: true,
     josuehenry14: true,
     lijiemoop: true,
     vishnuvathsan: true,
     lestoni: true,
     kilpiban: true,
     lupideo: true,
     yjsosa: true,
     viztor: true,
     seldo: true,
     malkaves: true,
     dac2205: true,
     season19840122: true,
     itonyyo: true,
     deftbit: true,
     dolymood: true,
     leidottw: true,
     fvcproductions: true,
     tailot: true,
     ixley: true,
     acterce: true,
     solahartinfo: true,
     'francesco-nextology': true,
     swak: true,
     zckrs: true,
     velmurugan: true,
     gokaygurcan: true,
     thepanuto: true,
     abdullahceylan: true,
     raczo: true,
     nex: true,
     phyllipe: true,
     sublime718: true,
     glider: true,
     'django.janny': true,
     abrahamwilliams: true,
     ehsalazar: true,
     smallhelm: true,
     'service-solahart': true,
     andre18: true,
     lmhs: true,
     lukasjuhas: true,
     theuves: true,
     petapeta: true,
     mezeitamas: true,
     tamer1an: true,
     gabrielscindian: true,
     cliffng: true,
     'visual.io': true,
     wkaifang: true,
     taopaic: true,
     robertpop: true,
     a7madev: true,
     'temoto-kun': true,
     octetstream: true,
     fmoliveira: true,
     daviddraughn: true,
     zumanex: true,
     jkliou: true,
     grantgeorge: true,
     jeffb_incontact: true,
     markbroadhead: true,
     nelson6e65: true,
     tim545: true,
     maskedcoder: true,
     kentcdodds: true,
     pdsullivan: true,
     evertonrobertoauler: true,
     soluzionisubito: true,
     hughker: true,
     jessaustin: true,
     seerdomin: true,
     ecomuere: true,
     josmardias: true,
     kontrax: true,
     alagodich: true,
     nickeltobias: true,
     matthewbauer: true,
     trquoccuong: true,
     daniilbabanin: true,
     kurre: true,
     'micael-gabenna': true,
     edwin_estrada: true,
     animezforthewinz: true,
     bsonntag: true,
     nimbosa: true,
     jackvial: true,
     edision: true,
     naokie: true,
     gdaleson: true,
     zava: true,
     kparkov: true,
     thegman: true,
     polarisjunior: true,
     helsner: true,
     xgqfrms: true,
     meligatt: true,
     eserozvataf: true,
     gtskk: true,
     alectic: true,
     xeoneux: true,
     panoptican: true,
     s4g6: true,
     lekkas: true,
     'jma-cfl': true,
     mebmc: true,
     davidazullo: true,
     nukisman: true,
     snowdream: true,
     usedf295: true,
     rwhogg: true,
     awddwaadzz: true,
     unitetheclans: true,
     t9anef: true,
     cascadejs: true,
     gustavomeloweb: true,
     dubweis3r: true,
     jyounce: true,
     leonardorb: true,
     jiku: true,
     stopfstedt: true,
     eedeed: true,
     jalcine: true,
     devwurm: true,
     martl: true,
     lcdss: true,
     egantz: true,
     itskdk: true,
     kruemelo: true,
     mrmalec: true,
     amartelr: true,
     h4des: true,
     tom222: true,
     majgis: true,
     amobiz: true,
     shinelin: true,
     valentinbrclz: true,
     vladkozlovski: true,
     bjmin: true,
     faicalbaki: true,
     perrymorse33: true,
     'stuart.shi': true,
     mccataldo: true,
     mgoldchild: true,
     arttse: true,
     gr4vy: true,
     ajaykp: true,
     tobiasnickel: true,
     medo_alouane: true,
     rbartoli: true,
     corca: true,
     aldur: true,
     dfcreative: true,
     'dana.potter': true,
     bhenav: true,
     txredking: true,
     archiedeveloper: true,
     craigklem: true,
     evanyeung: true,
     'j.su': true,
     shurickz: true,
     martijndevalk: true,
     qddegtya: true,
     golendukhin: true,
     byoigres: true,
     krickray: true,
     bwade231: true,
     jacman444: true,
     demopark: true,
     genediazjr: true,
     monjer: true,
     philiiiiiipp: true,
     coalesce: true,
     michelebroggi: true,
     royling: true,
     spencermathews: true,
     alvajc: true,
     gavar: true,
     cfleschhut: true,
     sqrbrkt: true,
     ryanoasis: true,
     lisafrench: true,
     'jp-intuit': true,
     mate2: true,
     'byte.tales': true,
     fusijie: true,
     miguelpalazzo: true,
     giovannipds: true,
     daniellink: true,
     luislobo: true,
     peacebaro: true,
     luigiplr: true,
     montanafox23: true,
     segen: true,
     sakura: true,
     maxkoryukov: true,
     trtrojo: true,
     admin123: true,
     katy: true,
     xufz: true,
     ferchoriverar: true,
     benpptung: true,
     mattecapu: true,
     vutran: true,
     snarky: true,
     whatsamoorefor: true,
     ha006: true,
     alimd: true,
     angelxmoreno: true,
     rubenmartins: true,
     'usama.ashraf': true,
     amattbryan: true,
     mrbgit: true,
     ramitsurana: true,
     zhongyuan: true,
     'codekraft-studio': true,
     mauriciolauffer: true,
     mugifly: true,
     ceejbot: true,
     soldair: true,
     michaelmior: true,
     hakuku: true,
     cilerler: true,
     sesamechee: true,
     'thomas.miele': true,
     carbonspike: true,
     'alex-cory': true,
     aquafadas: true,
     akaushal: true,
     theoryofnekomata: true,
     jakejacobs: true,
     kimmohintikka: true,
     pusing: true,
     clarsen: true,
     acmilank22: true,
     fstgeorge: true,
     goatandsheep: true,
     nicohe: true,
     shekharreddy: true,
     faraoman: true,
     egeesin: true,
     vsanjo: true,
     shubkin76: true,
     razr9: true,
     akarem: true,
     apopek: true,
     sunnylost: true,
     cmpereira: true,
     gildasdubois: true,
     wilkersonleah01: true,
     jacks: true,
     cwagner: true,
     chiraggarg: true,
     pddivine: true,
     mueko: true,
     nreedus798: true,
     guylepage3: true,
     mgthomas99: true,
     ajwarreniii: true,
     skyrpex: true,
     rmanalan: true,
     aliangliang: true,
     zkat: true,
     kissarat: true,
     jochemstoel: true,
     digiclip: true,
     mhaun0910: true,
     ferquagl: true,
     vivekrp: true,
     ky6uk: true,
     lumaxis: true,
     siakhooi: true,
     metaa: true,
     soph2k: true,
     'eng-gabrielscardoso': true },
  readmeFilename: 'README.md',
  homepage: 'https://docs.npmjs.com/',
  keywords: [ 'install', 'modules', 'package manager', 'package.json' ],
  contributors: 
   [ 'isaacs <i@izs.me>',
     'Steve Steiner <ssteinerX@gmail.com>',
     'Mikeal Rogers <mikeal.rogers@gmail.com>',
     'Aaron Blohowiak <aaron.blohowiak@gmail.com>',
     'Martyn Smith <martyn@dollyfish.net.nz>',
     'Charlie Robbins <charlie.robbins@gmail.com>',
     'Francisco Treacy <francisco.treacy@gmail.com>',
     'Cliffano Subagio <cliffano@gmail.com>',
     'Christian Eager <christian.eager@nokia.com>',
     'Dav Glass <davglass@gmail.com>',
     'Alex K. Wolfe <alexkwolfe@gmail.com>',
     'James Sanders <jimmyjazz14@gmail.com>',
     'Reid Burke <me@reidburke.com>',
     'Arlo Breault <arlolra@gmail.com>',
     'Timo Derstappen <teemow@gmail.com>',
     'Bart Teeuwisse <bart.teeuwisse@thecodemill.biz>',
     'Ben Noordhuis <info@bnoordhuis.nl>',
     'Tor Valamo <tor.valamo@gmail.com>',
     'Whyme.Lyu <5longluna@gmail.com>',
     'Olivier Melcher <olivier.melcher@gmail.com>',
     'Tomaž Muraus <kami@k5-storitve.net>',
     'Evan Meagher <evan.meagher@gmail.com>',
     'Orlando Vazquez <ovazquez@gmail.com>',
     'Kai Chen <kaichenxyz@gmail.com>',
     'George Miroshnykov <gmiroshnykov@lohika.com>',
     'Geoff Flarity <geoff.flarity@gmail.com>',
     'Max Goodman <c@chromakode.com>',
     'Pete Kruckenberg <pete@kruckenberg.com>',
     'Laurie Harper <laurie@holoweb.net>',
     'Chris Wong <chris@chriswongstudio.com>',
     'Scott Bronson <brons_github@rinspin.com>',
     'Federico Romero <federomero@gmail.com>',
     'Visnu Pitiyanuvath <visnupx@gmail.com>',
     'Irakli Gozalishvili <rfobic@gmail.com>',
     'Mark Cahill <mark@tiemonster.info>',
     'Tony <zearin@gonk.net>',
     'Iain Sproat <iainsproat@gmail.com>',
     'Trent Mick <trentm@gmail.com>',
     'Felix Geisendörfer <felix@debuggable.com>',
     'Jameson Little <t.jameson.little@gmail.com>',
     'Conny Brunnkvist <conny@fuchsia.se>',
     'Will Elwood <w.elwood08@gmail.com>',
     'Dean Landolt <dean@deanlandolt.com>',
     'Oleg Efimov <efimovov@gmail.com>',
     'Martin Cooper <mfncooper@gmail.com>',
     'Jann Horn <jannhorn@googlemail.com>',
     'Andrew Bradley <cspotcode@gmail.com>',
     'Maciej Małecki <me@mmalecki.com>',
     'Stephen Sugden <glurgle@gmail.com>',
     'Michael Budde <mbudde@gmail.com>',
     'Jason Smith <jhs@iriscouch.com>',
     'Gautham Pai <buzypi@gmail.com>',
     'David Trejo <david.daniel.trejo@gmail.com>',
     'Paul Vorbach <paul@vorb.de>',
     'George Ornbo <george@shapeshed.com>',
     'Tim Oxley <secoif@gmail.com>',
     'Tyler Green <tyler.green2@gmail.com>',
     'Dave Pacheco <dap@joyent.com>',
     'Danila Gerasimov <danila.gerasimov@gmail.com>',
     'Rod Vagg <rod@vagg.org>',
     'Christian Howe <coderarity@gmail.com>',
     'Andrew Lunny <alunny@gmail.com>',
     'Henrik Hodne <dvyjones@binaryhex.com>',
     'Adam Blackburn <regality@gmail.com>',
     'Kris Windham <kriswindham@gmail.com>',
     'Jens Grunert <jens.grunert@gmail.com>',
     'Joost-Wim Boekesteijn <joost-wim@boekesteijn.nl>',
     'Dalmais Maxence <root@ip-10-195-202-5.ec2.internal>',
     'Marcus Ekwall <marcus.ekwall@gmail.com>',
     'Aaron Stacy <aaron.r.stacy@gmail.com>',
     'Phillip Howell <phowell@cothm.org>',
     'Domenic Denicola <domenic@domenicdenicola.com>',
     'James Halliday <mail@substack.net>',
     'Jeremy Cantrell <jmcantrell@gmail.com>',
     'Ribettes <patlogan29@gmail.com>',
     'Don Park <donpark@docuverse.com>',
     'Einar Otto Stangvik <einaros@gmail.com>',
     'Kei Son <heyacct@gmail.com>',
     'Nicolas Morel <marsup@gmail.com>',
     'Mark Dube <markisdee@gmail.com>',
     'Nathan Rajlich <nathan@tootallnate.net>',
     'Maxim Bogushevich <boga1@mail.ru>',
     'Meaglin <Meaglin.wasabi@gmail.com>',
     'Ben Evans <ben@bensbit.co.uk>',
     'Nathan Zadoks <nathan@nathan7.eu>',
     'Brian White <mscdex@mscdex.net>',
     'Jed Schmidt <tr@nslator.jp>',
     'Ian Livingstone <ianl@cs.dal.ca>',
     'Patrick Pfeiffer <patrick@buzzle.at>',
     'Paul Miller <paul@paulmillr.com>',
     'Ryan Emery <seebees@gmail.com>',
     'Carl Lange <carl@flax.ie>',
     'Jan Lehnardt <jan@apache.org>',
     'Stuart P. Bentley <stuart@testtrack4.com>',
     'Johan Sköld <johan@skold.cc>',
     'Stuart Knightley <stuart@stuartk.com>',
     'Niggler <nirk.niggler@gmail.com>',
     'Paolo Fragomeni <paolo@async.ly>',
     'Jaakko Manninen <jaakko@rocketpack.fi>',
     'Luke Arduini <luke.arduini@gmail.com>',
     'Larz Conwell <larz@larz-laptop.(none)> (none)',
     'Marcel Klehr <mklehr@gmx.net>',
     'Robert Kowalski <rok@kowalski.gd>',
     'Forbes Lindesay <forbes@lindesay.co.uk>',
     'Vaz Allen <vaz@tryptid.com>',
     'Jake Verbaten <raynos2@gmail.com>',
     'Schabse Laks <Dev@SLaks.net>',
     'Florian Margaine <florian@margaine.com>',
     'Johan Nordberg <its@johan-nordberg.com>',
     'Ian Babrou <ibobrik@gmail.com>',
     'Di Wu <dwu@palantir.com>',
     'Mathias Bynens <mathias@qiwi.be>',
     'Matt McClure <matt.mcclure@mapmyfitness.com>',
     'Matt Lunn <matt@mattlunn.me.uk>',
     'Alexey Kreschuk <akrsch@gmail.com>',
     'elisee <elisee@sparklin.org>',
     'Robert Gieseke <robert.gieseke@gmail.com>',
     'François Frisch <francoisfrisch@gmail.com>',
     'Trevor Burnham <tburnham@hubspot.com>',
     'Alan Shaw <alan@freestyle-developments.co.uk>',
     'TJ Holowaychuk <tj@vision-media.ca>',
     'Nicholas Kinsey <pyro@feisty.io>',
     'Paulo Cesar <pauloc062@gmail.com>',
     'Elan Shanker <elan.shanker@gmail.com>',
     'Jon Spencer <jon@jonspencer.ca>',
     'Jason Diamond <jason@diamond.name>',
     'Maximilian Antoni <mail@maxantoni.de>',
     'Thom Blake <tblake@brightroll.com>',
     'Jess Martin <jessmartin@gmail.com>',
     'Spain Train <michael.spainhower@opower.com>',
     'Alex Rodionov <p0deje@gmail.com>',
     'Matt Colyer <matt@colyer.name>',
     'Evan You <yyx990803@gmail.com>',
     'bitspill <bitspill+github@bitspill.net>',
     'Gabriel Falkenberg <gabriel.falkenberg@gmail.com>',
     'Alexej Yaroshevich <alex@qfox.ru>',
     'Quim Calpe <quim@kalpe.com>',
     'Steve Mason <stevem@brandwatch.com>',
     'Wil Moore III <wil.moore@wilmoore.com>',
     'Sergey Belov <peimei@ya.ru>',
     'Tom Huang <hzlhu.dargon@gmail.com>',
     'CamilleM <camille.moulin@alterway.fr>',
     'Sébastien Santoro <dereckson@espace-win.org>',
     'Evan Lucas <evan@btc.com>',
     'Quinn Slack <qslack@qslack.com>',
     'Alex Kocharin <alex@kocharin.ru>',
     'Daniel Santiago <daniel.santiago@highlevelwebs.com>',
     'Denis Gladkikh <outcoldman@gmail.com>',
     'Andrew Horton <andrew.j.horton@gmail.com>',
     'Zeke Sikelianos <zeke@sikelianos.com>',
     'Dylan Greene <dylang@gmail.com>',
     'Franck Cuny <franck.cuny@gmail.com>',
     'Yeonghoon Park <sola92@gmail.com>',
     'Rafael de Oleza <rafa@spotify.com>',
     'Mikola Lysenko <mikolalysenko@gmail.com>',
     'Yazhong Liu <yorkiefixer@gmail.com>',
     'Neil Gentleman <ngentleman@gmail.com>',
     'Kris Kowal <kris.kowal@cixar.com>',
     'Alex Gorbatchev <alex.gorbatchev@gmail.com>',
     'Shawn Wildermuth <shawn@wildermuth.com>',
     'Wesley de Souza <wesleywex@gmail.com>',
     'yoyoyogi <yogesh.k@gmail.com>',
     'J. Tangelder <j.tangelder@gmail.com>',
     'Jean Lauliac <jean@lauliac.com>',
     'Andrey Kislyuk <kislyuk@gmail.com>',
     'Thorsten Lorenz <thlorenz@gmx.de>',
     'Julian Gruber <julian@juliangruber.com>',
     'Benjamin Coe <bencoe@gmail.com>',
     'Alex Ford <Alex.Ford@CodeTunnel.com>',
     'Matt Hickford <matt.hickford@gmail.com>',
     'Sean McGivern <sean.mcgivern@rightscale.com>',
     'C J Silverio <ceejceej@gmail.com>',
     'Robin Tweedie <robin@songkick.com>',
     'Miroslav Bajtoš <miroslav@strongloop.com>',
     'David Glasser <glasser@davidglasser.net>',
     'Gianluca Casati <casati_gianluca@yahoo.it>',
     'Forrest L Norvell <ogd@aoaioxxysz.net>',
     'Karsten Tinnefeld <k.tinnefeld@googlemail.com>',
     'Bryan Burgers <bryan@burgers.io>',
     'David Beitey <david@davidjb.com>',
     'Evan You <yyou@google.com>',
     'Zach Pomerantz <zmp@umich.edu>',
     'Chris Williams <cwilliams88@gmail.com>',
     'sudodoki <smd.deluzion@gmail.com>',
     'Mick Thompson <dthompson@gmail.com>',
     'Felix Rabe <felix@rabe.io>',
     'Michael Hayes <michael@hayes.io>',
     'Chris Dickinson <christopher.s.dickinson@gmail.com>',
     'Bradley Meck <bradley.meck@gmail.com>',
     'GeJ <geraud@gcu.info>',
     'Andrew Terris <atterris@gmail.com>',
     'Michael Nisi <michael.nisi@gmail.com>',
     'fengmk2 <fengmk2@gmail.com>',
     'Adam Meadows <adam.meadows@gmail.com>',
     'Chulki Lee <chulki.lee@gmail.com>',
     '不四 <busi.hyy@taobao.com>',
     'dead_horse <dead_horse@qq.com>',
     'Kenan Yildirim <kenan@kenany.me>',
     'Laurie Voss <git@seldo.com>',
     'Rebecca Turner <me@re-becca.org>',
     'Hunter Loftis <hunter@hunterloftis.com>',
     'Peter Richardson <github@zoomy.net>',
     'Jussi Kalliokoski <jussi.kalliokoski@gmail.com>',
     'Filip Weiss <me@fiws.net>',
     'Timo Weiß <timoweiss@Timo-MBP.local>',
     'Christopher Hiller <chiller@badwing.com>',
     'Jérémy Lal <kapouer@melix.org>',
     'Anders Janmyr <anders@janmyr.com>',
     'Chris Meyers <chris.meyers.fsu@gmail.com>',
     'Ludwig Magnusson <ludwig@mediatool.com>',
     'Wout Mertens <Wout.Mertens@gmail.com>',
     'Nick Santos <nick@medium.com>',
     'Terin Stock <terinjokes@gmail.com>',
     'Faiq Raza <faiqrazarizvi@gmail.com>',
     'Thomas Torp <thomas@erupt.no>',
     'Sam Mikes <smikes@cubane.com>',
     'Mat Tyndall <mat.tyndall@gmail.com>',
     'Tauren Mills <tauren@sportzing.com>',
     'Ron Martinez <ramartin.net@gmail.com>',
     'Kazuhito Hokamura <k.hokamura@gmail.com>',
     'Tristan Davies <github@tristan.io>',
     'David Volm <david@volminator.com>',
     'Lin Clark <lin.w.clark@gmail.com>',
     'Ben Page <bpage@dewalch.com>',
     'Jeff Jo <jeffjo@squareup.com>',
     'martinvd <martinvdpub@gmail.com>',
     'Mark J. Titorenko <nospam-github.com@titorenko.net>',
     'Oddur Sigurdsson <oddurs@gmail.com>',
     'Eric Mill <eric@konklone.com>',
     'Gabriel Barros <descartavel1@gmail.com>',
     'KevinSheedy <kevinsheedy@gmail.com>',
     'Aleksey Smolenchuk <aleksey@uber.com>',
     'Ed Morley <emorley@mozilla.com>',
     'Blaine Bublitz <blaine@iceddev.com>',
     'Andrey Fedorov <anfedorov@gmail.com>',
     'Daijiro Wachi <daijiro.wachi@gmail.com>',
     'Luc Thevenard <lucthevenard@gmail.com>',
     'Aria Stewart <aredridel@nbtsc.org>',
     'Charlie Rudolph <charles.w.rudolph@gmail.com>',
     'Vladimir Rutsky <rutsky@users.noreply.github.com>',
     'Isaac Murchie <isaac@saucelabs.com>',
     'Marcin Wosinek <marcin.wosinek@gmail.com>',
     'David Marr <davemarr@gmail.com>',
     'Bryan English <bryan@bryanenglish.com>',
     'Anthony Zotti <amZotti@users.noreply.github.com>',
     'Karl Horky <karl.horky@gmail.com>',
     'Jordan Harband <ljharb@gmail.com>',
     'Guðlaugur Stefán Egilsson <gulli@kolibri.is>',
     'Helge Skogly Holm <helge.holm@gmail.com>',
     'Peter A. Shevtsov <petr.shevtsov@gmail.com>',
     'Alain Kalker <a.c.kalker@gmail.com>',
     'Bryant Williams <b.n.williams@gmail.com>',
     'Jonas Weber <github@jonasw.de>',
     'Tim Whidden <twhid@twhid.com>',
     'Andreas <functino@users.noreply.github.com>',
     'Karolis Narkevicius <karolis.n@gmail.com>',
     'Adrian Lynch <adi_ady_ade@hotmail.com>',
     'Richard Littauer <richard.littauer@gmail.com>',
     'Oli Evans <oli@zilla.org.uk>',
     'Matt Brennan <mattyb1000@gmail.com>',
     'Jeff Barczewski <jeff.barczewski@gmail.com>',
     'Danny Fritz <dannyfritz@gmail.com>',
     'Takaya Kobayashi <jigsaw@live.jp>',
     'Ra\'Shaun Stovall <rashaunstovall@gmail.com>',
     'Julien Meddah <julien.meddah@deveryware.com>',
     'Michiel Sikma <michiel@wedemandhtml.com>',
     'Jakob Krigovsky <jakob.krigovsky@gmail.com>',
     'Charmander <~@charmander.me>',
     'Erik Wienhold <git@ewie.name>',
     'James Butler <james.butler@sandfox.co.uk>',
     'Kevin Kragenbrink <kevin@gaikai.com>',
     'Arnaud Rinquin <rinquin.arnaud@gmail.com>',
     'Mike MacCana <mike.maccana@gmail.com>',
     'Antti Mattila <anttti@fastmail.fm>',
     'laiso <laiso@lai.so>',
     'Matt Zorn <zornme@gmail.com>',
     'Kyle Mitchell <kyle@kemitchell.com>',
     'Jeremiah Senkpiel <fishrock123@rocketmail.com>',
     'Michael Klein <mischkl@users.noreply.github.com>',
     'Simen Bekkhus <sbekkhus91@gmail.com>',
     'Victor <victor.shih@gmail.com>',
     'thefourtheye <thechargingvolcano@gmail.com>',
     'Clay Carpenter <claycarpenter@gmail.com>',
     'bangbang93 <bangbang93@163.com>',
     'Nick Malaguti <nmalaguti@palantir.com>',
     'Cedric Nelson <cedric.nelson@gmail.com>',
     'Kat Marchán <kzm@zkat.tech>',
     'Andrew <talktome@aboutandrew.co.uk>',
     'Eduardo Pinho <enet4mikeenet@gmail.com>',
     'Rachel Hutchison <rhutchix@intel.com>',
     'Ryan Temple <ryantemple145@gmail.com>',
     'Eugene Sharygin <eush77@gmail.com>',
     'James Talmage <james@talmage.io>',
     'jane arc <jane@uber.com>',
     'Joseph Dykstra <josephdykstra@gmail.com>',
     'Andrew Crites <ajcrites@gmail.com>',
     'Joshua Egan <josh-egan@users.noreply.github.com>',
     'Carlos Alberto <euprogramador@gmail.com>',
     'Thomas Cort <thomasc@ssimicro.com>',
     'Thaddee Tyl <thaddee.tyl@gmail.com>',
     'Steve Klabnik <steve@steveklabnik.com>',
     'Andrew Murray <radarhere@gmail.com>',
     'Stephan Bönnemann <stephan@excellenteasy.com>',
     'Kyle M. Tarplee <kyle.tarplee@numerica.us>',
     'Derek Peterson <derekpetey@gmail.com>',
     'Greg Whiteley <greg.whiteley@atomos.com>',
     'murgatroid99 <mlumish@google.com>',
     'Marcin Cieslak <saper@saper.info>',
     'João Reis <reis@janeasystems.com>',
     'Matthew Hasbach <hasbach.git@gmail.com>',
     'Jon Hall <jon_hall@outlook.com>',
     'Anna Henningsen <sqrt@entless.org>',
     'James Treworgy <jamietre@gmail.com>',
     'James Hartig <james@levenlabs.com>',
     'Stephanie Snopek <stephaniesnopek@gmail.com>',
     'Kent C. Dodds <kent@doddsfamily.us>',
     'Aaron Krause <aaronjkrause@gmail.com>',
     'Daniel K O\'Leary <daniel@dko.io>',
     'fscherwi <fscherwi@users.noreply.github.com>',
     'Thomas Reggi <thomas@reggi.com>',
     'Thomas Michael McTiernan <thomasmctiernan@gmail.com>',
     'Jason Kurian <JaKXz@users.noreply.github.com>',
     'Sebastiaan Deckers <seb@ninja.sg>',
     'lady3bean <lady3bean@users.noreply.github.com>',
     'Tomi Carr <TaMe3971@users.noreply.github.com>',
     'Juan Caicedo <retiredcanadianpoet@gmail.com>',
     'Ashley Williams <ashley@npmjs.com>',
     'Andrew Marcinkevičius <andrew.web@ifdattic.com>',
     'Jorrit Schippers <jorrit@ncode.nl>',
     'Alex Lukin <alex.lukin@softgrad.com>',
     'Aria Stewart <aredridel@dinhe.net>',
     'Tiago Rodrigues <tmcrodrigues@gmail.com>',
     'Tim <tim-github@baverstock.org.uk>',
     'Nick Williams <WickyNilliams@users.noreply.github.com>',
     'Louis Larry <louis.larry@gmail.com>',
     'Ben Gotow <bengotow@gmail.com>',
     'Jakub Gieryluk <jakub.g.opensource@gmail.com>',
     'Kevin Lorenz <mail@kevinlorenz.com>',
     'Martin von Gagern <Martin.vGagern@gmx.net>',
     'Eymen Gunay <eymen@egunay.com>',
     'Martin Ek <mail@ekmartin.com>',
     'Rafał Pocztarski <r.pocztarski@gmail.com>',
     'Mark Reeder <mreeder@uber.com>',
     'Chris Rebert <github@chrisrebert.com>',
     'Scott Addie <tobias.addie@gmail.com>',
     'Jeff McMahan <jeffrey.lee.mcmahan@gmail.com>',
     'Tim Krins <timkrins@gmail.com>',
     'Hal Henke <halhenke@gmail.com>',
     'Julian Simioni <julian@simioni.org>',
     'Jimb Esser <jimb@yahoo-inc.com>',
     'Alexis Campailla <alexis@janeasystems.com>',
     'Chris Chua <chris.sirhc@gmail.com>',
     'Beau Gunderson <beau@beaugunderson.com>',
     'Dave Galbraith <dave@jut.io>',
     's100 <shughes1@uk.ibm.com>',
     'Sergey Simonchik <sergey.simonchik@jetbrains.com>',
     'Vanja Radovanović <elvanja@gmail.com>',
     'Jonathan Persson <persson.jonathan@gmail.com>',
     'Vedat Mahir YILMAZ <mahir@vedatmahir.com>',
     'Samuel Reed <samuel.trace.reed@gmail.com>',
     'Rafał Legiędź <rafal.legiedz@gmail.com>',
     'Jan Schär <jscissr@gmail.com>',
     'Xcat Liu <xcatliu@gmail.com>',
     'harryh <Aourin@users.noreply.github.com>',
     'Prayag Verma <prayag.verma@gmail.com>',
     'Neil Kistner <neil.kistner@gmail.com>',
     'Zoujie Wzj <zoujie.wzj@alibaba-inc.com>',
     'Ryan Hendrickson <ryan.hendrickson@alum.mit.edu>',
     'Arturo Coronel <aoitsu3@gmail.com>',
     'Hutson Betts <hbetts@factset.com>',
     'Lewis Cowper <lewis.cowper@googlemail.com>',
     'Adam Byrne <misterbyrne@gmail.com>',
     'Ifeanyi Oraelosi <ifeanyioraelosi@gmail.com>',
     'Robert Ludwig <rob.ludwig@rideamigos.com>',
     'Chris Warren <chris@ixalon.net>',
     'Scott Plumlee <scott@plumlee.org>',
     'Daniel Pedersen <daniel@scandinav.se>',
     'rhgb <kaiserdaemon@gmail.com>',
     'doug.wade <doug.wade@redfin.com>',
     'Zac <zdoege@gm.slc.edu>',
     'GriffinSchneider <griffinschneider@gmail.com>',
     'Andres Kalle <mjomble@gmail.com>',
     'thefourtheye <thefourtheye@users.noreply.github.com>',
     'Yael <yaelz@users.noreply.github.com>',
     'Yann Odeyer <yann@odeyer.com>',
     'James Monger <jameskmonger@hotmail.co.uk>',
     'Thomas Hallock <thomas@1stdibs.com>',
     'Paul Irish <paul.irish@gmail.com>',
     'Paul O\'Leary McCann <polm@dampfkraft.com>',
     'Francis Gulotta <wizard@roborooter.com>',
     'Felix Rieseberg <felix@felixrieseberg.com>',
     'Glen Mailer <glenjamin@gmail.com>',
     'Federico Brigante <bfred-it@users.noreply.github.com>',
     'Steve Mao <maochenyan@gmail.com>',
     'Anna Henningsen <anna@addaleax.net>',
     'Rachel Evans <git@rve.org.uk>',
     'Sam Minnee <sam@silverstripe.com>',
     'Zirak <zirakertan@gmail.com>',
     'Daniel Lupu <lupu.daniel.f@gmail.com>',
     'Gianluca Casati <fibo@users.noreply.github.com>',
     'André Herculano <andresilveirah@gmail.com>',
     'Wyatt Preul <wpreul@gmail.com>',
     'Myles Borins <mborins@us.ibm.com>',
     'Elliot Lee <github.public@intelliot.com>',
     'Dmitry Kirilyuk <gk.joker@gmail.com>',
     'Aaron Tribou <aaron.tribou@gmail.com>',
     'Tapani Moilanen <moilanen.tapani@gmail.com>',
     'Han Seoul-Oh <laughinghan@gmail.com>',
     'Aleksey Shvayka <shvaikalesh@gmail.com>',
     'Emma Ramirez <ramirez.emma.g@gmail.com>',
     'Julian Duque <julianduquej@gmail.com>',
     'Simon MacDonald <simon.macdonald@gmail.com>',
     'Adam Stankiewicz <sheerun@sher.pl>',
     'Gregers Gram Rygg <gregers.gram.rygg@finn.no>',
     'Peter Dave Hello <hsu@peterdavehello.org>',
     'Jordan Klassen <forivall@gmail.com>',
     'Jason Palmer <jason@jason-palmer.com>',
     'Michael Hart <michael.hart.au@gmail.com>',
     'Sasha Koss <koss@nocorp.me>',
     'David Emmerson <david.emmerson@gmail.com>',
     'Christophe Hurpeau <christophe@hurpeau.com>',
     'Daniel Paz-Soldan <daniel.pazsoldan@gmail.com>',
     'Sakthipriyan Vairamani <thechargingvolcano@gmail.com>',
     'Zach Renner <zarenner@microsoft.com>',
     'Christopher Hiller <boneskull@boneskull.com>',
     'Joshua Bennett <legodudejb@gmail.com>',
     'Andrew Meyer <andrewm.bpi@gmail.com>',
     'Michael Jasper <mdjasper@gmail.com>',
     'Max <contact@mstoiber.com>',
     'Szymon Nowak <szimek@gmail.com>',
     'Jason Karns <jason.karns@gmail.com>',
     'Lucas Holmquist <lholmqui@redhat.com>',
     'Ionică Bizău <bizauionica@gmail.com>',
     'Alex Chesters <AlexChesters@users.noreply.github.com>',
     'Robert Gay <robert.gay@redfin.com>',
     'Steven <stevokk@hotmail.com>',
     'Tim Caswell <tim@creationix.com>',
     'Anna Henningsen <github@addaleax.net>',
     'Kim Røen <kim@kimroen.com>',
     'Douglas Wilson <dougwilson@live.com>',
     'Mike Engel <mike@mike-engel.com>',
     'baderbuddy <baderbuddy@gmail.com>',
     'Alex Jordan <alex@strugee.net>',
     'Ville Lahdenvuo <tuhoojabotti@gmail.com>',
     'Natalie Wolfe <nwolfe@newrelic.com>',
     'Andrew Schmadel <aschmadel@learningobjects.com>',
     'Jonah Moses <jonahkmoses@gmail.com>',
     'Daijirō Wachi <daijiro.wachi@gmail.com>',
     'Dmitry Litvinchenko <karaliti@gmail.com>',
     'chocolateboy <chocolate@cpan.org>',
     'Henry Zhu <hi@henryzoo.com>',
     'Nate Goldman <ungoldman@gmail.com>',
     'Ted Yavuzkurt <hello@TedY.io>',
     'Arseniy Maximov <localhost@kern0.ru>',
     'Evgeny Kulikov <beyondcompute@users.noreply.github.com>',
     'Сковорода Никита Андреевич <chalkerx@gmail.com>',
     'Carol <carol.nichols@gmail.com> (Nichols || Goulding)',
     'Jarid Margolin <jaridmargolin@gmail.com>',
     'David Cook <divergentdave@gmail.com>',
     'Brian Dukes <bdukes@engagesoftware.com>',
     'Jed Fox <git@twopointzero.us>',
     'Pavlo Liulia <pavloblack@hotmail.com>',
     'Ján Dzurek <famousgarkin@outlook.com>',
     'Lucas Theisen <ltheisen@mitre.org>',
     'Mike Sherov <mike.sherov@gmail.com>',
     '薛定谔的猫 <hh_2013@foxmail.com>',
     'Paweł Lula <pavloblack@hotmail.com>',
     'Jakob Krigovsky <jakob@krigovsky.com>',
     'George Rawlinson <george@rawlinson.net.nz>',
     'Jack Nagel <jacknagel@users.noreply.github.com>',
     'Andreas Kohn <andreas.kohn@gmail.com>',
     'Jason Wohlgemuth <jhwohlgemuth@users.noreply.github.com>',
     'Ryan Graham <r.m.graham@gmail.com>',
     'Hirse <jan.pilzer@gmx.de>',
     'Colin Rotherham <work@colinr.com>',
     'Aki <hi@akiro.se>',
     'Emily Marigold Klassen <forivall@gmail.com>',
     'Ramana Venkata <idlike2dream@gmail.com>',
     'kierendixon <knitesoulja@hotmail.com>',
     'Rácz Tibor Zoltán <racztiborzoltan@gmail.com>',
     'Guangcong Luo <guangcongluo@gmail.com>',
     'Steven <steven@ceriously.com>',
     'Jan Pilzer <jan.pilzer@gmx.de>',
     'Leonard Martin <leonard.martin@gmail.com>',
     'Teddy Katz <teddy.katz@gmail.com>',
     'Simon Legg <leggsimon@gmail.com>',
     'Kin Lum <kenneth.kin.lum@gmail.com>',
     'David Rousselie <guido.dassori@gmail.com>',
     'Jože Mlakar <JozeM@ixtlan-team.si>',
     'happylynx <happylynx@users.noreply.github.com>',
     'Dominic Watson <intellix@users.noreply.github.com>',
     'Enrico Weigelt, metux IT consult <enrico.weigelt@gr13.net>',
     'Brian Beck <exogen@gmail.com>',
     'Ramana Venkata <vramana@users.noreply.github.com>',
     'Misha Kaletsky <misha.kaletsky@gmail.com>',
     'Andrew Schmadel <schmod@users.noreply.github.com>',
     'AJ Jordan <alex@strugee.net>',
     'Mark Banner <standard8@mozilla.com>',
     'Richard Simko <richardsimko@users.noreply.github.com>',
     'Sanketh Katta <sankethkatta@gmail.com>',
     'Tim Needham <tim.needham@wmfs.net>',
     'Leonardo Rojas <leonardo.rojas@shopify.com>',
     'Mark Peter Fejes <fejes.mark@gmail.com>',
     'Ryan Florence <rpflorence@gmail.com>',
     'MichaelQQ <mingsian.tu@vpon.com>',
     'Anders D. Johnson <anders.d.johnson.developer@gmail.com>',
     'Benjamin Fernandes <lotharsee@gmail.com>',
     'Simon Kurtz <simonkurtz@gmail.com>',
     'David Goss <david@davidgoss.co.uk>',
     'Luis Gustavo Pereira <lgp1985@yahoo.com.br>',
     'Amos Wenger <fasterthanlime@users.noreply.github.com>',
     'Samuel Marks <samuelmarks@gmail.com>',
     'Victor Travieso <victor@grabcad.com>',
     'Joshua Chaitin-Pollak <jbcpollak@users.noreply.github.com>',
     'Brendan Warkentin <faazshift@gmail.com>',
     'Scott Santucci <ScottFreeCode@users.noreply.github.com>',
     'Xavier Cambar <xcambar@gmail.com>',
     'Vikram <nrvikram19@gmail.com>',
     'Igor Nadj <igor.nadj@shinesolutions.com>',
     'Tong Li <supertong@users.noreply.github.com>',
     'tripu <t@tripu.info>',
     'Carsten Brandt <mail@cebe.cc>',
     'Marcin Szczepanski <marcin@imagichine.com.au>',
     'Josh Clow <josh@textio.com>',
     'Jakub Holy <jakubholy@jakubholy.net>',
     'Alexandra Ulsh <alexandra.ulsh@gmail.com>',
     'Tom MacWright <tmcw@users.noreply.github.com>',
     'Felicio Mununga <felicio@users.noreply.github.com>',
     'Gabor Szabo <gszabo@users.noreply.github.com>',
     'Andreas Müller <mail@devmount.de>',
     'Andrew Pitman <apitman@users.noreply.github.com>',
     'Jacob Wejendorp <jacob@wejendorp.dk>',
     'Alejandro López <a.lopez.sanchez@outlook.es>',
     'Victor Belozyorov <hi@vbelozyorov.com>',
     'Bradley Farias <bfarias@godaddy.com>',
     'Kyle E. Mitchell <kyle@kemitchell.com>',
     'Tuan Anh Tran <me@tuananh.org>',
     'Nathan Woltman <nwoltman@outlook.com>',
     'Kyra <kyranet@users.noreply.github.com>',
     'Leаh Neukirchen <chneukirchen@gmail.com>',
     'Kyle Spier-Swenson <kyleshome@gmail.com>',
     'Joe Bowbeer <joe.bowbeer@gmail.com>',
     'Nalin Bhardwaj <6984346+nalinbhardwaj@users.noreply.github.com>',
     'Nicolas Garnier <ngarnier@users.noreply.github.com>',
     'Vladislav Rassokhin <vladrassokhin@gmail.com>',
     'Josh Goldberg <joshuakgoldberg@outlook.com>',
     'laggingreflex <laggingreflex@gmail.com>',
     'Kristofer Selbekk <selbekk@users.noreply.github.com>',
     'Sreenivas Alapati <sreenivas9alapati@gmail.com>',
     'Ben Creasy <ben@bencreasy.com>',
     'Allan Kimmer Jensen <allankimmerjensen@gmail.com>',
     'rinfan <rinfan@users.noreply.github.com>',
     'Matt Hoyle <code@deployable.co>',
     'Mason Pawsey <mpawsey@csub.edu>',
     'Johannes Bader <olydis@users.noreply.github.com>',
     'Michael Zabka <zabka.michael@gmail.com>',
     'Bruce MacNaughton <bmacnaughton@gmail.com>',
     'Christopher Patty <christopher.patty@aggiemail.usu.edu>',
     'Max Stoiber <contact@mxstbr.com>',
     'Enrico Weigelt <enrico.weigelt@gr13.net>',
     'David Hu <davidjhu@gmail.com>',
     'Steven R. Loomis <srl295@gmail.com>',
     'Julien Deniau <julien.deniau@gmail.com>',
     'Prasanna Venkatesh T S <vipranarayan14@gmail.com>',
     'Alec Larson <aleclarson@users.noreply.github.com>',
     'John-David Dalton <john.david.dalton@gmail.com>',
     'Raymond Feng <enjoyjava@gmail.com>',
     'Tieme van Veen <tiemevanveen@hotmail.com>',
     'Finn Pauls <derfinn@gmail.com>',
     'Jeremy Kahn <jeremyckahn@gmail.com>',
     'Mertcan Mermerkaya <mertcan@mermerkaya.net>',
     'Will Yardley <wyardley@users.noreply.github.com>',
     'Matt Travi <github@travi.org>',
     'Solomon Victorino <solomonvictorino@gmail.com>',
     'Rich Trott <rtrott@gmail.com>',
     'Maksym Kobieliev <maximaximums@gmail.com>',
     'Thomas Reggi <socialtr@gmail.com>',
     'David Gilbertson <gilbertson.david@gmail.com>',
     'Rob Lourens <roblourens@gmail.com>',
     'Karan Thakkar <karanjthakkar@gmail.com>',
     'Howard T. Chiam <hchiam@users.noreply.github.com>',
     'Geoffrey Mattie <info@geoffreymattie.com>',
     'Luis Lobo Borobia <luislobo@gmail.com>',
     'Aaron Tribou <tribou@users.noreply.github.com>',
     '刘祺 <gucong@gmail.com>',
     'Brad Johnson <bradsk88@gmail.com>',
     'Artem Varaksa <aymfst@gmail.com>',
     'Mary <Ipadlover8322@gmail.com>',
     'Darryl Pogue <dvpdiner2@gmail.com>',
     'Rick Schubert <rickschubert@gmx.de>',
     'Daniel W <dwilches@gmail.com>',
     'XhmikosR <xhmikosr@gmail.com>',
     'Martin Kühl <mkhl@users.noreply.github.com>',
     'Valentin Ouvrard <valentin210594@gmail.com>',
     'Noah Benham <noahbenham@users.noreply.github.com>',
     'Brian Olore <brian@olore.net>',
     'Mat Warger <mwarger@gmail.com>',
     'Federico Rampazzo <frampone@gmail.com>',
     'SneakyFish5 <32284796+SneakyFish5@users.noreply.github.com>',
     'Nikki Everett <neverett@users.noreply.github.com>',
     'Erik Price <github@erikprice.net>',
     'Lars Willighagen <lars.willighagen@gmail.com>',
     'Kevin Gibbons <bakkot@gmail.com>',
     'Maarten Balliauw <maarten@balliauw.be>',
     'Mehdy Dara <mdara@eleven-labs.com>',
     'Robert Kielty <rob.kielty@gmail.com>',
     'Scott Trinh <scottyparade@gmail.com>',
     'Hugo <hugovk@users.noreply.github.com>',
     'Jacob <jakeincanada@icloud.com>',
     'Joe Bottigliero <joe@bottigliero.com>',
     'Nikolai Vavilov <vvnicholas@gmail.com>',
     'Kelvin Jin <kelvinjin@google.com>',
     '乱序 <midare@utakana.de>',
     'Audrey Eschright <audrey@npmjs.com>',
     'Xu Meng <dmabupt@gmail.com>',
     'George <george.taveras1231@gmail.com>',
     'Beni von Cheni <benjaminlchen@gmail.com>',
     'Frédéric Harper <fharper@npmjs.com>',
     'Johannes Würbach <johannes.wuerbach@googlemail.com>',
     'ƇʘƁ̆ąƇ́ <anchnk@users.noreply.github.com>',
     'Eli Doran <eli@elidoran.com>',
     'Tobias Koppers <tobias.koppers@googlemail.com>',
     'Grey Baker <greysteil@gmail.com>',
     'JT Turner <jtwebman@gmail.com>',
     'Audrey Eschright <audrey@lifeofaudrey.com>',
     'Alexander Gudulin <alexandr.gudulin@gmail.com>',
     'Philipp Hagemeister <phihag@phihag.de>',
     'Amadou Sall <ahasall.dev@gmail.com>',
     'Chris Manson <mansona@users.noreply.github.com>',
     'vlasy <vlasy@users.noreply.github.com>',
     'Emilis Dambauskas <emilis.dambauskas@tokenmill.lt> (Tokenmill)',
     'George Czabania <george@mish.guru>',
     'Jonathan Underwood <junderwood@bitcoinbank.co.jp>',
     'Nick Graef <nicholas.a.graef@gmail.com>',
     'James George <jamesgeorge998001@gmail.com>',
     'John O\'Sullivan <j.osullivan42@gmail.com>',
     'ossdev <ossdev@puresoftware.com>',
     'Raphael Goulais <raphael.goulais@f5c.fr>',
     'COURIER, CALEB [AG/1000] <caleb.courier@monsanto.com>',
     'CalebCourier <caleb.courier@monsanto.com>',
     'Florian Keller <florian.keller@wire.com>',
     'Sreeram Jayan <sreeram.jayan@cerner.com>',
     '--get <lars.willighagen@gmail.com>',
     'raywu0123 <b05901189@ntu.edu.tw>',
     'Iván Reinoso García <ireinoso@plainconcepts.com>',
     'Roy Marples <roy@marples.name>',
     'Robert James Gabriel <robert_gabriel@outlook.com>',
     'John Firebaugh <john.firebaugh@gmail.com>',
     'Kitten King <hi@kittenking.me>',
     'Claudia Hernández <cghr1990@gmail.com>',
     'Artem Sapegin <artem@sapegin.ru>',
     'Márton Salomváry <salomvary@gmail.com>',
     'gall0ws <g4ll0ws@gmail.com>',
     'Olivier Chevet <olivr70@outlook.fr>',
     'Maël Nison <nison.mael@gmail.com>',
     'Sara Ahbabou <ahbabousara@gmail.com>',
     'Gareth Jones <Jones258@Gmail.com>',
     'Ruy Adorno <ruyadorno@hotmail.com>',
     'Michael Perrotte <mike@npmjs.com>',
     'Ben Blank <ben.blank+github@gmail.com>',
     'Christian Clauss <cclauss@me.com>',
     'Nikita Lebedev <bloomber111@gmail.com>',
     'Henrik Gemal <henrik@gemal.dk>',
     'Philip Harrison <philip@mailharrison.com>',
     'Jason Etcovitch <jasonetco@github.com>',
     'Darcy Clarke <darcy@darcyclarke.me>',
     'orion <oletizi@mac.com>',
     'NoDocCat <nodoccat@outlook.com>',
     'joan xie <w4ergf@qq.com>',
     'Amal Hussein <amal@npmjs.com>',
     'Brett Zamir <brettz9@yahoo.com>',
     'Menelaos Kotsollaris <mkotsollaris@users.noreply.github.com>',
     'Mehdi Hasan Khan <mhasan@omicronlab.com>',
     'Craig Loewen <crloewen@microsoft.com>',
     'Fighting-Jack <574637316@qq.com>',
     'Bakel, Roel van <roel.vanbakel@oce.com>',
     'Charlie West-Toebe <38671683+Hoidberg@users.noreply.github.com>',
     'Richard Lau <riclau@uk.ibm.com>',
     'Felix Yan <felixonmars@archlinux.org>',
     'Zhenya Vinogradov <zhenyavinogradov@gmail.com>',
     'Rafael Hengles <rhengles@gmail.com>',
     'Jan-Philip Gehrcke <jp@opstrace.com>',
     'Caleb Sacks <16855387+clabe45@users.noreply.github.com>',
     'Kyle Getz <kgetz@arista.com>',
     'Sean Healy <s@xib.ca>',
     'Netanel Gilad <netanelg@wix.com>',
     'Dave Nicolson <david.nicolson@gmail.com>',
     'Ajay Narain Mathur <ajaynarainmathur@gmail.com>',
     'Vitaliy Markitanov <9357021+vit100@users.noreply.github.com>',
     'simon_s <simon_s@afimilk.co.il>',
     'John Kennedy <john.kennedy.9147@gmail.com>',
     'Bernard Kitchens <bernard@npmjs.com>',
     'Jarda Snajdr <jsnajdr@gmail.com>',
     'Naix Geng <1308363651@qq.com>',
     'Dylan Treisman <dylanzt@gmail.com>',
     'mum-never-proud <abhuz@hotmail.com>',
     'Pablo Cúbico <pablocuadrado@gmail.com>',
     'Peter Fich <peterfich@users.noreply.github.com>',
     'Maxwell Gerber <mgerber@berkeley.edu>',
     'Sean Poulter <sean.poulter@gmail.com>',
     'vanishcode <vanishcode@outlook.com>',
     'Timo Sand <timo.sand@iki.fi>',
     'Jean-Charles Sisk <jasisk@gmail.com>',
     'Martin Packman <martin@zegami.com>',
     'Danielle Adams <danielle.adams@heroku.com>',
     'Edward Thomson <ethomson@edwardthomson.com>',
     'Masafumi Koba <ybiquitous@gmail.com>',
     'Gianfranco Costamagna <costamagnagianfranco@yahoo.it>',
     'Antonio <antonio.olmo@devo.com>',
     'Sandra Tatarevićová <sandra@tatarevicova.cz>',
     'Antoine du Hamel <duhamelantoine1995@gmail.com>',
     'Assaf Sapir <assapir@github.com>',
     'jamesgeorge007 <jamesgeorge998001@gmail.com>',
     'Lukas Spieß <lumaxis@github.com>',
     'Mickael Jeanroy <mickael.jeanroy@gmail.com>',
     'Myles Borins <mylesborins@github.com>',
     'Nathan LaFreniere <quitlahok@gmail.com>',
     'Lucio Martinez <lucio.martinez@sixt.com>',
     'Brian Jenkins <brian@npmjs.com>',
     'nlf <quitlahok@gmail.com>',
     'zhaoxuxu <zhaoxuxujc@gmail.com>',
     'liuye.adam <liuye.adam@bytedance.com>',
     'Michaël Zasso <targos@protonmail.com>',
     'Gareth Jones <jones258@gmail.com>',
     'Jake Champion <me@jakechampion.name>',
     'takenspc <taken.spc@gmail.com>',
     'iraj <irajtaghlidi@gmail.com>',
     'Michele Azzolari <michele@azzolari.it>',
     'foxxyz <foxxyz@gmail.com>',
     'Dr <dr@dr.run>',
     'Jan Tojnar <jtojnar@gmail.com>',
     'Jason Attwood <jason_attwood@hotmail.co.uk>',
     'Vlad GURDIGA <gurdiga@gmail.com>',
     'Sébastien Puech <s.puech@tricentis.com>',
     'Jannis Hell <Primajin@users.noreply.github.com>',
     'Hollow Man <hollowman@hollowman.ml>',
     'kai zhu <kaizhu256@gmail.com>',
     'Alex Woollam <alexjhwoollam@gmail.com>',
     'Daniel Fischer <daniel@d-fischer.dev>',
     'Yash-Singh1 <saiansh2525@gmail.com>',
     'Edu93Jer <mailing_93@hotmail.com>',
     'Tieg Zaharia <tieg@tidelift.com>',
     'Aki <71239005+AkiaCode@users.noreply.github.com>',
     'fuhao.xu <fuhao.xu@yitu-inc.com>',
     'marsonya <16393876+marsonya@users.noreply.github.com>',
     'Jeff Griffiths <jeff@eko-recordings.ca>',
     'Michael Garvin <gar+gh@danger.computer>',
     'Gar <gar+gh@danger.computer>',
     'dr-js <dr@dr.run>',
     'Pavan Bellamkonda <31280326+pavanbellamkonda@users.noreply.github.com>',
     'Alexander Riccio <test35965@gmail.com>',
     'RA80533 <32469082+RA80533@users.noreply.github.com>',
     'Ikko Ashimine <eltociear@gmail.com>',
     'MrBrain295 <66077254+MrBrain295@users.noreply.github.com>',
     'kumavis <aaron@kumavis.me>',
     'Christof Lemke <christoflemke@github.com>',
     'Nathan Shively-Sanders <293473+sandersn@users.noreply.github.com>',
     'Bjørn Johansen <bjjohans@microsoft.com>',
     'Fraqe <f@fraqe.ca>',
     'Edward Grech <dwardu@gmail.com>',
     'Kenrick <kenrick95@gmail.com>',
     'Karthik Sundari <karthik_sundari@comcast.com>',
     'Jan Sepke <625043+jansepke@users.noreply.github.com>',
     'Augusto Moura <augusto.borgesm@gmail.com>',
     'Eric Chow <eric.zjp.chow@gmail.com>',
     'kbayrhammer <klaus.bayrhammer@redbull.com>',
     'James Chen-Smith <jameschensmith@gmail.com>',
     'Yash Singh <saiansh2525@gmail.com>',
     'Danielle Church <dani.church@gmail.com>',
     'Seth Thomas <seth@emailseth.com>',
     'Andreas <andreas@bielk.se>',
     'Felipe Santos <felipecassiors@gmail.com>',
     'Luigi Pinca <luigipinca@gmail.com>',
     'Marco Sirabella <marco@sirabella.org>',
     'wangsai <wangsai@bootcss.com>',
     'Luke Hefson <luke@github.com>',
     'mrmlnc <mrmlnc@yandex-team.ru>',
     'Juan Picado <juanpicado19@gmail.com>',
     'Kevin Cormier <kcormier@redhat.com>',
     'Nariyasu Heseri <heserisiyookang@gmail.com>',
     'rethab <rethab@protonmail.ch>',
     'Spencer Wilson <5624115+spencerwilson@users.noreply.github.com>',
     'Daniel Park <gimli01@github.com>',
     'Daniel Park <daniel.park@endevors.io>',
     'Luke Karrys <luke@lukekarrys.com>',
     'Ivan <ivanaguilar01@live.com.mx>',
     'Aluneed <31174087+aluneed@users.noreply.github.com>',
     'relrelb <relrelbachar@gmail.com>',
     'Cameron Tacklind <cameron@tacklind.com>',
     'Demira Dimitrova <demiradimitrova@github.com>',
     'AkiJoey <akijoey1010635951@gmail.com>',
     'austincho <austin.cho14@gmail.com>',
     'Nathan Fritz <fritzy@github.com>',
     'tripu <1016538+tripu@users.noreply.github.com>',
     'Matsuuu <huhta.matias@gmail.com>',
     'Anders Kaseorg <andersk@mit.edu>',
     'John Gee <john@ruru.gen.nz>',
     'Ayush Rawal <royalrawal.2001@gmail.com>',
     'Nate Green <heynategreen@gmail.com>',
     'Jacob Yacovelli <jjyacovelli@gmail.com>',
     'Caleb ツ Everett <calebev@amazon.com>',
     'gfyoung <gfyoung17@gmail.com>',
     'Edward Thomson <ethomson@github.com>',
     'Behnam Mohammadi <itten@live.com>',
     'gfyoung <gfyoung17+GitHub@gmail.com>',
     'Luke Karrys <lukekarrys@gmail.com>',
     'Pelle Wessman <pelle@kodfabrik.se>',
     'Daniel Cobo <danielcobo@users.noreply.github.com>',
     'Mansur Ali Koroglu <mansuralikoroglu@gmail.com>',
     'Yucel Okcu <yucel.n.okcu@gmail.com>',
     'Takuya Fukuju <chalkygames123@gmail.com>',
     'Jan T. Sott <jan@motim.co>',
     'yotamselementor <83912471+yotamselementor@users.noreply.github.com>',
     'Felipe Plets <fsplets@gmail.com>' ],
  bugs: { url: 'https://github.com/npm/cli/issues' },
  license: 'Artistic-2.0',
  version: '8.3.0',
  workspaces: [ 'docs', 'workspaces/*' ],
  preferGlobal: true,
  config: { publishtest: false },
  directories: { bin: './bin', doc: './doc', lib: './lib', man: './man' },
  main: './index.js',
  bin: { npm: 'bin/npm-cli.js', npx: 'bin/npx-cli.js' },
  exports: 
   { '.': [ { default: './index.js' }, './index.js' ],
     './package.json': './package.json' },
  dependencies: 
   { '@isaacs/string-locale-compare': '*',
     '@npmcli/arborist': '*',
     '@npmcli/ci-detect': '*',
     '@npmcli/config': '*',
     '@npmcli/map-workspaces': '*',
     '@npmcli/package-json': '*',
     '@npmcli/run-script': '*',
     abbrev: '*',
     ansicolors: '*',
     ansistyles: '*',
     archy: '*',
     cacache: '*',
     chalk: '*',
     chownr: '*',
     'cli-columns': '*',
     'cli-table3': '*',
     columnify: '*',
     'fastest-levenshtein': '*',
     glob: '*',
     'graceful-fs': '*',
     'hosted-git-info': '*',
     ini: '*',
     'init-package-json': '*',
     'is-cidr': '*',
     'json-parse-even-better-errors': '*',
     libnpmaccess: '*',
     libnpmdiff: '*',
     libnpmexec: '*',
     libnpmfund: '*',
     libnpmhook: '*',
     libnpmorg: '*',
     libnpmpack: '*',
     libnpmpublish: '*',
     libnpmsearch: '*',
     libnpmteam: '*',
     libnpmversion: '*',
     'make-fetch-happen': '*',
     minipass: '*',
     'minipass-pipeline': '*',
     mkdirp: '*',
     'mkdirp-infer-owner': '*',
     ms: '*',
     'node-gyp': '*',
     nopt: '*',
     'npm-audit-report': '*',
     'npm-install-checks': '*',
     'npm-package-arg': '*',
     'npm-pick-manifest': '*',
     'npm-profile': '*',
     'npm-registry-fetch': '*',
     'npm-user-validate': '*',
     npmlog: '*',
     opener: '*',
     pacote: '*',
     'parse-conflict-json': '*',
     'proc-log': '*',
     'qrcode-terminal': '*',
     read: '*',
     'read-package-json': '*',
     'read-package-json-fast': '*',
     'readdir-scoped-modules': '*',
     rimraf: '*',
     semver: '*',
     ssri: '*',
     tar: '*',
     'text-table': '*',
     'tiny-relative-date': '*',
     treeverse: '*',
     'validate-npm-package-name': '*',
     which: '*',
     'write-file-atomic': '*' },
  bundleDependencies: 
   [ '@isaacs/string-locale-compare',
     '@npmcli/arborist',
     '@npmcli/ci-detect',
     '@npmcli/config',
     '@npmcli/map-workspaces',
     '@npmcli/package-json',
     '@npmcli/run-script',
     'abbrev',
     'ansicolors',
     'ansistyles',
     'archy',
     'cacache',
     'chalk',
     'chownr',
     'cli-columns',
     'cli-table3',
     'columnify',
     'fastest-levenshtein',
     'glob',
     'graceful-fs',
     'hosted-git-info',
     'ini',
     'init-package-json',
     'is-cidr',
     'json-parse-even-better-errors',
     'libnpmaccess',
     'libnpmdiff',
     'libnpmexec',
     'libnpmfund',
     'libnpmhook',
     'libnpmorg',
     'libnpmpack',
     'libnpmpublish',
     'libnpmsearch',
     'libnpmteam',
     'libnpmversion',
     'make-fetch-happen',
     'minipass',
     'minipass-pipeline',
     'mkdirp',
     'mkdirp-infer-owner',
     'ms',
     'node-gyp',
     'nopt',
     'npm-audit-report',
     'npm-install-checks',
     'npm-package-arg',
     'npm-pick-manifest',
     'npm-profile',
     'npm-registry-fetch',
     'npm-user-validate',
     'npmlog',
     'opener',
     'pacote',
     'parse-conflict-json',
     'proc-log',
     'qrcode-terminal',
     'read',
     'read-package-json',
     'read-package-json-fast',
     'readdir-scoped-modules',
     'rimraf',
     'semver',
     'ssri',
     'tar',
     'text-table',
     'tiny-relative-date',
     'treeverse',
     'validate-npm-package-name',
     'which',
     'write-file-atomic' ],
  devDependencies: 
   { '@npmcli/eslint-config': '^2.0.0',
     eslint: '^8.3.0',
     licensee: '^8.2.0',
     spawk: '^1.7.1',
     tap: '^15.1.5' },
  scripts: 
   { dumpconf: 'env | grep npm | sort | uniq',
     preversion: 'bash scripts/update-authors.sh && git add AUTHORS && git commit -m "update AUTHORS" || true',
     licenses: 'licensee --production --errors-only',
     test: 'tap',
     'check-coverage': 'tap',
     snap: 'tap',
     postsnap: 'make -s mandocs',
     'test:nocleanup': 'NO_TEST_CLEANUP=1 npm run test --',
     sudotest: 'sudo npm run test --',
     'sudotest:nocleanup': 'sudo NO_TEST_CLEANUP=1 npm run test --',
     posttest: 'npm run lint',
     eslint: 'eslint',
     lint: 'npm run eslint -- bin lib scripts smoke-tests test ./*.js',
     lintfix: 'npm run lint -- --fix',
     prelint: 'rimraf test/npm_cache*',
     resetdeps: 'bash scripts/resetdeps.sh',
     'smoke-tests': 'tap smoke-tests/index.js' },
  tap: 
   { 'test-env': 'LC_ALL=sk',
     color: 1,
     files: 'test/{lib,bin,index.js}',
     'coverage-map': 'test/coverage-map.js',
     'check-coverage': true,
     timeout: 600 },
  engines: { node: '^12.13.0 || ^14.15.0 || >=16' },
  man: 
   [ 'man/man1/npm-access.1',
     'man/man1/npm-adduser.1',
     'man/man1/npm-audit.1',
     'man/man1/npm-bin.1',
     'man/man1/npm-bugs.1',
     'man/man1/npm-cache.1',
     'man/man1/npm-ci.1',
     'man/man1/npm-completion.1',
     'man/man1/npm-config.1',
     'man/man1/npm-dedupe.1',
     'man/man1/npm-deprecate.1',
     'man/man1/npm-diff.1',
     'man/man1/npm-dist-tag.1',
     'man/man1/npm-docs.1',
     'man/man1/npm-doctor.1',
     'man/man1/npm-edit.1',
     'man/man1/npm-exec.1',
     'man/man1/npm-explain.1',
     'man/man1/npm-explore.1',
     'man/man1/npm-find-dupes.1',
     'man/man1/npm-fund.1',
     'man/man1/npm-help-search.1',
     'man/man1/npm-help.1',
     'man/man1/npm-hook.1',
     'man/man1/npm-init.1',
     'man/man1/npm-install-ci-test.1',
     'man/man1/npm-install-test.1',
     'man/man1/npm-install.1',
     'man/man1/npm-link.1',
     'man/man1/npm-logout.1',
     'man/man1/npm-ls.1',
     'man/man1/npm-org.1',
     'man/man1/npm-outdated.1',
     'man/man1/npm-owner.1',
     'man/man1/npm-pack.1',
     'man/man1/npm-ping.1',
     'man/man1/npm-pkg.1',
     'man/man1/npm-prefix.1',
     'man/man1/npm-profile.1',
     'man/man1/npm-prune.1',
     'man/man1/npm-publish.1',
     'man/man1/npm-rebuild.1',
     'man/man1/npm-repo.1',
     'man/man1/npm-restart.1',
     'man/man1/npm-root.1',
     'man/man1/npm-run-script.1',
     'man/man1/npm-search.1',
     'man/man1/npm-set-script.1',
     'man/man1/npm-shrinkwrap.1',
     'man/man1/npm-star.1',
     'man/man1/npm-stars.1',
     'man/man1/npm-start.1',
     'man/man1/npm-stop.1',
     'man/man1/npm-team.1',
     'man/man1/npm-test.1',
     'man/man1/npm-token.1',
     'man/man1/npm-uninstall.1',
     'man/man1/npm-unpublish.1',
     'man/man1/npm-unstar.1',
     'man/man1/npm-update.1',
     'man/man1/npm-version.1',
     'man/man1/npm-view.1',
     'man/man1/npm-whoami.1',
     'man/man1/npm.1',
     'man/man1/npx.1',
     'man/man5/folders.5',
     'man/man5/install.5',
     'man/man5/npm-shrinkwrap-json.5',
     'man/man5/npmrc.5',
     'man/man5/package-json.5',
     'man/man5/package-lock-json.5',
     'man/man7/config.7',
     'man/man7/developers.7',
     'man/man7/logging.7',
     'man/man7/orgs.7',
     'man/man7/registry.7',
     'man/man7/removal.7',
     'man/man7/scope.7',
     'man/man7/scripts.7',
     'man/man7/workspaces.7' ],
  gitHead: 'd8aac8448e983692cacb427e03f4688cd1b62e30',
  dist: 
   { integrity: 'sha512-ug4xToae4Dh3yZh8Fp6MOnAPSS3fqCTANpJx1fXP2C4LTUzoZf7rEantHQR/ANPVYDBe5qQT4tGVsoPqqiYZMw==',
     shasum: '03d32b0ddb07a5865726baf7149bb0475023df4d',
     tarball: 'https://registry.npmjs.org/npm/-/npm-8.3.0.tgz',
     fileCount: 1886,
     unpackedSize: 8647256,
     'npm-signature': '-----BEGIN PGP SIGNATURE-----\r\nVersion: OpenPGP.js v3.0.13\r\nComment: https://openpgpjs.org\r\n\r\nwsFcBAEBCAAQBQJhsnHUCRA9TVsSAnZWagAAN1oP/A1FlbptX7LJAle/KYIE\n5haMMUQHItTJjzbxgTswKKb+jpyZmvVIpINn+veXjLnh4o/VgGg6lx1EdGxu\n1/PKhb5QHtyxHdNcGL+CZpNosRSG2HIuNO0eSO2UvSpEnUYI8K23jFzX5xHB\n8BtZVetosJCjx1FIwwbFfaWZhQIRKlU/qACGLCQum44pGYCnc6SSVEuTEr8v\ngsYeZZWU+dLHTgImEIqhyAehuQkkBSys7WLXMujNBFeZdg+jwMaivguSk64v\nBkhx04va+kxyFobkojDWmjG6iXkxVyA0alpufBhkymFD3zc5bzjJt8XuelTy\neE0H5WmfkFXv5qhc2cBEdZ6sB6siu8kw5GaveHSljXGHWvQAOyt1rH18VBMN\nJSuEi57XiO95Q0155mcfKzQx2ear9xsX3E6QFTzUrdA0fn4COI5YBbLJFAZK\nHnfDe1n9Hfet3MCFsp/JemSgqWBURoFx4NHxsn9dsduyRx1f+TspsuBXXoJ/\nRA9QcwchvHnUoIcYm1dzQHL+5RELANY3QUztTyjK4DX7GCOA31PLH99JtOOf\nXIovKOSpvHkYl623UWSMx7g2CDDNDmwkx2aFi92hTzEYqpRfUL8PSk/UEnIH\nca8DSjTKkjS7QP/lTU5v6AM1Pwu/8WcWJBXdp0jYfW7nItjFv81ePs7nLp4g\niHcS\r\n=FhX8\r\n-----END PGP SIGNATURE-----\r\n' } }

