This file contains any messages produced by compilers while
running configure, to aid debugging if configure makes a mistake.

It was created by configure, which was
generated by GNU Autoconf 2.67.  Invocation command line was

  $ ./configure 

## --------- ##
## Platform. ##
## --------- ##

hostname = Aquaogen
uname -m = x86_64
uname -r = 2.6.32-042stab145.3
uname -s = Linux
uname -v = #1 SMP Thu Jun 11 14:05:04 MSK 2020

/usr/bin/uname -p = x86_64
/bin/uname -X     = unknown

/bin/arch              = x86_64
/usr/bin/arch -k       = unknown
/usr/convex/getsysinfo = unknown
/usr/bin/hostinfo      = unknown
/bin/machine           = unknown
/usr/bin/oslevel       = unknown
/bin/universe          = unknown

PATH: /home/cabox/.nvm/versions/node/v8.12.0/bin
PATH: /usr/local/bin
PATH: /usr/bin
PATH: /usr/local/sbin
PATH: /usr/sbin
PATH: /home/cabox/.local/bin
PATH: /home/cabox/bin


## ----------- ##
## Core tests. ##
## ----------- ##

configure:2721: checking for a BSD-compatible install
configure:2789: result: /usr/bin/install -c
configure:2800: checking whether build environment is sane
configure:2837: result: yes
configure:2899: checking for gawk
configure:2915: found /usr/bin/gawk
configure:2926: result: gawk
configure:2937: checking whether make sets $(MAKE)
configure:2959: result: yes
configure:3138: checking whether to enable maintainer-specific portions of Makefiles
configure:3147: result: no
configure:3213: checking for gcc
configure:3229: found /usr/bin/gcc
configure:3240: result: gcc
configure:3469: checking for C compiler version
configure:3478: gcc --version >&5
gcc (GCC) 4.8.5 20150623 (Red Hat 4.8.5-28)
Copyright (C) 2015 Free Software Foundation, Inc.
This is free software; see the source for copying conditions.  There is NO
warranty; not even for MERCHANTABILITY or FITNESS FOR A PARTICULAR PURPOSE.

configure:3489: $? = 0
configure:3478: gcc -v >&5
Using built-in specs.
COLLECT_GCC=gcc
COLLECT_LTO_WRAPPER=/usr/libexec/gcc/x86_64-redhat-linux/4.8.5/lto-wrapper
Target: x86_64-redhat-linux
Configured with: ../configure --prefix=/usr --mandir=/usr/share/man --infodir=/usr/share/info --with-bugurl=http://bugzilla.redhat.com/bugzilla --enable-bootstrap --enable-shared --enable-threads=posix --enable-checking=release --with-system-zlib --enable-__cxa_atexit --disable-libunwind-exceptions --enable-gnu-unique-object --enable-linker-build-id --with-linker-hash-style=gnu --enable-languages=c,c++,objc,obj-c++,java,fortran,ada,go,lto --enable-plugin --enable-initfini-array --disable-libgcj --with-isl=/builddir/build/BUILD/gcc-4.8.5-20150702/obj-x86_64-redhat-linux/isl-install --with-cloog=/builddir/build/BUILD/gcc-4.8.5-20150702/obj-x86_64-redhat-linux/cloog-install --enable-gnu-indirect-function --with-tune=generic --with-arch_32=x86-64 --build=x86_64-redhat-linux
Thread model: posix
gcc version 4.8.5 20150623 (Red Hat 4.8.5-28) (GCC) 
configure:3489: $? = 0
configure:3478: gcc -V >&5
gcc: error: unrecognized command line option '-V'
gcc: fatal error: no input files
compilation terminated.
configure:3489: $? = 4
configure:3478: gcc -qversion >&5
gcc: error: unrecognized command line option '-qversion'
gcc: fatal error: no input files
compilation terminated.
configure:3489: $? = 4
configure:3509: checking whether the C compiler works
configure:3531: gcc    conftest.c  >&5
configure:3535: $? = 0
configure:3583: result: yes
configure:3586: checking for C compiler default output file name
configure:3588: result: a.out
configure:3594: checking for suffix of executables
configure:3601: gcc -o conftest    conftest.c  >&5
configure:3605: $? = 0
configure:3627: result: 
configure:3649: checking whether we are cross compiling
configure:3657: gcc -o conftest    conftest.c  >&5
configure:3661: $? = 0
configure:3668: ./conftest
configure:3672: $? = 0
configure:3687: result: no
configure:3692: checking for suffix of object files
configure:3714: gcc -c   conftest.c >&5
configure:3718: $? = 0
configure:3739: result: o
configure:3743: checking whether we are using the GNU C compiler
configure:3762: gcc -c   conftest.c >&5
configure:3762: $? = 0
configure:3771: result: yes
configure:3780: checking whether gcc accepts -g
configure:3800: gcc -c -g  conftest.c >&5
configure:3800: $? = 0
configure:3841: result: yes
configure:3858: checking for gcc option to accept ISO C89
configure:3922: gcc  -c -g -O2  conftest.c >&5
configure:3922: $? = 0
configure:3935: result: none needed
configure:3966: checking for style of include used by make
configure:3994: result: GNU
configure:4022: checking dependency style of gcc
configure:4112: result: gcc3
configure:4187: checking for g++
configure:4217: result: no
configure:4187: checking for c++
configure:4217: result: no
configure:4187: checking for gpp
configure:4217: result: no
configure:4187: checking for aCC
configure:4217: result: no
configure:4187: checking for CC
configure:4217: result: no
configure:4187: checking for cxx
configure:4217: result: no
configure:4187: checking for cc++
configure:4217: result: no
configure:4187: checking for cl.exe
configure:4217: result: no
configure:4187: checking for FCC
configure:4217: result: no
configure:4187: checking for KCC
configure:4217: result: no
configure:4187: checking for RCC
configure:4217: result: no
configure:4187: checking for xlC_r
configure:4217: result: no
configure:4187: checking for xlC
configure:4217: result: no
configure:4241: checking for C++ compiler version
configure:4250: g++ --version >&5
./configure: line 4252: g++: command not found
configure:4261: $? = 127
configure:4250: g++ -v >&5
./configure: line 4252: g++: command not found
configure:4261: $? = 127
configure:4250: g++ -V >&5
./configure: line 4252: g++: command not found
configure:4261: $? = 127
configure:4250: g++ -qversion >&5
./configure: line 4252: g++: command not found
configure:4261: $? = 127
configure:4265: checking whether we are using the GNU C++ compiler
configure:4284: g++ -c   conftest.cpp >&5
./configure: line 1675: g++: command not found
configure:4284: $? = 127
configure: failed program was:
| /* confdefs.h */
| #define PACKAGE_NAME ""
| #define PACKAGE_TARNAME ""
| #define PACKAGE_VERSION ""
| #define PACKAGE_STRING ""
| #define PACKAGE_BUGREPORT ""
| #define PACKAGE_URL ""
| #define PACKAGE "httrack"
| #define VERSION "3.45.1"
| /* end confdefs.h.  */
| 
| int
| main ()
| {
| #ifndef __GNUC__
|        choke me
| #endif
| 
|   ;
|   return 0;
| }
configure:4293: result: no
configure:4302: checking whether g++ accepts -g
configure:4322: g++ -c -g  conftest.cpp >&5
./configure: line 1675: g++: command not found
configure:4322: $? = 127
configure: failed program was:
| /* confdefs.h */
| #define PACKAGE_NAME ""
| #define PACKAGE_TARNAME ""
| #define PACKAGE_VERSION ""
| #define PACKAGE_STRING ""
| #define PACKAGE_BUGREPORT ""
| #define PACKAGE_URL ""
| #define PACKAGE "httrack"
| #define VERSION "3.45.1"
| /* end confdefs.h.  */
| 
| int
| main ()
| {
| 
|   ;
|   return 0;
| }
configure:4337: g++ -c   conftest.cpp >&5
./configure: line 1675: g++: command not found
configure:4337: $? = 127
configure: failed program was:
| /* confdefs.h */
| #define PACKAGE_NAME ""
| #define PACKAGE_TARNAME ""
| #define PACKAGE_VERSION ""
| #define PACKAGE_STRING ""
| #define PACKAGE_BUGREPORT ""
| #define PACKAGE_URL ""
| #define PACKAGE "httrack"
| #define VERSION "3.45.1"
| /* end confdefs.h.  */
| 
| int
| main ()
| {
| 
|   ;
|   return 0;
| }
configure:4353: g++ -c -g  conftest.cpp >&5
./configure: line 1675: g++: command not found
configure:4353: $? = 127
configure: failed program was:
| /* confdefs.h */
| #define PACKAGE_NAME ""
| #define PACKAGE_TARNAME ""
| #define PACKAGE_VERSION ""
| #define PACKAGE_STRING ""
| #define PACKAGE_BUGREPORT ""
| #define PACKAGE_URL ""
| #define PACKAGE "httrack"
| #define VERSION "3.45.1"
| /* end confdefs.h.  */
| 
| int
| main ()
| {
| 
|   ;
|   return 0;
| }
configure:4363: result: no
configure:4388: checking dependency style of g++
configure:4478: result: none
configure:4501: checking how to run the C preprocessor
configure:4532: gcc -E  conftest.c
configure:4532: $? = 0
configure:4546: gcc -E  conftest.c
conftest.c:11:28: fatal error: ac_nonexistent.h: No such file or directory
 #include <ac_nonexistent.h>
                            ^
compilation terminated.
configure:4546: $? = 1
configure: failed program was:
| /* confdefs.h */
| #define PACKAGE_NAME ""
| #define PACKAGE_TARNAME ""
| #define PACKAGE_VERSION ""
| #define PACKAGE_STRING ""
| #define PACKAGE_BUGREPORT ""
| #define PACKAGE_URL ""
| #define PACKAGE "httrack"
| #define VERSION "3.45.1"
| /* end confdefs.h.  */
| #include <ac_nonexistent.h>
configure:4571: result: gcc -E
configure:4591: gcc -E  conftest.c
configure:4591: $? = 0
configure:4605: gcc -E  conftest.c
conftest.c:11:28: fatal error: ac_nonexistent.h: No such file or directory
 #include <ac_nonexistent.h>
                            ^
compilation terminated.
configure:4605: $? = 1
configure: failed program was:
| /* confdefs.h */
| #define PACKAGE_NAME ""
| #define PACKAGE_TARNAME ""
| #define PACKAGE_VERSION ""
| #define PACKAGE_STRING ""
| #define PACKAGE_BUGREPORT ""
| #define PACKAGE_URL ""
| #define PACKAGE "httrack"
| #define VERSION "3.45.1"
| /* end confdefs.h.  */
| #include <ac_nonexistent.h>
configure:4634: checking for grep that handles long lines and -e
configure:4692: result: /usr/bin/grep
configure:4697: checking for egrep
configure:4759: result: /usr/bin/grep -E
configure:4764: checking for ANSI C header files
configure:4784: gcc -c -g -O2  conftest.c >&5
configure:4784: $? = 0
configure:4857: gcc -o conftest -g -O2   conftest.c  >&5
configure:4857: $? = 0
configure:4857: ./conftest
configure:4857: $? = 0
configure:4868: result: yes
configure:4905: checking build system type
configure:4919: result: x86_64-unknown-linux-gnu
configure:4939: checking host system type
configure:4952: result: x86_64-unknown-linux-gnu
configure:4972: checking for a sed that does not truncate output
configure:5036: result: /usr/bin/sed
configure:5054: checking for fgrep
configure:5116: result: /usr/bin/grep -F
configure:5151: checking for ld used by gcc
configure:5218: result: /usr/bin/ld
configure:5225: checking if the linker (/usr/bin/ld) is GNU ld
configure:5240: result: yes
configure:5252: checking for BSD- or MS-compatible name lister (nm)
configure:5301: result: /usr/bin/nm -B
configure:5419: checking the name lister (/usr/bin/nm -B) interface
configure:5426: gcc -c -g -O2  conftest.c >&5
configure:5429: /usr/bin/nm -B "conftest.o"
configure:5432: output
0000000000000000 B some_variable
configure:5439: result: BSD nm
configure:5442: checking whether ln -s works
configure:5446: result: yes
configure:5454: checking the maximum length of command line arguments
configure:5574: result: 1966080
configure:5591: checking whether the shell understands some XSI constructs
configure:5601: result: yes
configure:5605: checking whether the shell understands "+="
configure:5611: result: yes
configure:5646: checking for /usr/bin/ld option to reload object files
configure:5653: result: -r
configure:5722: checking for objdump
configure:5738: found /usr/bin/objdump
configure:5749: result: objdump
configure:5781: checking how to recognize dependent libraries
configure:5977: result: pass_all
configure:6037: checking for ar
configure:6053: found /usr/bin/ar
configure:6064: result: ar
configure:6142: checking for strip
configure:6158: found /usr/bin/strip
configure:6169: result: strip
configure:6241: checking for ranlib
configure:6257: found /usr/bin/ranlib
configure:6268: result: ranlib
configure:6358: checking command to parse /usr/bin/nm -B output from gcc object
configure:6476: gcc -c -g -O2  conftest.c >&5
configure:6479: $? = 0
configure:6483: /usr/bin/nm -B conftest.o \| sed -n -e 's/^.*[	 ]\([ABCDGIRSTW][ABCDGIRSTW]*\)[	 ][	 ]*\([_A-Za-z][_A-Za-z0-9]*\)$/\1 \2 \2/p' \> conftest.nm
configure:6486: $? = 0
configure:6540: gcc -o conftest -g -O2   conftest.c conftstm.o >&5
configure:6543: $? = 0
configure:6581: result: ok
configure:6676: gcc -c -g -O2  conftest.c >&5
configure:6679: $? = 0
configure:7389: checking for sys/types.h
configure:7389: gcc -c -g -O2  conftest.c >&5
configure:7389: $? = 0
configure:7389: result: yes
configure:7389: checking for sys/stat.h
configure:7389: gcc -c -g -O2  conftest.c >&5
configure:7389: $? = 0
configure:7389: result: yes
configure:7389: checking for stdlib.h
configure:7389: gcc -c -g -O2  conftest.c >&5
configure:7389: $? = 0
configure:7389: result: yes
configure:7389: checking for string.h
configure:7389: gcc -c -g -O2  conftest.c >&5
configure:7389: $? = 0
configure:7389: result: yes
configure:7389: checking for memory.h
configure:7389: gcc -c -g -O2  conftest.c >&5
configure:7389: $? = 0
configure:7389: result: yes
configure:7389: checking for strings.h
configure:7389: gcc -c -g -O2  conftest.c >&5
configure:7389: $? = 0
configure:7389: result: yes
configure:7389: checking for inttypes.h
configure:7389: gcc -c -g -O2  conftest.c >&5
configure:7389: $? = 0
configure:7389: result: yes
configure:7389: checking for stdint.h
configure:7389: gcc -c -g -O2  conftest.c >&5
configure:7389: $? = 0
configure:7389: result: yes
configure:7389: checking for unistd.h
configure:7389: gcc -c -g -O2  conftest.c >&5
configure:7389: $? = 0
configure:7389: result: yes
configure:7403: checking for dlfcn.h
configure:7403: gcc -c -g -O2  conftest.c >&5
configure:7403: $? = 0
configure:7403: result: yes
configure:7528: checking for C++ compiler version
configure:7537: g++ --version >&5
./configure: line 7539: g++: command not found
configure:7548: $? = 127
configure:7537: g++ -v >&5
./configure: line 7539: g++: command not found
configure:7548: $? = 127
configure:7537: g++ -V >&5
./configure: line 7539: g++: command not found
configure:7548: $? = 127
configure:7537: g++ -qversion >&5
./configure: line 7539: g++: command not found
configure:7548: $? = 127
configure:7552: checking whether we are using the GNU C++ compiler
configure:7580: result: no
configure:7589: checking whether g++ accepts -g
configure:7650: result: no
configure:7675: checking dependency style of g++
configure:7765: result: none
configure:8096: checking for objdir
configure:8111: result: .libs
configure:8403: checking if gcc supports -fno-rtti -fno-exceptions
configure:8421: gcc -c -g -O2  -fno-rtti -fno-exceptions conftest.c >&5
cc1: warning: command line option '-fno-rtti' is valid for C++/ObjC++ but not for C [enabled by default]
configure:8425: $? = 0
configure:8438: result: no
configure:8458: checking for gcc option to produce PIC
configure:8730: result: -fPIC -DPIC
configure:8742: checking if gcc PIC flag -fPIC -DPIC works
configure:8760: gcc -c -g -O2  -fPIC -DPIC -DPIC conftest.c >&5
configure:8764: $? = 0
configure:8777: result: yes
configure:8801: checking if gcc static flag -static works
configure:8829: result: no
configure:8844: checking if gcc supports -c -o file.o
configure:8865: gcc -c -g -O2  -o out/conftest2.o conftest.c >&5
configure:8869: $? = 0
configure:8891: result: yes
configure:8899: checking if gcc supports -c -o file.o
configure:8946: result: yes
configure:8979: checking whether the gcc linker (/usr/bin/ld) supports shared libraries
configure:9970: result: yes
configure:10007: checking whether -lc should be explicitly linked in
configure:10012: gcc -c -g -O2  conftest.c >&5
configure:10015: $? = 0
configure:10030: gcc -shared conftest.o  -v -Wl,-soname -Wl,conftest -o conftest 2\>\&1 \| /usr/bin/grep  -lc  \>/dev/null 2\>\&1
configure:10033: $? = 0
configure:10045: result: no
configure:10209: checking dynamic linker characteristics
configure:10642: gcc -o conftest -g -O2   -Wl,-rpath -Wl,/foo conftest.c  >&5
configure:10642: $? = 0
configure:10872: result: GNU/Linux ld.so
configure:10974: checking how to hardcode library paths into programs
configure:10999: result: immediate
configure:11519: checking whether stripping libraries is possible
configure:11524: result: yes
configure:11559: checking if libtool supports shared libraries
configure:11561: result: yes
configure:11564: checking whether to build shared libraries
configure:11585: result: yes
configure:11588: checking whether to build static libraries
configure:11592: result: yes
configure:14474: checking whether ln -s works
configure:14478: result: yes
configure:14507: checking size of long
configure:14512: gcc -o conftest -g -O2   conftest.c  >&5
configure:14512: $? = 0
configure:14512: ./conftest
configure:14512: $? = 0
configure:14526: result: 8
configure:14540: checking size of long long
configure:14545: gcc -o conftest -g -O2   conftest.c  >&5
configure:14545: $? = 0
configure:14545: ./conftest
configure:14545: $? = 0
configure:14559: result: 8
configure:14572: checking long printf format
configure:14587: gcc -o conftest -g -O2   conftest.c  >&5
conftest.c: In function 'main':
conftest.c:27:10: warning: incompatible implicit declaration of built-in function 'exit' [enabled by default]
          exit (c != 1234 || d != -1); }
          ^
configure:14587: $? = 0
configure:14587: ./conftest
configure:14587: $? = 0
configure:14588: result: found
configure:14765: checking for in_addr_t
configure:14765: gcc -c -g -O2  conftest.c >&5
configure:14765: $? = 0
configure:14765: gcc -c -g -O2  conftest.c >&5
conftest.c: In function 'main':
conftest.c:33:24: error: expected expression before ')' token
 if (sizeof ((in_addr_t)))
                        ^
configure:14765: $? = 1
configure: failed program was:
| /* confdefs.h */
| #define PACKAGE_NAME ""
| #define PACKAGE_TARNAME ""
| #define PACKAGE_VERSION ""
| #define PACKAGE_STRING ""
| #define PACKAGE_BUGREPORT ""
| #define PACKAGE_URL ""
| #define PACKAGE "httrack"
| #define VERSION "3.45.1"
| #define STDC_HEADERS 1
| #define HAVE_SYS_TYPES_H 1
| #define HAVE_SYS_STAT_H 1
| #define HAVE_STDLIB_H 1
| #define HAVE_STRING_H 1
| #define HAVE_MEMORY_H 1
| #define HAVE_STRINGS_H 1
| #define HAVE_INTTYPES_H 1
| #define HAVE_STDINT_H 1
| #define HAVE_UNISTD_H 1
| #define HAVE_DLFCN_H 1
| #define LT_OBJDIR ".libs/"
| #define SIZEOF_LONG 8
| #define SIZEOF_LONG_LONG 8
| #define LLINT_FORMAT "%ld"
| #define LLINT_TYPE long int
| /* end confdefs.h.  */
| #include <sys/types.h>
| #include <netinet/in.h>
| 
| int
| main ()
| {
| if (sizeof ((in_addr_t)))
| 	    return 0;
|   ;
|   return 0;
| }
configure:14765: result: yes
configure:14782: checking if zlib is wanted
configure:14797: result: yes
configure:14824: checking for inflateEnd in -lz
configure:14849: gcc -o conftest -g -O2  -I/usr/include  -L/usr/lib conftest.c -lz   >&5
configure:14849: $? = 0
configure:14858: result: yes
configure:14866: checking zlib.h usability
configure:14866: gcc -c -g -O2  -I/usr/include conftest.c >&5
configure:14866: $? = 0
configure:14866: result: yes
configure:14866: checking zlib.h presence
configure:14866: gcc -E  -I/usr/include conftest.c
configure:14866: $? = 0
configure:14866: result: yes
configure:14866: checking for zlib.h
configure:14866: result: yes
configure:14885: checking for inflateEnd in -lz
configure:14919: result: yes
configure:14930: checking zlib in /usr
configure:14932: result: ok
configure:14951: checking for getaddrinfo in -lc
configure:14976: gcc -o conftest -g -O2  -I/usr/include  -L/usr/lib conftest.c -lc  -lz  >&5
configure:14976: $? = 0
configure:14985: result: yes
configure:15000: checking for fopen64 in -lc
configure:15025: gcc -o conftest -g -O2  -I/usr/include  -L/usr/lib conftest.c -lc  -lz  >&5
configure:15025: $? = 0
configure:15034: result: yes
configure:15049: checking for pthread_create in -lpthread
configure:15074: gcc -o conftest -g -O2  -I/usr/include  -L/usr/lib conftest.c -lpthread  -lz  >&5
configure:15074: $? = 0
configure:15083: result: yes
configure:15200: checking for socket in -lsocket
configure:15225: gcc -o conftest -g -O2  -I/usr/include  -L/usr/lib conftest.c -lsocket  -lz  >&5
/usr/bin/ld: cannot find -lsocket
collect2: error: ld returned 1 exit status
configure:15225: $? = 1
configure: failed program was:
| /* confdefs.h */
| #define PACKAGE_NAME ""
| #define PACKAGE_TARNAME ""
| #define PACKAGE_VERSION ""
| #define PACKAGE_STRING ""
| #define PACKAGE_BUGREPORT ""
| #define PACKAGE_URL ""
| #define PACKAGE "httrack"
| #define VERSION "3.45.1"
| #define STDC_HEADERS 1
| #define HAVE_SYS_TYPES_H 1
| #define HAVE_SYS_STAT_H 1
| #define HAVE_STDLIB_H 1
| #define HAVE_STRING_H 1
| #define HAVE_MEMORY_H 1
| #define HAVE_STRINGS_H 1
| #define HAVE_INTTYPES_H 1
| #define HAVE_STDINT_H 1
| #define HAVE_UNISTD_H 1
| #define HAVE_DLFCN_H 1
| #define LT_OBJDIR ".libs/"
| #define SIZEOF_LONG 8
| #define SIZEOF_LONG_LONG 8
| #define LLINT_FORMAT "%ld"
| #define LLINT_TYPE long int
| #define HTS_DO_NOT_REDEFINE_in_addr_t /**/
| #define HAVE_LIBZ 1
| #define HTS_INET6 1
| #define HTS_LFS 1
| #define THREADS 1
| /* end confdefs.h.  */
| 
| /* Override any GCC internal prototype to avoid an error.
|    Use char because int might match the return type of a GCC
|    builtin and then its argument prototype would still apply.  */
| #ifdef __cplusplus
| extern "C"
| #endif
| char socket ();
| int
| main ()
| {
| return socket ();
|   ;
|   return 0;
| }
configure:15234: result: no
configure:15242: result: not necessary
configure:15249: checking for dlopen in -ldl
configure:15274: gcc -o conftest -g -O2  -I/usr/include  -L/usr/lib conftest.c -ldl  -lz  >&5
configure:15274: $? = 0
configure:15283: result: yes
configure:15348: checking for ftime in -lc
configure:15373: gcc -o conftest -g -O2  -I/usr/include  -L/usr/lib conftest.c -lc  -lz  >&5
configure:15373: $? = 0
configure:15382: result: yes
configure:15396: checking for setuid in -lc
configure:15421: gcc -o conftest -g -O2  -I/usr/include  -L/usr/lib conftest.c -lc  -lz  >&5
configure:15421: $? = 0
configure:15430: result: yes
configure:15447: checking for snprintf
configure:15447: gcc -o conftest -g -O2  -I/usr/include  -L/usr/lib conftest.c -lz  >&5
conftest.c:58:6: warning: conflicting types for built-in function 'snprintf' [enabled by default]
 char snprintf ();
      ^
configure:15447: $? = 0
configure:15447: result: yes
configure:15447: checking for vsnprintf
configure:15447: gcc -o conftest -g -O2  -I/usr/include  -L/usr/lib conftest.c -lz  >&5
conftest.c:59:6: warning: conflicting types for built-in function 'vsnprintf' [enabled by default]
 char vsnprintf ();
      ^
configure:15447: $? = 0
configure:15447: result: yes
configure:15456: checking for working snprintf
configure:15482: gcc -o conftest -g -O2  -I/usr/include  -L/usr/lib conftest.c -lz  >&5
conftest.c: In function 'main':
conftest.c:45:29: warning: incompatible implicit declaration of built-in function 'exit' [enabled by default]
     if (strcmp (bufs, "1")) exit (1);
                             ^
configure:15482: $? = 0
configure:15482: ./conftest
configure:15482: $? = 0
configure:15493: result: yes
configure:15495: checking for working vsnprintf
configure:15532: gcc -o conftest -g -O2  -I/usr/include  -L/usr/lib conftest.c -lz  >&5
conftest.c: In function 'main':
conftest.c:56:29: warning: incompatible implicit declaration of built-in function 'exit' [enabled by default]
     if (strcmp (bufs, "1")) exit (1);
                             ^
configure:15532: $? = 0
configure:15532: ./conftest
configure:15532: $? = 0
configure:15543: result: yes
configure:15684: creating ./config.status

## ---------------------- ##
## Running config.status. ##
## ---------------------- ##

This file was extended by config.status, which was
generated by GNU Autoconf 2.67.  Invocation command line was

  CONFIG_FILES    = 
  CONFIG_HEADERS  = 
  CONFIG_LINKS    = 
  CONFIG_COMMANDS = 
  $ ./config.status 

on Aquaogen

config.status:1157: creating Makefile
config.status:1157: creating src/Makefile
config.status:1157: creating man/Makefile
config.status:1157: creating m4/Makefile
config.status:1157: creating templates/Makefile
config.status:1157: creating lang/Makefile
config.status:1157: creating html/Makefile
config.status:1157: creating libtest/Makefile
config.status:1157: creating config.h
config.status:1378: executing depfiles commands
config.status:1378: executing libtool commands

## ---------------- ##
## Cache variables. ##
## ---------------- ##

ac_cv_build=x86_64-unknown-linux-gnu
ac_cv_c_compiler_gnu=yes
ac_cv_cxx_compiler_gnu=no
ac_cv_env_CCC_set=
ac_cv_env_CCC_value=
ac_cv_env_CC_set=
ac_cv_env_CC_value=
ac_cv_env_CFLAGS_set=
ac_cv_env_CFLAGS_value=
ac_cv_env_CPPFLAGS_set=
ac_cv_env_CPPFLAGS_value=
ac_cv_env_CPP_set=
ac_cv_env_CPP_value=
ac_cv_env_CXXCPP_set=
ac_cv_env_CXXCPP_value=
ac_cv_env_CXXFLAGS_set=
ac_cv_env_CXXFLAGS_value=
ac_cv_env_CXX_set=
ac_cv_env_CXX_value=
ac_cv_env_LDFLAGS_set=
ac_cv_env_LDFLAGS_value=
ac_cv_env_LIBS_set=
ac_cv_env_LIBS_value=
ac_cv_env_build_alias_set=
ac_cv_env_build_alias_value=
ac_cv_env_host_alias_set=
ac_cv_env_host_alias_value=
ac_cv_env_target_alias_set=
ac_cv_env_target_alias_value=
ac_cv_func_snprintf=yes
ac_cv_func_vsnprintf=yes
ac_cv_have_working_snprintf=yes
ac_cv_have_working_vsnprintf=yes
ac_cv_header_dlfcn_h=yes
ac_cv_header_inttypes_h=yes
ac_cv_header_memory_h=yes
ac_cv_header_stdc=yes
ac_cv_header_stdint_h=yes
ac_cv_header_stdlib_h=yes
ac_cv_header_string_h=yes
ac_cv_header_strings_h=yes
ac_cv_header_sys_stat_h=yes
ac_cv_header_sys_types_h=yes
ac_cv_header_unistd_h=yes
ac_cv_header_zlib_h=yes
ac_cv_host=x86_64-unknown-linux-gnu
ac_cv_lib_c_fopen64=yes
ac_cv_lib_c_ftime=yes
ac_cv_lib_c_getaddrinfo=yes
ac_cv_lib_c_setuid=yes
ac_cv_lib_dl_dlopen=yes
ac_cv_lib_pthread_pthread_create=yes
ac_cv_lib_socket_socket=no
ac_cv_lib_z_inflateEnd=yes
ac_cv_objext=o
ac_cv_path_EGREP='/usr/bin/grep -E'
ac_cv_path_FGREP='/usr/bin/grep -F'
ac_cv_path_GREP=/usr/bin/grep
ac_cv_path_SED=/usr/bin/sed
ac_cv_path_install='/usr/bin/install -c'
ac_cv_prog_AWK=gawk
ac_cv_prog_CPP='gcc -E'
ac_cv_prog_ac_ct_AR=ar
ac_cv_prog_ac_ct_CC=gcc
ac_cv_prog_ac_ct_OBJDUMP=objdump
ac_cv_prog_ac_ct_RANLIB=ranlib
ac_cv_prog_ac_ct_STRIP=strip
ac_cv_prog_cc_c89=
ac_cv_prog_cc_g=yes
ac_cv_prog_cxx_g=no
ac_cv_prog_make_make_set=yes
ac_cv_sizeof_long=8
ac_cv_sizeof_long_long=8
ac_cv_type_in_addr_t=yes
am_cv_CC_dependencies_compiler_type=gcc3
am_cv_CXX_dependencies_compiler_type=none
lt_cv_deplibs_check_method=pass_all
lt_cv_file_magic_cmd='$MAGIC_CMD'
lt_cv_file_magic_test_file=
lt_cv_ld_reload_flag=-r
lt_cv_nm_interface='BSD nm'
lt_cv_objdir=.libs
lt_cv_path_LD=/usr/bin/ld
lt_cv_path_NM='/usr/bin/nm -B'
lt_cv_prog_compiler_c_o=yes
lt_cv_prog_compiler_pic_works=yes
lt_cv_prog_compiler_rtti_exceptions=no
lt_cv_prog_compiler_static_works=no
lt_cv_prog_gnu_ld=yes
lt_cv_sys_global_symbol_pipe='sed -n -e '\''s/^.*[	 ]\([ABCDGIRSTW][ABCDGIRSTW]*\)[	 ][	 ]*\([_A-Za-z][_A-Za-z0-9]*\)$/\1 \2 \2/p'\'''
lt_cv_sys_global_symbol_to_c_name_address='sed -n -e '\''s/^: \([^ ]*\) $/  {\"\1\", (void *) 0},/p'\'' -e '\''s/^[ABCDGIRSTW]* \([^ ]*\) \([^ ]*\)$/  {"\2", (void *) \&\2},/p'\'''
lt_cv_sys_global_symbol_to_c_name_address_lib_prefix='sed -n -e '\''s/^: \([^ ]*\) $/  {\"\1\", (void *) 0},/p'\'' -e '\''s/^[ABCDGIRSTW]* \([^ ]*\) \(lib[^ ]*\)$/  {"\2", (void *) \&\2},/p'\'' -e '\''s/^[ABCDGIRSTW]* \([^ ]*\) \([^ ]*\)$/  {"lib\2", (void *) \&\2},/p'\'''
lt_cv_sys_global_symbol_to_cdecl='sed -n -e '\''s/^T .* \(.*\)$/extern int \1();/p'\'' -e '\''s/^[ABCDGIRSTW]* .* \(.*\)$/extern char \1;/p'\'''
lt_cv_sys_max_cmd_len=1966080
zlib_cv_libz=yes
zlib_cv_zlib_h=yes

## ----------------- ##
## Output variables. ##
## ----------------- ##

ACLOCAL='${SHELL} /home/cabox/workspace/desktop/httrack-3.45.1/missing --run aclocal-1.9'
AMDEPBACKSLASH='\'
AMDEP_FALSE='#'
AMDEP_TRUE=''
AMTAR='${SHELL} /home/cabox/workspace/desktop/httrack-3.45.1/missing --run tar'
AR='ar'
AUTOCONF='${SHELL} /home/cabox/workspace/desktop/httrack-3.45.1/missing --run autoconf'
AUTOHEADER='${SHELL} /home/cabox/workspace/desktop/httrack-3.45.1/missing --run autoheader'
AUTOMAKE='${SHELL} /home/cabox/workspace/desktop/httrack-3.45.1/missing --run automake-1.9'
AWK='gawk'
CC='gcc'
CCDEPMODE='depmode=gcc3'
CFLAGS='-g -O2'
CPP='gcc -E'
CPPFLAGS=' -I/usr/include'
CXX='g++'
CXXCPP=''
CXXDEPMODE='depmode=none'
CXXFLAGS=''
CYGPATH_W='echo'
DEFAULT_CFLAGS='-O -g3 -Wall -Wcast-align -Wstrict-prototypes -Wmissing-prototypes -Wmissing-declarations -Wpointer-arith -Wnested-externs -D_REENTRANT'
DEFS='-DHAVE_CONFIG_H'
DEPDIR='.deps'
DL_LIBS='-ldl'
DSYMUTIL=''
DUMPBIN=''
ECHO_C=''
ECHO_N='-n'
ECHO_T=''
EGREP='/usr/bin/grep -E'
EXEEXT=''
FGREP='/usr/bin/grep -F'
GREP='/usr/bin/grep'
INSTALL_DATA='${INSTALL} -m 644'
INSTALL_PROGRAM='${INSTALL}'
INSTALL_SCRIPT='${INSTALL}'
INSTALL_STRIP_PROGRAM='${SHELL} $(install_sh) -c -s'
LD='/usr/bin/ld'
LDFLAGS=' -L/usr/lib'
LFS_FLAG='-D_FILE_OFFSET_BITS=64 -D_LARGEFILE_SOURCE -D_LARGEFILE64_SOURCE'
LIBOBJS=''
LIBS='-lz '
LIBTOOL='$(SHELL) $(top_builddir)/libtool'
LIPO=''
LN_S='ln -s'
LTLIBOBJS=''
MAINT='#'
MAINTAINER_MODE_FALSE=''
MAINTAINER_MODE_TRUE='#'
MAKEINFO='${SHELL} /home/cabox/workspace/desktop/httrack-3.45.1/missing --run makeinfo'
NM='/usr/bin/nm -B'
NMEDIT=''
OBJDUMP='objdump'
OBJEXT='o'
OTOOL64=''
OTOOL=''
PACKAGE='httrack'
PACKAGE_BUGREPORT=''
PACKAGE_NAME=''
PACKAGE_STRING=''
PACKAGE_TARNAME=''
PACKAGE_URL=''
PACKAGE_VERSION=''
PATH_SEPARATOR=':'
RANLIB='ranlib'
SED='/usr/bin/sed'
SET_MAKE=''
SHELL='/bin/sh'
SOCKET_LIBS=''
STRIP='strip'
THREADS_CFLAGS=''
THREADS_LIBS='-lpthread'
V6_FLAG='-DINET6'
VERSION='3.45.1'
VERSION_INFO='2:45:0'
ac_ct_CC='gcc'
ac_ct_CXX=''
ac_ct_DUMPBIN=''
am__fastdepCC_FALSE='#'
am__fastdepCC_TRUE=''
am__fastdepCXX_FALSE=''
am__fastdepCXX_TRUE='#'
am__include='include'
am__leading_dot='.'
am__quote=''
am__tar='${AMTAR} chof - "$$tardir"'
am__untar='${AMTAR} xf -'
bindir='${exec_prefix}/bin'
build='x86_64-unknown-linux-gnu'
build_alias=''
build_cpu='x86_64'
build_os='linux-gnu'
build_vendor='unknown'
datadir='${datarootdir}'
datarootdir='${prefix}/share'
docdir='${datarootdir}/doc/${PACKAGE}'
dvidir='${docdir}'
exec_prefix='${prefix}'
host='x86_64-unknown-linux-gnu'
host_alias=''
host_cpu='x86_64'
host_os='linux-gnu'
host_vendor='unknown'
htmldir='${docdir}'
includedir='${prefix}/include'
infodir='${datarootdir}/info'
install_sh='/home/cabox/workspace/desktop/httrack-3.45.1/install-sh'
libdir='${exec_prefix}/lib'
libexecdir='${exec_prefix}/libexec'
localedir='${datarootdir}/locale'
localstatedir='${prefix}/var'
lt_ECHO='echo'
mandir='${datarootdir}/man'
mkdir_p='mkdir -p --'
oldincludedir='/usr/include'
pdfdir='${docdir}'
prefix='/usr/local'
program_transform_name='s,x,x,'
psdir='${docdir}'
sbindir='${exec_prefix}/sbin'
sharedstatedir='${prefix}/com'
sysconfdir='${prefix}/etc'
target_alias=''

## ----------- ##
## confdefs.h. ##
## ----------- ##

/* confdefs.h */
#define PACKAGE_NAME ""
#define PACKAGE_TARNAME ""
#define PACKAGE_VERSION ""
#define PACKAGE_STRING ""
#define PACKAGE_BUGREPORT ""
#define PACKAGE_URL ""
#define PACKAGE "httrack"
#define VERSION "3.45.1"
#define STDC_HEADERS 1
#define HAVE_SYS_TYPES_H 1
#define HAVE_SYS_STAT_H 1
#define HAVE_STDLIB_H 1
#define HAVE_STRING_H 1
#define HAVE_MEMORY_H 1
#define HAVE_STRINGS_H 1
#define HAVE_INTTYPES_H 1
#define HAVE_STDINT_H 1
#define HAVE_UNISTD_H 1
#define HAVE_DLFCN_H 1
#define LT_OBJDIR ".libs/"
#define SIZEOF_LONG 8
#define SIZEOF_LONG_LONG 8
#define LLINT_FORMAT "%ld"
#define LLINT_TYPE long int
#define HTS_DO_NOT_REDEFINE_in_addr_t /**/
#define HAVE_LIBZ 1
#define HTS_INET6 1
#define HTS_LFS 1
#define THREADS 1
#define DLLIB 1
#define FTIME 1
#define SETUID 1
#define HAVE_SNPRINTF 1
#define HAVE_VSNPRINTF 1

configure: exit 0
