[expressjs.com/index.html]
[backblue.gif]
[fade.gif]
[index.html]
[expressjs.com/images/favicon.png]
[expressjs.com/css/style2984.css]
[expressjs.com/css/dropit.css]
[expressjs.com/css/prism.css]
[expressjs.com/css/font-awesome.min.css]
[expressjs.com/css/en.css]
[expressjs.com/css/nodeinteractive.css]
[ajax.googleapis.com/ajax/libs/jquery/2.1.1/jquery.min.js]
[expressjs.com/js/ismobile.js]
[expressjs.com/js/app.js]
[expressjs.com/js/retina.js]
[expressjs.com/js/dropit.js]
[expressjs.com/js/prism.js]
[expressjs.com/en/starter/installing.html]
[expressjs.com/en/starter/hello-world.html]
[expressjs.com/en/starter/generator.html]
[expressjs.com/en/starter/basic-routing.html]
[expressjs.com/en/starter/static-files.html]
[expressjs.com/en/starter/examples.html]
[expressjs.com/en/starter/faq.html]
[expressjs.com/en/guide/routing.html]
[expressjs.com/en/guide/writing-middleware.html]
[expressjs.com/en/guide/using-middleware.html]
[expressjs.com/en/guide/overriding-express-api.html]
[expressjs.com/en/guide/using-template-engines.html]
[expressjs.com/en/guide/error-handling.html]
[expressjs.com/en/guide/debugging.html]
[expressjs.com/en/guide/behind-proxies.html]
[expressjs.com/en/guide/migrating-4.html]
[expressjs.com/en/guide/migrating-5.html]
[expressjs.com/en/guide/database-integration.html]
[expressjs.com/en/4x/api.html]
[expressjs.com/en/5x/api.html]
[expressjs.com/en/advanced/developing-template-engines.html]
[expressjs.com/en/3x/api.html]
[expressjs.com/en/advanced/pm.html]
[expressjs.com/en/advanced/security-updates.html]
[expressjs.com/en/advanced/best-practice-security.html]
[expressjs.com/en/advanced/best-practice-performance.html]
[expressjs.com/en/advanced/healthcheck-graceful-shutdown.html]
[expressjs.com/en/resources/glossary.html]
[expressjs.com/en/resources/community.html]
[expressjs.com/en/resources/template-engines.html]
[expressjs.com/en/resources/middleware.html]
[expressjs.com/en/resources/utils.html]
[expressjs.com/en/resources/frameworks.html]
[expressjs.com/en/resources/companies-using-express.html]
[expressjs.com/en/resources/open-source-using-express.html]
[expressjs.com/en/resources/learning.html]
[expressjs.com/en/resources/contributing.html]
[expressjs.com/en/changelog/4x.html]
[expressjs.com/images/arrow.png]
[expressjs.com/index.html]
[expressjs.com/cdn-cgi/scripts/7d0fa10a/cloudflare-static/rocket-loader.min.js]
[expressjs.com/images/bg.jpg]
[expressjs.com/images/announcement-icon.png]
[expressjs.com/images/fork-icon.38.delayed]
[expressjs.com/css/style2984.css]
[expressjs.com/images/announcement-icon_2x.png]
[expressjs.com/css/dropit.css]
[expressjs.com/css/prism.css]
[expressjs.com/fonts/fontawesome-webfont78ce.woff]
[expressjs.com/fonts/fontawesome-webfont78ce.eot]
[expressjs.com/fonts/fontawesome-webfont78ce.svg]
[expressjs.com/css/font-awesome.min.css]
[fonts.googleapis.com/css2a1d.css]
[expressjs.com/css/en.css]
[expressjs.com/css/nodeinteractive.css]
[expressjs.com/en/starter/installing.html]
[expressjs.com/en/starter/hello-world.html]
[expressjs.com/en/starter/generator.html]
[expressjs.com/en/starter/basic-routing.html]
[expressjs.com/resources/middleware/serve-static.html]
[expressjs.com/en/starter/static-files.html]
[expressjs.com/en/starter/examples.html]
[expressjs.com/en/starter/faq.html]
[expressjs.com/en/guide/routing.html]
[expressjs.com/images/express-mw.png]
[expressjs.com/resources/middleware/cookie-parser.html]
[expressjs.com/en/guide/writing-middleware.html]
[expressjs.com/en/guide/using-middleware.html]
[expressjs.com/fonts/fontawesome-webfontd41d.eot]
[expressjs.com/en/guide/overriding-express-api.html]
[expressjs.com/en/guide/using-template-engines.html]
[expressjs.com/en/guide/error-handling.html]
[expressjs.com/en/guide/debugging.html]
[expressjs.com/4x/api.html]
[expressjs.com/en/guide/behind-proxies.html]
[expressjs.com/en/guide/migrating-4.html]
[expressjs.com/en/guide/migrating-5.html]
[expressjs.com/en/guide/database-integration.html]
[expressjs.com/fonts/fontawesome-webfont78ce.ttf]
[expressjs.com/resources/middleware/body-parser.html]
[expressjs.com/en/api.html]
[expressjs.com/starter/static-files.html]
[expressjs.com/guide/routing.html]
[expressjs.com/advanced/best-practice-performance.html]
[expressjs.com/guide/behind-proxies.html]
[expressjs.com/guide/using-middleware.html]
[expressjs.com/en/4x/api.html]
[expressjs.com/guide/using-template-engines.html]
[expressjs.com/en/5x/api.html]
[expressjs.com/en/3x/api.html]
[expressjs.com/5x/api.html]
[expressjs.com/2x/index.html]
[expressjs.com/2x/images/bg.tile.jpg]
[expressjs.com/2x/images/bg.jpg]
[expressjs.com/2x/images/logo.png]
[expressjs.com/2x/images/top.png]
[expressjs.com/2x/index-2.html]
[expressjs.com/2x/screencasts.html]
[expressjs.com/2x/guide.html]
[expressjs.com/2x/applications.html]
[expressjs.com/2x/index.html]
[expressjs.com/en/advanced/developing-template-engines.html]
[expressjs.com/en/advanced/pm.html]
[expressjs.com/en/advanced/security-updates.html]
[expressjs.com/en/advanced/best-practice-security.html]
[expressjs.com/2x/executable.html]
[expressjs.com/en/advanced/best-practice-performance.html]
[expressjs.com/en/advanced/healthcheck-graceful-shutdown.html]
[expressjs.com/en/resources/glossary.html]
[expressjs.com/en/resources/community.html]
[expressjs.com/en/resources/template-engines.html]
[expressjs.com/images/clustering.png]
[expressjs.com/resources/middleware/compression.html]
[expressjs.com/resources/middleware/connect-rid.html]
[expressjs.com/resources/middleware/cookie-session.html]
[expressjs.com/resources/middleware/cors.html]
[expressjs.com/resources/middleware/csurf.html]
[expressjs.com/resources/middleware/errorhandler.html]
[expressjs.com/resources/middleware/method-override.html]
[expressjs.com/resources/middleware/morgan.html]
[expressjs.com/resources/middleware/multer.html]
[expressjs.com/resources/middleware/response-time.html]
[expressjs.com/resources/middleware/serve-favicon.html]
[expressjs.com/resources/middleware/serve-index.html]
[expressjs.com/resources/middleware/session.html]
[expressjs.com/resources/middleware/timeout.html]
[expressjs.com/en/resources/middleware.html]
[expressjs.com/en/resources/utils.html]
[expressjs.com/en/resources/frameworks.html]
[expressjs.com/resources/middleware/vhost.html]
[expressjs.com/images/companies/accenture-logo.png]
[expressjs.com/images/companies/denti-sphere-logo.png]
[expressjs.com/images/companies/exove-logo.png]
[expressjs.com/images/companies/fox-sports-logo.png]
[expressjs.com/images/companies/ibm-logo.png]
[expressjs.com/images/companies/icicle-logo.png]
[expressjs.com/images/companies/mulesoft-logo.png]
[expressjs.com/images/companies/myntra-logo.png]
[expressjs.com/images/companies/nodeBB-logo.png]
[expressjs.com/images/companies/quizup-logo.png]
[expressjs.com/images/companies/ripjar-logo.png]
[expressjs.com/images/companies/risingstack-logo.png]
[expressjs.com/images/companies/sparkpost-logo.png]
[expressjs.com/images/companies/uber-logo.png]
[expressjs.com/images/companies/yandex-logo.png]
[expressjs.com/images/companies/OrgASLogo.png]
[expressjs.com/images/companies/circlehd-logo.png]
[expressjs.com/images/companies/teachoo-logo.png]
[expressjs.com/images/companies/taskade-logo.png]
[expressjs.com/images/companies/hasura-logo.png]
[expressjs.com/images/companies/ilovecoding-logo.png]
[expressjs.com/images/companies/kuali-logo.png]
[expressjs.com/images/companies/wormhole-logo.png]
[expressjs.com/en/resources/companies-using-express.html]
[expressjs.com/en/resources/open-source-using-express.html]
[expressjs.com/en/resources/learning.html]
[expressjs.com/en/resources/contributing.html]
[expressjs.com/en/changelog/4x.html]
[expressjs.com/images/companies/workinbiotech-logo.png]
[strongloop.com/index.html]
[expressjs.com/fr/index.html]
[expressjs.com/css/fr.css]
[expressjs.com/fr/starter/installing.html]
[expressjs.com/fr/starter/hello-world.html]
[expressjs.com/fr/starter/generator.html]
[expressjs.com/fr/starter/basic-routing.html]
[expressjs.com/fr/starter/static-files.html]
[expressjs.com/fr/starter/faq.html]
[expressjs.com/fr/guide/routing.html]
[expressjs.com/fr/guide/writing-middleware.html]
[expressjs.com/fr/guide/using-middleware.html]
[expressjs.com/fr/guide/using-template-engines.html]
[expressjs.com/fr/guide/error-handling.html]
[expressjs.com/fr/guide/debugging.html]
[expressjs.com/fr/guide/behind-proxies.html]
[expressjs.com/fr/guide/migrating-4.html]
[expressjs.com/fr/guide/migrating-5.html]
[expressjs.com/fr/guide/database-integration.html]
[expressjs.com/fr/4x/api.html]
[expressjs.com/fr/3x/api.html]
[expressjs.com/fr/advanced/developing-template-engines.html]
[expressjs.com/fr/advanced/pm.html]
[expressjs.com/fr/advanced/security-updates.html]
[expressjs.com/fr/advanced/best-practice-security.html]
[expressjs.com/fr/advanced/best-practice-performance.html]
[expressjs.com/fr/resources/glossary.html]
[expressjs.com/fr/resources/middleware.html]
[expressjs.com/fr/resources/community.html]
[expressjs.com/fr/index.html]
[expressjs.com/fr/resources/learning.html]
[expressjs.com/de/index.html]
[expressjs.com/css/de.css]
[expressjs.com/de/starter/installing.html]
[expressjs.com/de/starter/hello-world.html]
[expressjs.com/de/starter/generator.html]
[expressjs.com/de/starter/basic-routing.html]
[expressjs.com/de/starter/static-files.html]
[expressjs.com/de/starter/faq.html]
[expressjs.com/de/guide/routing.html]
[expressjs.com/de/guide/writing-middleware.html]
[expressjs.com/de/guide/using-template-engines.html]
[expressjs.com/de/guide/error-handling.html]
[expressjs.com/de/guide/using-middleware.html]
[expressjs.com/de/guide/debugging.html]
[expressjs.com/de/guide/behind-proxies.html]
[expressjs.com/de/guide/migrating-4.html]
[expressjs.com/de/guide/migrating-5.html]
[expressjs.com/de/guide/database-integration.html]
[expressjs.com/de/4x/api.html]
[expressjs.com/de/advanced/developing-template-engines.html]
[expressjs.com/de/3x/api.html]
[expressjs.com/de/advanced/pm.html]
[expressjs.com/de/advanced/security-updates.html]
[expressjs.com/de/advanced/best-practice-security.html]
[expressjs.com/de/advanced/best-practice-performance.html]
[expressjs.com/de/resources/glossary.html]
[expressjs.com/de/resources/middleware.html]
[expressjs.com/de/index.html]
[expressjs.com/de/resources/learning.html]
[expressjs.com/de/resources/community.html]
[expressjs.com/es/index.html]
[expressjs.com/css/es.css]
[expressjs.com/es/starter/installing.html]
[expressjs.com/es/starter/hello-world.html]
[expressjs.com/es/starter/generator.html]
[expressjs.com/es/starter/basic-routing.html]
[expressjs.com/es/starter/static-files.html]
[expressjs.com/es/starter/faq.html]
[expressjs.com/es/guide/routing.html]
[expressjs.com/es/guide/writing-middleware.html]
[expressjs.com/es/guide/using-middleware.html]
[expressjs.com/es/guide/using-template-engines.html]
[expressjs.com/es/guide/error-handling.html]
[expressjs.com/es/guide/debugging.html]
[expressjs.com/es/guide/behind-proxies.html]
[expressjs.com/es/guide/migrating-4.html]
[expressjs.com/es/guide/migrating-5.html]
[expressjs.com/es/guide/database-integration.html]
[expressjs.com/es/4x/api.html]
[expressjs.com/es/3x/api.html]
[expressjs.com/es/advanced/developing-template-engines.html]
[expressjs.com/es/advanced/pm.html]
[expressjs.com/es/advanced/security-updates.html]
[expressjs.com/es/advanced/best-practice-security.html]
[expressjs.com/es/advanced/best-practice-performance.html]
[expressjs.com/es/resources/glossary.html]
[expressjs.com/es/resources/middleware.html]
[expressjs.com/es/resources/community.html]
[expressjs.com/es/index.html]
[expressjs.com/es/resources/learning.html]
[expressjs.com/it/index.html]
[expressjs.com/css/it.css]
[expressjs.com/it/starter/installing.html]
[expressjs.com/it/starter/hello-world.html]
[expressjs.com/it/starter/generator.html]
[expressjs.com/it/starter/basic-routing.html]
[expressjs.com/it/starter/static-files.html]
[expressjs.com/it/starter/faq.html]
[expressjs.com/it/guide/routing.html]
[expressjs.com/it/guide/writing-middleware.html]
[expressjs.com/it/guide/using-middleware.html]
[expressjs.com/it/guide/using-template-engines.html]
[expressjs.com/it/guide/error-handling.html]
[expressjs.com/it/guide/debugging.html]
[expressjs.com/it/guide/behind-proxies.html]
[expressjs.com/it/guide/migrating-4.html]
[expressjs.com/it/guide/migrating-5.html]
[expressjs.com/it/guide/database-integration.html]
[expressjs.com/it/3x/api.html]
[expressjs.com/it/4x/api.html]
[expressjs.com/it/advanced/developing-template-engines.html]
[expressjs.com/it/advanced/pm.html]
[expressjs.com/it/advanced/security-updates.html]
[expressjs.com/it/advanced/best-practice-security.html]
[expressjs.com/it/advanced/best-practice-performance.html]
[expressjs.com/it/resources/glossary.html]
[expressjs.com/it/resources/middleware.html]
[expressjs.com/it/resources/community.html]
[expressjs.com/it/index.html]
[expressjs.com/it/resources/learning.html]
[expressjs.com/ja/index.html]
[expressjs.com/css/ja.css]
[expressjs.com/ja/starter/installing.html]
[expressjs.com/ja/starter/hello-world.html]
[expressjs.com/ja/starter/generator.html]
[expressjs.com/ja/starter/basic-routing.html]
[expressjs.com/ja/starter/static-files.html]
[expressjs.com/ja/starter/faq.html]
[expressjs.com/ja/guide/routing.html]
[expressjs.com/ja/guide/writing-middleware.html]
[expressjs.com/ja/guide/using-middleware.html]
[expressjs.com/ja/guide/using-template-engines.html]
[expressjs.com/ja/guide/error-handling.html]
[expressjs.com/ja/guide/debugging.html]
[expressjs.com/ja/guide/behind-proxies.html]
[expressjs.com/ja/guide/migrating-4.html]
[expressjs.com/ja/guide/migrating-5.html]
[expressjs.com/ja/guide/database-integration.html]
[expressjs.com/ja/4x/api.html]
[expressjs.com/ja/3x/api.html]
[expressjs.com/ja/advanced/developing-template-engines.html]
[expressjs.com/ja/advanced/pm.html]
[expressjs.com/ja/advanced/security-updates.html]
[expressjs.com/ja/advanced/best-practice-security.html]
[expressjs.com/ja/resources/glossary.html]
[expressjs.com/ja/advanced/best-practice-performance.html]
[expressjs.com/ja/resources/middleware.html]
[expressjs.com/ja/resources/community.html]
[expressjs.com/ja/resources/learning.html]
[expressjs.com/ja/index.html]
[expressjs.com/ru/index.html]
[expressjs.com/css/ru.css]
[expressjs.com/ru/starter/installing.html]
[expressjs.com/ru/starter/hello-world.html]
[expressjs.com/ru/starter/generator.html]
[expressjs.com/ru/starter/basic-routing.html]
[expressjs.com/ru/starter/static-files.html]
[expressjs.com/ru/starter/faq.html]
[expressjs.com/ru/guide/routing.html]
[expressjs.com/ru/guide/writing-middleware.html]
[expressjs.com/ru/guide/using-middleware.html]
[expressjs.com/ru/guide/using-template-engines.html]
[expressjs.com/ru/guide/error-handling.html]
[expressjs.com/ru/guide/debugging.html]
[expressjs.com/ru/guide/behind-proxies.html]
[expressjs.com/ru/guide/migrating-4.html]
[expressjs.com/ru/guide/migrating-5.html]
[expressjs.com/ru/guide/database-integration.html]
[expressjs.com/ru/3x/api.html]
[expressjs.com/ru/4x/api.html]
[expressjs.com/ru/advanced/developing-template-engines.html]
[expressjs.com/ru/advanced/pm.html]
[expressjs.com/ru/advanced/security-updates.html]
[expressjs.com/ru/advanced/best-practice-security.html]
[expressjs.com/ru/advanced/best-practice-performance.html]
[expressjs.com/ru/resources/glossary.html]
[expressjs.com/ru/resources/middleware.html]
[expressjs.com/ru/resources/community.html]
[expressjs.com/ru/index.html]
[expressjs.com/ru/resources/learning.html]
[expressjs.com/zh-cn/index.html]
[expressjs.com/css/zh-cn.css]
[expressjs.com/zh-cn/starter/installing.html]
[expressjs.com/zh-cn/starter/hello-world.html]
[expressjs.com/zh-cn/starter/generator.html]
[expressjs.com/zh-cn/starter/basic-routing.html]
[expressjs.com/zh-cn/starter/static-files.html]
[expressjs.com/zh-cn/starter/faq.html]
[expressjs.com/zh-cn/guide/routing.html]
[expressjs.com/zh-cn/guide/writing-middleware.html]
[expressjs.com/zh-cn/guide/using-middleware.html]
[expressjs.com/zh-cn/guide/using-template-engines.html]
[expressjs.com/zh-cn/guide/error-handling.html]
[expressjs.com/zh-cn/guide/debugging.html]
[expressjs.com/zh-cn/guide/behind-proxies.html]
[expressjs.com/zh-cn/guide/migrating-4.html]
[expressjs.com/zh-cn/guide/migrating-5.html]
[expressjs.com/zh-cn/guide/database-integration.html]
[expressjs.com/zh-cn/3x/api.html]
[expressjs.com/zh-cn/advanced/developing-template-engines.html]
[expressjs.com/zh-cn/advanced/pm.html]
[expressjs.com/zh-cn/advanced/security-updates.html]
[expressjs.com/zh-cn/advanced/best-practice-security.html]
[expressjs.com/zh-cn/4x/api.html]
[expressjs.com/zh-cn/advanced/best-practice-performance.html]
[expressjs.com/zh-cn/resources/glossary.html]
[expressjs.com/zh-cn/resources/middleware.html]
[expressjs.com/zh-cn/resources/learning.html]
[expressjs.com/zh-cn/index.html]
[expressjs.com/zh-cn/resources/community.html]
[expressjs.com/zh-cn/resources/frameworks.html]
[expressjs.com/zh-tw/index.html]
[expressjs.com/css/zh-tw.css]
[expressjs.com/zh-tw/starter/installing.html]
[expressjs.com/zh-tw/starter/hello-world.html]
[expressjs.com/zh-tw/starter/generator.html]
[expressjs.com/zh-tw/starter/basic-routing.html]
[expressjs.com/zh-tw/starter/static-files.html]
[expressjs.com/zh-tw/starter/faq.html]
[expressjs.com/zh-tw/guide/routing.html]
[expressjs.com/zh-tw/guide/writing-middleware.html]
[expressjs.com/zh-tw/guide/using-middleware.html]
[expressjs.com/zh-tw/guide/using-template-engines.html]
[expressjs.com/zh-tw/guide/error-handling.html]
[expressjs.com/zh-tw/guide/debugging.html]
[expressjs.com/zh-tw/guide/behind-proxies.html]
[expressjs.com/zh-tw/guide/migrating-4.html]
[expressjs.com/zh-tw/guide/migrating-5.html]
[expressjs.com/zh-tw/guide/database-integration.html]
[expressjs.com/zh-tw/3x/api.html]
[expressjs.com/zh-tw/advanced/developing-template-engines.html]
[expressjs.com/zh-tw/4x/api.html]
[expressjs.com/zh-tw/advanced/pm.html]
[expressjs.com/zh-tw/advanced/security-updates.html]
[expressjs.com/zh-tw/advanced/best-practice-security.html]
[expressjs.com/zh-tw/advanced/best-practice-performance.html]
[expressjs.com/zh-tw/resources/glossary.html]
[expressjs.com/zh-tw/resources/middleware.html]
[expressjs.com/zh-tw/resources/community.html]
[expressjs.com/zh-tw/resources/learning.html]
[expressjs.com/zh.168.delayed]
[expressjs.com/zh-tw/index.html]
[expressjs.com/ko/index.html]
[expressjs.com/css/ko.css]
[expressjs.com/ko/starter/installing.html]
[expressjs.com/ko/starter/hello-world.html]
[expressjs.com/ko/starter/generator.html]
[expressjs.com/ko/starter/basic-routing.html]
[expressjs.com/ko/starter/static-files.html]
[expressjs.com/ko/starter/faq.html]
[expressjs.com/ko/guide/routing.html]
[expressjs.com/ko/guide/writing-middleware.html]
[expressjs.com/ko/guide/using-middleware.html]
[expressjs.com/ko/guide/using-template-engines.html]
[expressjs.com/ko/guide/error-handling.html]
[expressjs.com/ko/guide/debugging.html]
[expressjs.com/ko/guide/behind-proxies.html]
[expressjs.com/ko/guide/migrating-4.html]
[expressjs.com/ko/guide/migrating-5.html]
[expressjs.com/ko/guide/database-integration.html]
[expressjs.com/ko/3x/api.html]
[expressjs.com/ko/4x/api.html]
[expressjs.com/ko/advanced/developing-template-engines.html]
[expressjs.com/ko/advanced/pm.html]
[expressjs.com/ko/advanced/security-updates.html]
[expressjs.com/ko/advanced/best-practice-security.html]
[expressjs.com/ko/advanced/best-practice-performance.html]
[expressjs.com/ko/resources/glossary.html]
[expressjs.com/ko/resources/middleware.html]
[expressjs.com/ko/resources/community.html]
[expressjs.com/ko/resources/learning.html]
[expressjs.com/ko/changelog/4x.html]
[expressjs.com/ko/resources/frameworks.188.delayed]
[expressjs.com/ko/index.html]
[expressjs.com/pt-br/index.html]
[expressjs.com/css/pt-br.css]
[expressjs.com/pt-br/starter/installing.html]
[expressjs.com/pt-br/starter/hello-world.html]
[expressjs.com/pt-br/starter/generator.html]
[expressjs.com/pt-br/starter/basic-routing.html]
[expressjs.com/pt-br/starter/static-files.html]
[expressjs.com/pt-br/starter/faq.html]
[expressjs.com/pt-br/guide/routing.html]
[expressjs.com/pt-br/guide/writing-middleware.html]
[expressjs.com/pt-br/guide/using-template-engines.html]
[expressjs.com/pt-br/guide/error-handling.html]
[expressjs.com/pt-br/guide/debugging.html]
[expressjs.com/pt-br/guide/behind-proxies.html]
[expressjs.com/pt-br/guide/migrating-4.html]
[expressjs.com/pt-br/guide/using-middleware.html]
[expressjs.com/pt-br/guide/migrating-5.html]
[expressjs.com/pt-br/guide/database-integration.html]
[expressjs.com/pt-br/4x/api.html]
[expressjs.com/pt-br/advanced/developing-template-engines.html]
[expressjs.com/pt-br/3x/api.html]
[expressjs.com/pt-br/advanced/pm.html]
[expressjs.com/pt-br/advanced/security-updates.html]
[expressjs.com/pt-br/advanced/best-practice-security.html]
[expressjs.com/pt-br/advanced/best-practice-performance.html]
[expressjs.com/pt-br/resources/glossary.html]
[expressjs.com/pt-br/resources/middleware.html]
[expressjs.com/pt-br/resources/community.html]
[expressjs.com/pt-br/index.html]
[expressjs.com/pt-br/resources/learning.html]
[expressjs.com/sk/index.html]
[expressjs.com/css/sk.css]
[expressjs.com/sk/starter/installing.html]
[expressjs.com/sk/starter/hello-world.html]
[expressjs.com/sk/starter/generator.html]
[expressjs.com/sk/starter/basic-routing.html]
[expressjs.com/sk/starter/static-files.html]
[expressjs.com/sk/starter/faq.html]
[expressjs.com/sk/guide/routing.html]
[expressjs.com/sk/guide/writing-middleware.html]
[expressjs.com/sk/guide/using-middleware.html]
[expressjs.com/sk/guide/using-template-engines.html]
[expressjs.com/sk/guide/error-handling.html]
[expressjs.com/sk/guide/debugging.html]
[expressjs.com/sk/guide/behind-proxies.html]
[expressjs.com/sk/guide/migrating-4.html]
[expressjs.com/sk/guide/migrating-5.html]
[expressjs.com/sk/guide/database-integration.html]
[expressjs.com/sk/4x/api.html]
[expressjs.com/sk/advanced/developing-template-engines.html]
[expressjs.com/sk/3x/api.html]
[expressjs.com/sk/advanced/security-updates.html]
[expressjs.com/sk/advanced/pm.html]
[expressjs.com/sk/advanced/best-practice-security.html]
[expressjs.com/sk/advanced/best-practice-performance.html]
[expressjs.com/sk/resources/glossary.html]
[expressjs.com/sk/resources/middleware.html]
[expressjs.com/sk/resources/community.html]
[expressjs.com/sk/resources/frameworks.html]
[expressjs.com/sk/resources/learning.html]
[expressjs.com/sk/index.html]
[expressjs.com/sk/resources/companies-using-express.html]
[expressjs.com/uk/index.html]
[expressjs.com/css/uk.css]
[expressjs.com/uk/starter/installing.html]
[expressjs.com/uk/starter/hello-world.html]
[expressjs.com/uk/starter/generator.html]
[expressjs.com/uk/starter/basic-routing.html]
[expressjs.com/uk/starter/static-files.html]
[expressjs.com/uk/guide/routing.html]
[expressjs.com/uk/guide/writing-middleware.html]
[expressjs.com/uk/guide/using-middleware.html]
[expressjs.com/uk/guide/using-template-engines.html]
[expressjs.com/uk/guide/error-handling.html]
[expressjs.com/uk/starter/faq.html]
[expressjs.com/uk/guide/debugging.html]
[expressjs.com/uk/guide/behind-proxies.html]
[expressjs.com/uk/guide/migrating-4.html]
[expressjs.com/uk/guide/migrating-5.html]
[expressjs.com/uk/guide/database-integration.html]
[expressjs.com/uk/4x/api.html]
[expressjs.com/uk/3x/api.html]
[expressjs.com/uk/advanced/developing-template-engines.html]
[expressjs.com/uk/advanced/pm.html]
[expressjs.com/uk/advanced/security-updates.html]
[expressjs.com/uk/advanced/best-practice-security.html]
[expressjs.com/uk/advanced/best-practice-performance.html]
[expressjs.com/uk/resources/glossary.html]
[expressjs.com/uk/resources/middleware.html]
[expressjs.com/uk/resources/community.html]
[expressjs.com/uk/resources/frameworks.html]
[expressjs.com/uk/index.html]
[expressjs.com/uk/resources/learning.html]
[expressjs.com/uz/index.html]
[expressjs.com/css/uz.1e0.delayed]
[expressjs.com/uz/starter/installing.html]
[expressjs.com/uz/starter/hello-world.html]
[expressjs.com/uz/starter/generator.html]
[expressjs.com/uz/starter/basic-routing.html]
[expressjs.com/uz/starter/static-files.html]
[expressjs.com/uz/starter/faq.html]
[expressjs.com/uz/guide/routing.html]
[expressjs.com/uz/guide/writing-middleware.1e8.delayed]
[expressjs.com/uz/guide/using-middleware.html]
[expressjs.com/uz/guide/using-template-engines.html]
[expressjs.com/uz/guide/error-handling.html]
[expressjs.com/uz/guide/debugging.html]
[expressjs.com/uz/guide/behind-proxies.html]
[expressjs.com/uz/guide/migrating-4.html]
[expressjs.com/uz/guide/migrating-5.1ef.delayed]
[expressjs.com/uz/guide/database-integration.html]
[expressjs.com/uz/3x/api.html]
[expressjs.com/uz/4x/api.html]
[expressjs.com/uz/advanced/pm.html]
[expressjs.com/uz/advanced/developing-template-engines.html]
[expressjs.com/uz/advanced/security-updates.html]
[expressjs.com/uz/advanced/best-practice-security.1f6.delayed]
[expressjs.com/uz/advanced/best-practice-performance.1f7.delayed]
[expressjs.com/uz/resources/glossary.html]
[expressjs.com/uz/resources/middleware.html]
[expressjs.com/uz/resources/community.html]
[expressjs.com/uz/resources/learning.html]
[expressjs.com/uz/resources/frameworks.1fc.delayed]
[expressjs.com/uz/index.html]
[expressjs.com/tr/index.html]
[expressjs.com/css/tr.css]
[expressjs.com/tr/starter/installing.html]
[expressjs.com/tr/starter/hello-world.html]
[expressjs.com/tr/starter/generator.html]
[expressjs.com/tr/starter/basic-routing.html]
[expressjs.com/tr/starter/static-files.html]
[expressjs.com/tr/starter/faq.html]
[expressjs.com/tr/guide/routing.html]
[expressjs.com/tr/guide/writing-middleware.html]
[expressjs.com/tr/guide/using-middleware.html]
[expressjs.com/tr/guide/using-template-engines.html]
[expressjs.com/tr/guide/error-handling.html]
[expressjs.com/tr/guide/debugging.html]
[expressjs.com/tr/guide/behind-proxies.html]
[expressjs.com/tr/guide/migrating-4.html]
[expressjs.com/tr/guide/migrating-5.html]
[expressjs.com/tr/guide/database-integration.html]
[expressjs.com/tr/3x/api.html]
[expressjs.com/tr/4x/api.html]
[expressjs.com/tr/advanced/developing-template-engines.html]
[expressjs.com/tr/advanced/pm.html]
[expressjs.com/tr/advanced/security-updates.html]
[expressjs.com/tr/advanced/best-practice-security.html]
[expressjs.com/tr/advanced/best-practice-performance.html]
[expressjs.com/tr/resources/glossary.html]
[expressjs.com/tr/resources/community.html]
[expressjs.com/tr/resources/middleware.html]
[expressjs.com/tr/resources/utils.html]
[expressjs.com/tr/resources/frameworks.html]
[expressjs.com/tr/resources/learning.html]
[expressjs.com/tr/resources/companies-using-express.html]
[expressjs.com/tr/resources/contributing.html]
[expressjs.com/tr/changelog/4x.html]
[expressjs.com/tr/tr/changelog/4x.21e.delayed]
[expressjs.com/tr/index.html]
[expressjs.com/th/index.html]
[expressjs.com/css/th.css]
[expressjs.com/th/starter/installing.html]
[expressjs.com/th/starter/hello-world.html]
[expressjs.com/th/starter/generator.html]
[expressjs.com/th/starter/basic-routing.html]
[expressjs.com/th/starter/static-files.html]
[expressjs.com/th/starter/faq.html]
[expressjs.com/th/guide/routing.html]
[expressjs.com/th/guide/writing-middleware.html]
[expressjs.com/th/guide/using-middleware.html]
[expressjs.com/th/guide/using-template-engines.html]
[expressjs.com/th/guide/error-handling.html]
[expressjs.com/th/guide/debugging.html]
[expressjs.com/th/guide/behind-proxies.html]
[expressjs.com/th/guide/migrating-4.html]
[expressjs.com/th/guide/migrating-5.html]
[expressjs.com/th/guide/database-integration.html]
[expressjs.com/th/3x/api.html]
[expressjs.com/th/4x/api.html]
[expressjs.com/th/advanced/developing-template-engines.html]
[expressjs.com/th/advanced/pm.html]
[expressjs.com/th/advanced/security-updates.html]
[expressjs.com/th/advanced/best-practice-security.html]
[expressjs.com/th/advanced/best-practice-performance.html]
[expressjs.com/th/resources/glossary.html]
[expressjs.com/th/resources/community.html]
[expressjs.com/th/resources/middleware.html]
[expressjs.com/th/resources/utils.html]
[expressjs.com/th/resources/frameworks.html]
[expressjs.com/th/resources/learning.html]
[expressjs.com/th/resources/companies-using-express.html]
[expressjs.com/th/resources/contributing.html]
[expressjs.com/th/changelog/4x.23f.delayed]
[expressjs.com/th/th/changelog/4x.240.delayed]
[expressjs.com/th/th/resources/frameworks.241.delayed]
[expressjs.com/th/index.html]
[creativecommons.org/licenses/by-sa/3.0/us/index.html]
[expressjs.com/fonts/fontawesome-webfont78ce.svg]
[expressjs.com/resources/middleware/serve-static.html]
[expressjs.com/en/resources/middleware/serve-static.html]
[expressjs.com/resources/middleware/cookie-parser.html]
[expressjs.com/4x/api.html]
[expressjs.com/en/api.html]
[expressjs.com/en/resources/middleware/cookie-parser.html]
[expressjs.com/resources/middleware/body-parser.html]
[expressjs.com/starter/static-files.html]
[expressjs.com/guide/routing.html]
[expressjs.com/advanced/best-practice-performance.html]
[expressjs.com/guide/behind-proxies.html]
[expressjs.com/guide/using-middleware.html]
[expressjs.com/guide/using-template-engines.html]
[expressjs.com/5x/api.html]
[expressjs.com/2x/index-2.html]
[expressjs.com/en/resources/middleware/body-parser.html]
[expressjs.com/guide.245.delayed]
[expressjs.com/2x/guide.html]
[expressjs.com/2x/screencasts.html]
[expressjs.com/2x/migrate.html]
[expressjs.com/2x/images/apps/learnboost.png]
[expressjs.com/2x/images/apps/storify.png]
[expressjs.com/2x/images/apps/developmentseed.png]
[expressjs.com/2x/images/apps/markupio.png]
[expressjs.com/2x/images/apps/scrabbly.png]
[expressjs.com/2x/images/apps/clickdummy.png]
[expressjs.com/2x/images/apps/nodeko.png]
[expressjs.com/2x/images/apps/widescript.png]
[expressjs.com/2x/images/apps/e-resistable.24f.delayed]
[expressjs.com/2x/applications.html]
[expressjs.com/2x/images/apps/toptwittertrends.png]
[expressjs.com/2x/executable.html]
[expressjs.com/en/resources/middleware/compression.html]
[expressjs.com/resources/middleware/compression.html]
[expressjs.com/resources/middleware/connect-rid.html]
[expressjs.com/en/resources/middleware/connect-rid.html]
[expressjs.com/resources/middleware/cookie-session.html]
[expressjs.com/en/resources/middleware/cookie-session.html]
[expressjs.com/resources/middleware/cors.html]
[expressjs.com/en/resources/middleware/cors.html]
[expressjs.com/resources/middleware/csurf.html]
[expressjs.com/en/resources/middleware/csurf.html]
[expressjs.com/resources/middleware/errorhandler.html]
[expressjs.com/en/resources/middleware/errorhandler.html]
[expressjs.com/resources/middleware/method-override.html]
[expressjs.com/en/resources/middleware/method-override.html]
[expressjs.com/resources/middleware/morgan.html]
[expressjs.com/en/resources/middleware/morgan.html]
[expressjs.com/resources/middleware/multer.html]
[expressjs.com/en/resources/middleware/multer.html]
[expressjs.com/en/resources/middleware/response-time.html]
[expressjs.com/resources/middleware/response-time.html]
[expressjs.com/resources/middleware/serve-favicon.html]
[expressjs.com/en/resources/middleware/serve-favicon.html]
[expressjs.com/resources/middleware/serve-index.html]
[expressjs.com/en/resources/middleware/serve-index.html]
[expressjs.com/resources/middleware/session.html]
[expressjs.com/en/resources/middleware/session.html]
[expressjs.com/resources/middleware/timeout.html]
[expressjs.com/resources/middleware/vhost.html]
[expressjs.com/css/fr.css]
[expressjs.com/fr/starter/installing.html]
[expressjs.com/en/resources/middleware/timeout.html]
[expressjs.com/en/resources/middleware/vhost.html]
[expressjs.com/fr/starter/pugjs.260.delayed]
[expressjs.com/fr/starter/hello-world.html]
[expressjs.com/fr/starter/generator.html]
[expressjs.com/fr/starter/basic-routing.html]
[expressjs.com/fr/starter/static-files.html]
[expressjs.com/fr/starter/faq.html]
[expressjs.com/fr/guide/routing.html]
[expressjs.com/fr/guide/writing-middleware.html]
[expressjs.com/fr/guide/using-middleware.html]
[expressjs.com/fr/guide/using-template-engines.html]
[expressjs.com/fr/guide/error-handling.html]
[expressjs.com/fr/guide/debugging.html]
[expressjs.com/fr/guide/behind-proxies.html]
[expressjs.com/fr/guide/migrating-4.html]
[expressjs.com/fr/guide/migrating-5.html]
[expressjs.com/fr/guide/database-integration.html]
[expressjs.com/fr/4x/api.html]
[expressjs.com/fr/3x/api.html]
[expressjs.com/fr/advanced/developing-template-engines.html]
[expressjs.com/fr/advanced/pm.html]
[expressjs.com/fr/advanced/security-updates.html]
[expressjs.com/fr/advanced/best-practice-security.html]
[expressjs.com/fr/advanced/best-practice-performance.html]
[expressjs.com/fr/resources/glossary.html]
[expressjs.com/fr/resources/middleware.html]
[expressjs.com/fr/resources/community.html]
[expressjs.com/fr/resources/learning.html]
[expressjs.com/css/de.css]
[expressjs.com/de/starter/installing.html]
[expressjs.com/de/starter/hello-world.html]
[expressjs.com/de/starter/generator.html]
[expressjs.com/de/starter/basic-routing.html]
[expressjs.com/de/starter/static-files.html]
[expressjs.com/de/starter/faq.html]
[expressjs.com/de/guide/routing.html]
[expressjs.com/de/guide/writing-middleware.html]
[expressjs.com/de/guide/using-middleware.html]
[expressjs.com/de/guide/using-template-engines.html]
[expressjs.com/de/guide/error-handling.html]
[expressjs.com/de/guide/debugging.html]
[expressjs.com/de/guide/behind-proxies.html]
[expressjs.com/de/guide/migrating-4.html]
[expressjs.com/de/guide/migrating-5.html]
[expressjs.com/de/guide/database-integration.html]
[expressjs.com/de/4x/api.html]
[expressjs.com/de/3x/api.html]
[expressjs.com/de/advanced/developing-template-engines.html]
[expressjs.com/de/advanced/pm.html]
[expressjs.com/de/advanced/security-updates.html]
[expressjs.com/de/advanced/best-practice-security.html]
[expressjs.com/de/advanced/best-practice-performance.html]
[expressjs.com/de/resources/glossary.html]
[expressjs.com/de/resources/middleware.html]
[expressjs.com/de/resources/community.html]
[expressjs.com/de/resources/learning.html]
[expressjs.com/css/es.css]
[expressjs.com/es/starter/installing.html]
[expressjs.com/es/starter/hello-world.html]
[expressjs.com/es/starter/generator.html]
[expressjs.com/es/starter/basic-routing.html]
[expressjs.com/es/starter/static-files.html]
[expressjs.com/es/starter/faq.html]
[expressjs.com/es/guide/routing.html]
[expressjs.com/es/guide/writing-middleware.html]
[expressjs.com/es/guide/using-middleware.html]
[expressjs.com/es/guide/using-template-engines.html]
[expressjs.com/es/guide/error-handling.html]
[expressjs.com/es/guide/debugging.html]
[expressjs.com/es/guide/behind-proxies.html]
[expressjs.com/es/guide/migrating-4.html]
[expressjs.com/es/guide/migrating-5.html]
[expressjs.com/es/guide/database-integration.html]
[expressjs.com/es/4x/api.html]
[expressjs.com/es/3x/api.html]
[expressjs.com/es/advanced/developing-template-engines.html]
[expressjs.com/es/advanced/pm.html]
[expressjs.com/es/advanced/security-updates.html]
[expressjs.com/es/advanced/best-practice-security.html]
[expressjs.com/es/advanced/best-practice-performance.html]
[expressjs.com/es/resources/glossary.html]
[expressjs.com/es/resources/middleware.html]
[expressjs.com/es/resources/community.html]
[expressjs.com/es/resources/learning.html]
[expressjs.com/css/it.css]
[expressjs.com/it/starter/installing.html]
[expressjs.com/it/starter/hello-world.html]
[expressjs.com/it/starter/generator.html]
[expressjs.com/it/starter/basic-routing.html]
[expressjs.com/it/starter/static-files.html]
[expressjs.com/it/starter/faq.html]
[expressjs.com/it/guide/routing.html]
[expressjs.com/it/guide/writing-middleware.html]
[expressjs.com/it/guide/using-middleware.html]
[expressjs.com/it/guide/using-template-engines.html]
[expressjs.com/it/guide/error-handling.html]
[expressjs.com/it/guide/debugging.html]
[expressjs.com/fr/api.html]
[expressjs.com/it/guide/behind-proxies.html]
[expressjs.com/it/guide/migrating-4.html]
[expressjs.com/it/guide/migrating-5.html]
[expressjs.com/it/guide/database-integration.html]
[expressjs.com/it/4x/api.html]
[expressjs.com/it/3x/api.html]
[expressjs.com/it/advanced/developing-template-engines.html]
[expressjs.com/it/advanced/pm.html]
[expressjs.com/it/advanced/security-updates.html]
[expressjs.com/it/advanced/best-practice-security.html]
[expressjs.com/it/advanced/best-practice-performance.html]
[expressjs.com/it/resources/glossary.html]
[expressjs.com/it/resources/middleware.html]
[expressjs.com/it/resources/community.html]
[expressjs.com/it/resources/learning.html]
[expressjs.com/css/ja.css]
[expressjs.com/ja/starter/installing.html]
[expressjs.com/ja/starter/hello-world.html]
[expressjs.com/ja/starter/generator.html]
[expressjs.com/ja/starter/basic-routing.html]
[expressjs.com/ja/starter/static-files.html]
[expressjs.com/ja/starter/faq.html]
[expressjs.com/de/api.html]
[expressjs.com/es/api.html]
[expressjs.com/ja/4x/ api.265.delayed]
[expressjs.com/ja/guide/routing.html]
[expressjs.com/ja/guide/writing-middleware.html]
[expressjs.com/ja/guide/using-middleware.html]
[expressjs.com/ja/guide/using-template-engines.html]
[expressjs.com/ja/guide/error-handling.html]
[expressjs.com/ja/guide/debugging.html]
[expressjs.com/it/api.html]
[expressjs.com/ja/guide/behind-proxies.html]
[expressjs.com/ja/guide/migrating-4.html]
[expressjs.com/ja/guide/migrating-5.html]
[expressjs.com/ja/guide/database-integration.html]
[expressjs.com/ja/4x/api.html]
[expressjs.com/ja/3x/api.html]
[expressjs.com/ja/advanced/developing-template-engines.html]
[expressjs.com/ja/advanced/pm.html]
[expressjs.com/ja/api.html]
[expressjs.com/ja/resources/contributing.267.delayed]
[expressjs.com/ja/advanced/security-updates.html]
[expressjs.com/ja/advanced/best-practice-security.html]
[expressjs.com/ja/advanced/best-practice-performance.html]
[expressjs.com/ja/resources/glossary.html]
[expressjs.com/ja/resources/middleware.html]
[expressjs.com/ja/resources/community.html]
[expressjs.com/ja/resources/learning.html]
[expressjs.com/css/ru.css]
[expressjs.com/ru/starter/installing.html]
[expressjs.com/ru/starter/hello-world.html]
[expressjs.com/ru/starter/generator.html]
[expressjs.com/ru/starter/basic-routing.html]
[expressjs.com/ru/starter/static-files.html]
[expressjs.com/ru/starter/faq.html]
[expressjs.com/ru/guide/routing.html]
[expressjs.com/ru/guide/writing-middleware.html]
[expressjs.com/ru/guide/using-middleware.html]
[expressjs.com/ru/guide/using-template-engines.html]
[expressjs.com/ru/guide/error-handling.html]
[expressjs.com/ru/guide/debugging.html]
[expressjs.com/ru/guide/behind-proxies.html]
[expressjs.com/ru/guide/migrating-4.html]
[expressjs.com/ru/guide/migrating-5.html]
[expressjs.com/ru/guide/database-integration.html]
[expressjs.com/ru/4x/api.html]
[expressjs.com/ru/3x/api.html]
[expressjs.com/ru/advanced/developing-template-engines.html]
[expressjs.com/ru/advanced/pm.html]
[expressjs.com/ru/advanced/security-updates.html]
[expressjs.com/ru/advanced/best-practice-security.html]
[expressjs.com/ru/advanced/best-practice-performance.html]
[expressjs.com/ru/resources/glossary.html]
[expressjs.com/ru/resources/middleware.html]
[expressjs.com/ru/resources/community.html]
[expressjs.com/ru/resources/learning.html]
[expressjs.com/css/zh-cn.css]
[expressjs.com/zh-cn/starter/installing.html]
[expressjs.com/zh-cn/starter/hello-world.html]
[expressjs.com/zh-cn/starter/generator.html]
[expressjs.com/zh-cn/starter/basic-routing.html]
[expressjs.com/zh-cn/starter/static-files.html]
[expressjs.com/zh-cn/starter/faq.html]
[expressjs.com/zh-cn/guide/routing.html]
[expressjs.com/zh-cn/guide/writing-middleware.html]
[expressjs.com/zh-cn/guide/using-middleware.html]
[expressjs.com/zh-cn/guide/using-template-engines.html]
[expressjs.com/zh-cn/guide/error-handling.html]
[expressjs.com/zh-cn/guide/debugging.html]
[expressjs.com/zh-cn/guide/behind-proxies.html]
[expressjs.com/zh-cn/guide/migrating-4.html]
[expressjs.com/zh-cn/guide/migrating-5.html]
[expressjs.com/zh-cn/guide/database-integration.html]
[expressjs.com/zh-cn/4x/api.html]
[expressjs.com/zh-cn/3x/api.html]
[expressjs.com/zh-cn/advanced/developing-template-engines.html]
[expressjs.com/zh-cn/advanced/pm.html]
[expressjs.com/zh-cn/advanced/security-updates.html]
[expressjs.com/zh-cn/advanced/best-practice-security.html]
[expressjs.com/zh-cn/advanced/best-practice-performance.html]
[expressjs.com/zh-cn/resources/glossary.html]
[expressjs.com/zh-cn/resources/middleware.html]
[expressjs.com/zh-cn/resources/community.html]
[expressjs.com/zh-cn/resources/learning.html]
[expressjs.com/zh-cn/resources/frameworks.html]
[expressjs.com/css/zh-tw.css]
[expressjs.com/zh-tw/starter/installing.html]
[expressjs.com/zh-tw/starter/hello-world.html]
[expressjs.com/zh-tw/starter/generator.html]
[expressjs.com/zh-tw/starter/basic-routing.html]
[expressjs.com/zh-tw/starter/static-files.html]
[expressjs.com/zh-tw/starter/faq.html]
[expressjs.com/zh-tw/guide/routing.html]
[expressjs.com/zh-tw/guide/writing-middleware.html]
[expressjs.com/zh-tw/guide/using-middleware.html]
[expressjs.com/zh-tw/guide/using-template-engines.html]
[expressjs.com/zh-tw/guide/error-handling.html]
[expressjs.com/zh-tw/guide/debugging.html]
[expressjs.com/ru/api.html]
[expressjs.com/zh-tw/guide/behind-proxies.html]
[expressjs.com/zh-tw/guide/migrating-4.html]
[expressjs.com/zh-tw/guide/migrating-5.html]
[expressjs.com/zh-tw/guide/database-integration.html]
[expressjs.com/zh-tw/4x/api.html]
[expressjs.com/zh-tw/3x/api.html]
[expressjs.com/zh-tw/advanced/developing-template-engines.html]
[expressjs.com/zh-tw/advanced/pm.html]
[expressjs.com/zh-tw/advanced/security-updates.html]
[expressjs.com/zh-tw/advanced/best-practice-security.html]
[expressjs.com/zh-tw/advanced/best-practice-performance.html]
[expressjs.com/zh-tw/resources/glossary.html]
[expressjs.com/zh-tw/resources/middleware.html]
[expressjs.com/zh-tw/resources/community.html]
[expressjs.com/zh-tw/resources/learning.html]
[expressjs.com/zh.html]
[expressjs.com/css/ko.css]
[expressjs.com/ko/starter/installing.html]
[expressjs.com/ko/starter/hello-world.html]
[expressjs.com/ko/starter/generator.html]
[expressjs.com/ko/starter/basic-routing.html]
[expressjs.com/ko/starter/static-files.html]
[expressjs.com/ko/starter/faq.html]
[expressjs.com/ko/guide/routing.html]
[expressjs.com/ko/guide/writing-middleware.html]
[expressjs.com/ko/guide/using-middleware.html]
[expressjs.com/ko/guide/using-template-engines.html]
[expressjs.com/ko/guide/error-handling.html]
[expressjs.com/ko/guide/debugging.html]
[expressjs.com/ko/guide/behind-proxies.html]
[expressjs.com/ko/guide/migrating-4.html]
[expressjs.com/ko/guide/migrating-5.html]
[expressjs.com/ko/guide/database-integration.html]
[expressjs.com/ko/4x/api.html]
[expressjs.com/ko/3x/api.html]
[expressjs.com/ko/advanced/developing-template-engines.html]
[expressjs.com/ko/advanced/pm.html]
[expressjs.com/ko/advanced/security-updates.html]
[expressjs.com/ko/advanced/best-practice-security.html]
[expressjs.com/ko/advanced/best-practice-performance.html]
[expressjs.com/ko/resources/glossary.html]
[expressjs.com/ko/resources/middleware.html]
[expressjs.com/ko/resources/community.html]
[expressjs.com/ko/resources/learning.html]
[expressjs.com/ko/changelog/4x.html]
[expressjs.com/ko/resources/frameworks.html]
[expressjs.com/css/pt-br.css]
[expressjs.com/pt-br/starter/installing.html]
[expressjs.com/pt-br/starter/hello-world.html]
[expressjs.com/pt-br/starter/generator.html]
[expressjs.com/pt-br/starter/basic-routing.html]
[expressjs.com/pt-br/starter/static-files.html]
[expressjs.com/pt-br/starter/faq.html]
[expressjs.com/pt-br/guide/routing.html]
[expressjs.com/pt-br/guide/writing-middleware.html]
[expressjs.com/pt-br/guide/using-middleware.html]
[expressjs.com/pt-br/guide/using-template-engines.html]
[expressjs.com/pt-br/guide/error-handling.html]
[expressjs.com/pt-br/guide/debugging.html]
[expressjs.com/zh-cn/api.html]
[expressjs.com/zh-tw/api.html]
[expressjs.com/pt-br/guide/behind-proxies.html]
[expressjs.com/pt-br/guide/migrating-4.html]
[expressjs.com/pt-br/guide/migrating-5.html]
[expressjs.com/pt-br/guide/database-integration.html]
[expressjs.com/pt-br/4x/api.html]
[expressjs.com/pt-br/3x/api.html]
[expressjs.com/pt-br/advanced/developing-template-engines.html]
[expressjs.com/pt-br/advanced/pm.html]
[expressjs.com/pt-br/advanced/security-updates.html]
[expressjs.com/pt-br/advanced/best-practice-security.html]
[expressjs.com/pt-br/advanced/best-practice-performance.html]
[expressjs.com/pt-br/resources/glossary.html]
[expressjs.com/pt-br/resources/middleware.html]
[expressjs.com/pt-br/resources/community.html]
[expressjs.com/pt-br/resources/learning.html]
[expressjs.com/css/sk.css]
[expressjs.com/sk/starter/installing.html]
[expressjs.com/sk/starter/hello-world.html]
[expressjs.com/sk/starter/generator.html]
[expressjs.com/sk/starter/basic-routing.html]
[expressjs.com/sk/starter/static-files.html]
[expressjs.com/sk/starter/faq.html]
[expressjs.com/sk/guide/routing.html]
[expressjs.com/sk/guide/writing-middleware.html]
[expressjs.com/sk/guide/using-middleware.html]
[expressjs.com/sk/guide/using-template-engines.html]
[expressjs.com/sk/guide/error-handling.html]
[expressjs.com/sk/guide/debugging.html]
[expressjs.com/sk/guide/behind-proxies.html]
[expressjs.com/sk/guide/migrating-4.html]
[expressjs.com/sk/guide/migrating-5.html]
[expressjs.com/sk/guide/database-integration.html]
[expressjs.com/sk/4x/api.html]
[expressjs.com/sk/3x/api.html]
[expressjs.com/sk/advanced/developing-template-engines.html]
[expressjs.com/sk/advanced/pm.html]
[expressjs.com/sk/advanced/security-updates.html]
[expressjs.com/sk/advanced/best-practice-security.html]
[expressjs.com/sk/advanced/best-practice-performance.html]
[expressjs.com/sk/resources/glossary.html]
[expressjs.com/sk/resources/middleware.html]
[expressjs.com/sk/resources/community.html]
[expressjs.com/sk/resources/frameworks.html]
[expressjs.com/sk/resources/learning.html]
[expressjs.com/sk/resources/companies-using-express.html]
[expressjs.com/css/uk.css]
[expressjs.com/uk/starter/installing.html]
[expressjs.com/uk/starter/hello-world.html]
[expressjs.com/uk/starter/generator.html]
[expressjs.com/uk/starter/basic-routing.html]
[expressjs.com/uk/starter/static-files.html]
[expressjs.com/uk/starter/faq.html]
[expressjs.com/uk/guide/routing.html]
[expressjs.com/uk/guide/writing-middleware.html]
[expressjs.com/uk/guide/using-middleware.html]
[expressjs.com/uk/guide/using-template-engines.html]
[expressjs.com/uk/guide/error-handling.html]
[expressjs.com/uk/guide/debugging.html]
[expressjs.com/ko/api.html]
[expressjs.com/uk/guide/behind-proxies.html]
[expressjs.com/uk/guide/migrating-4.html]
[expressjs.com/uk/guide/migrating-5.html]
[expressjs.com/uk/guide/database-integration.html]
[expressjs.com/uk/4x/api.html]
[expressjs.com/uk/3x/api.html]
[expressjs.com/uk/advanced/developing-template-engines.html]
[expressjs.com/uk/advanced/pm.html]
[expressjs.com/uk/advanced/security-updates.html]
[expressjs.com/uk/advanced/best-practice-security.html]
[expressjs.com/uk/advanced/best-practice-performance.html]
[expressjs.com/uk/resources/glossary.html]
[expressjs.com/uk/resources/middleware.html]
[expressjs.com/uk/resources/community.html]
[expressjs.com/uk/resources/frameworks.html]
[expressjs.com/uk/resources/learning.html]
[expressjs.com/css/uz.html]
[expressjs.com/uz/starter/installing.html]
[expressjs.com/uz/starter/hello-world.html]
[expressjs.com/uz/starter/generator.html]
[expressjs.com/sk/api.html]
[expressjs.com/pt-br/api.html]
[expressjs.com/uz/starter/basic-routing.html]
[expressjs.com/uz/starter/static-files.html]
[expressjs.com/uz/starter/faq.html]
[expressjs.com/uz/guide/routing.html]
[expressjs.com/uz/guide/writing-middleware.html]
[expressjs.com/uz/guide/using-middleware.html]
[expressjs.com/uz/guide/using-template-engines.html]
[expressjs.com/uz/guide/error-handling.html]
[expressjs.com/starter/hello-world.html]
[expressjs.com/guide/error-handling.html]
[expressjs.com/uk/api.html]
[expressjs.com/uz/guide/debugging.html]
[expressjs.com/starter/generator.html]
[expressjs.com/uz/guide/behind-proxies.html]
[expressjs.com/uz/guide/migrating-4.html]
[expressjs.com/uz/guide/migrating-5.html]
[expressjs.com/uz/guide/database-integration.html]
[expressjs.com/uz/4x/api.html]
[expressjs.com/uz/3x/api.html]
[expressjs.com/uz/advanced/developing-template-engines.html]
[expressjs.com/uz/advanced/pm.html]
[expressjs.com/uz/advanced/security-updates.html]
[expressjs.com/uz/advanced/best-practice-security.html]
[expressjs.com/uz/advanced/best-practice-performance.html]
[expressjs.com/api.html]
[expressjs.com/uz/resources/glossary.html]
[expressjs.com/uz/resources/middleware.html]
[expressjs.com/api-2.html]
[expressjs.com/uz/resources/community.html]
[expressjs.com/uz/resources/learning.html]
[expressjs.com/uz/resources/frameworks.html]
[expressjs.com/css/tr.css]
[expressjs.com/tr/starter/installing.html]
[expressjs.com/tr/starter/hello-world.html]
[expressjs.com/tr/starter/generator.html]
[expressjs.com/tr/starter/basic-routing.html]
[expressjs.com/tr/starter/static-files.html]
[expressjs.com/tr/starter/faq.html]
[expressjs.com/tr/guide/routing.html]
[expressjs.com/tr/guide/writing-middleware.html]
[expressjs.com/tr/guide/using-middleware.html]
[expressjs.com/tr/guide/using-template-engines.html]
[expressjs.com/tr/guide/error-handling.html]
[expressjs.com/tr/guide/debugging.html]
[expressjs.com/resources/middleware.html]
[expressjs.com/tr/guide/behind-proxies.html]
[expressjs.com/tr/guide/migrating-4.html]
[expressjs.com/tr/guide/migrating-5.html]
[expressjs.com/tr/guide/database-integration.html]
[expressjs.com/tr/4x/api.html]
[expressjs.com/tr/3x/api.html]
[expressjs.com/tr/advanced/developing-template-engines.html]
[expressjs.com/tr/advanced/pm.html]
[expressjs.com/tr/advanced/security-updates.html]
[expressjs.com/tr/advanced/best-practice-security.html]
[expressjs.com/tr/advanced/best-practice-performance.html]
[expressjs.com/tr/resources/glossary.html]
[expressjs.com/tr/resources/community.html]
[expressjs.com/tr/resources/middleware.html]
[expressjs.com/tr/resources/utils.html]
[expressjs.com/tr/resources/frameworks.html]
[expressjs.com/tr/resources/learning.html]
[expressjs.com/tr/resources/companies-using-express.html]
[expressjs.com/tr/resources/contributing.html]
[expressjs.com/tr/changelog/4x.html]
[expressjs.com/tr/tr/changelog/4x.html]
[expressjs.com/tr/api.html]
[expressjs.com/fonts/th/THSarabunNew.woff]
[expressjs.com/css/th.css]
[expressjs.com/th/starter/installing.html]
[expressjs.com/th/starter/hello-world.html]
[expressjs.com/th/starter/generator.html]
[expressjs.com/th/starter/basic-routing.html]
[expressjs.com/th/starter/static-files.html]
[expressjs.com/th/starter/faq.html]
[expressjs.com/th/guide/routing.html]
[expressjs.com/th/guide/writing-middleware.html]
[expressjs.com/th/guide/using-middleware.html]
[expressjs.com/th/guide/using-template-engines.html]
[expressjs.com/th/guide/error-handling.html]
[expressjs.com/th/guide/debugging.html]
[expressjs.com/th/guide/behind-proxies.html]
[expressjs.com/th/guide/migrating-4.html]
[expressjs.com/th/guide/migrating-5.html]
[expressjs.com/th/guide/database-integration.html]
[expressjs.com/th/4x/api.html]
[expressjs.com/th/3x/api.html]
[expressjs.com/th/advanced/developing-template-engines.html]
[expressjs.com/th/advanced/pm.html]
[expressjs.com/th/advanced/security-updates.html]
[expressjs.com/th/advanced/best-practice-security.html]
[expressjs.com/th/advanced/best-practice-performance.html]
[expressjs.com/th/resources/glossary.html]
[expressjs.com/th/resources/community.html]
[expressjs.com/th/resources/middleware.html]
[expressjs.com/th/resources/utils.html]
[expressjs.com/th/resources/frameworks.html]
[expressjs.com/th/resources/learning.html]
[expressjs.com/th/resources/companies-using-express.html]
[expressjs.com/th/resources/contributing.html]
[expressjs.com/th/changelog/4x.html]
[expressjs.com/th/th/changelog/4x.html]
[expressjs.com/th/th/resources/frameworks.html]
[expressjs.com/images/fork-icon_2x.png]
[expressjs.com/th/api.html]
[expressjs.com/en/resources/middleware/LICENSE.278.delayed]
[expressjs.com/en/resources/middleware/serve-static.html]
[expressjs.com/en/resources/middleware/cookie-parser.html]
[expressjs.com/en/resources/middleware/body-parser.html]
[expressjs.com/guide.html]
[expressjs.com/2x/migrate.html]
[expressjs.com/2x/images/apps/e-resistable.html]
[expressjs.com/en/resources/middleware/compression.html]
[expressjs.com/en/resources/middleware/connect-rid.html]
[expressjs.com/en/resources/middleware/cookie-session.html]
[expressjs.com/en/resources/middleware/cors.html]
[expressjs.com/en/resources/middleware/csurf.html]
[expressjs.com/en/resources/middleware/errorhandler.html]
[expressjs.com/en/resources/middleware/method-override.html]
[expressjs.com/en/resources/middleware/morgan.html]
[expressjs.com/en/resources/middleware/multer.html]
[expressjs.com/en/resources/middleware/response-time.html]
[expressjs.com/en/resources/middleware/serve-favicon.html]
[expressjs.com/en/resources/middleware/serve-index.html]
[expressjs.com/en/resources/middleware/session.html]
[expressjs.com/en/resources/middleware/timeout.html]
[expressjs.com/en/resources/middleware/vhost.html]
[expressjs.com/fr/starter/pugjs.html]
[expressjs.com/fr/api.html]
[strongloop.com/strongblog/category/express/index.html]
[expressjs.com/de/api.html]
[expressjs.com/es/api.html]
[expressjs.com/it/api.html]
[expressjs.com/ja/4x/ api.html]
[expressjs.com/ja/api.html]
[expressjs.com/ja/resources/contributing.html]
[expressjs.com/ru/api.html]
[expressjs.com/zh-cn/api.html]
[expressjs.com/zh-tw/api.html]
[expressjs.com/ko/api.html]
[expressjs.com/pt-br/api.html]
[expressjs.com/sk/api.html]
[expressjs.com/uk/api.html]
[expressjs.com/starter/hello-world.html]
[expressjs.com/guide/error-handling.html]
[expressjs.com/starter/generator.html]
[expressjs.com/api.html]
[expressjs.com/api-2.html]
[expressjs.com/resources/middleware.html]
[expressjs.com/tr/api.html]
[expressjs.com/th/api.html]
[expressjs.com/en/resources/middleware/LICENSE.html]
