This file contains any messages produced by compilers while
running configure, to aid debugging if configure makes a mistake.

It was created by httrack configure 3.49.2, which was
generated by GNU Autoconf 2.69.  Invocation command line was

  $ ./configure 

## --------- ##
## Platform. ##
## --------- ##

hostname = Drifty
uname -m = x86_64
uname -r = 2.6.32-042stab145.3
uname -s = Linux
uname -v = #1 SMP Thu Jun 11 14:05:04 MSK 2020

/usr/bin/uname -p = x86_64
/bin/uname -X     = unknown

/bin/arch              = x86_64
/usr/bin/arch -k       = unknown
/usr/convex/getsysinfo = unknown
/usr/bin/hostinfo      = unknown
/bin/machine           = unknown
/usr/bin/oslevel       = unknown
/bin/universe          = unknown

PATH: /home/cabox/workspace/abakasam/local/bin/mongosh-1.5.4/bin
PATH: /home/cabox/workspace/abakasam/local/bin/iojs-3.3.1
PATH: /home/cabox/workspace/abakasam/local/bin/iojs-3.3.1/cli-2.1.3
PATH: /home/cabox/workspace/abakasam/local/bin/scripts
PATH: /home/cabox/workspace/abakasam/local/bin/ionic-1.3.4/bin
PATH: /usr/local/bin
PATH: /usr/bin
PATH: /usr/local/sbin
PATH: /usr/sbin


## ----------- ##
## Core tests. ##
## ----------- ##

configure:2581: checking for a BSD-compatible install
configure:2649: result: /usr/bin/install -c
configure:2660: checking whether build environment is sane
configure:2715: result: yes
configure:2866: checking for a thread-safe mkdir -p
configure:2905: result: /usr/bin/mkdir -p
configure:2912: checking for gawk
configure:2928: found /usr/bin/gawk
configure:2939: result: gawk
configure:2950: checking whether make sets $(MAKE)
configure:2972: result: yes
configure:3001: checking whether make supports nested variables
configure:3018: result: yes
configure:3146: checking whether to enable maintainer-specific portions of Makefiles
configure:3155: result: no
configure:3180: checking for style of include used by make
configure:3208: result: GNU
configure:3279: checking for gcc
configure:3295: found /usr/bin/gcc
configure:3306: result: gcc
configure:3535: checking for C compiler version
configure:3544: gcc --version >&5
gcc (GCC) 4.8.5 20150623 (Red Hat 4.8.5-44)
Copyright (C) 2015 Free Software Foundation, Inc.
This is free software; see the source for copying conditions.  There is NO
warranty; not even for MERCHANTABILITY or FITNESS FOR A PARTICULAR PURPOSE.

configure:3555: $? = 0
configure:3544: gcc -v >&5
Using built-in specs.
COLLECT_GCC=gcc
COLLECT_LTO_WRAPPER=/usr/libexec/gcc/x86_64-redhat-linux/4.8.5/lto-wrapper
Target: x86_64-redhat-linux
Configured with: ../configure --prefix=/usr --mandir=/usr/share/man --infodir=/usr/share/info --with-bugurl=http://bugzilla.redhat.com/bugzilla --enable-bootstrap --enable-shared --enable-threads=posix --enable-checking=release --with-system-zlib --enable-__cxa_atexit --disable-libunwind-exceptions --enable-gnu-unique-object --enable-linker-build-id --with-linker-hash-style=gnu --enable-languages=c,c++,objc,obj-c++,java,fortran,ada,go,lto --enable-plugin --enable-initfini-array --disable-libgcj --with-isl=/builddir/build/BUILD/gcc-4.8.5-20150702/obj-x86_64-redhat-linux/isl-install --with-cloog=/builddir/build/BUILD/gcc-4.8.5-20150702/obj-x86_64-redhat-linux/cloog-install --enable-gnu-indirect-function --with-tune=generic --with-arch_32=x86-64 --build=x86_64-redhat-linux
Thread model: posix
gcc version 4.8.5 20150623 (Red Hat 4.8.5-44) (GCC) 
configure:3555: $? = 0
configure:3544: gcc -V >&5
gcc: error: unrecognized command line option '-V'
gcc: fatal error: no input files
compilation terminated.
configure:3555: $? = 4
configure:3544: gcc -qversion >&5
gcc: error: unrecognized command line option '-qversion'
gcc: fatal error: no input files
compilation terminated.
configure:3555: $? = 4
configure:3575: checking whether the C compiler works
configure:3597: gcc    conftest.c  >&5
configure:3601: $? = 0
configure:3649: result: yes
configure:3652: checking for C compiler default output file name
configure:3654: result: a.out
configure:3660: checking for suffix of executables
configure:3667: gcc -o conftest    conftest.c  >&5
configure:3671: $? = 0
configure:3693: result: 
configure:3715: checking whether we are cross compiling
configure:3723: gcc -o conftest    conftest.c  >&5
configure:3727: $? = 0
configure:3734: ./conftest
configure:3738: $? = 0
configure:3753: result: no
configure:3758: checking for suffix of object files
configure:3780: gcc -c   conftest.c >&5
configure:3784: $? = 0
configure:3805: result: o
configure:3809: checking whether we are using the GNU C compiler
configure:3828: gcc -c   conftest.c >&5
configure:3828: $? = 0
configure:3837: result: yes
configure:3846: checking whether gcc accepts -g
configure:3866: gcc -c -g  conftest.c >&5
configure:3866: $? = 0
configure:3907: result: yes
configure:3924: checking for gcc option to accept ISO C89
configure:3987: gcc  -c -g -O2  conftest.c >&5
configure:3987: $? = 0
configure:4000: result: none needed
configure:4025: checking whether gcc understands -c and -o together
configure:4047: gcc -c conftest.c -o conftest2.o
configure:4050: $? = 0
configure:4047: gcc -c conftest.c -o conftest2.o
configure:4050: $? = 0
configure:4062: result: yes
configure:4081: checking dependency style of gcc
configure:4192: result: gcc3
configure:4213: checking how to run the C preprocessor
configure:4244: gcc -E  conftest.c
configure:4244: $? = 0
configure:4258: gcc -E  conftest.c
conftest.c:11:28: fatal error: ac_nonexistent.h: No such file or directory
 #include <ac_nonexistent.h>
                            ^
compilation terminated.
configure:4258: $? = 1
configure: failed program was:
| /* confdefs.h */
| #define PACKAGE_NAME "httrack"
| #define PACKAGE_TARNAME "httrack"
| #define PACKAGE_VERSION "3.49.2"
| #define PACKAGE_STRING "httrack 3.49.2"
| #define PACKAGE_BUGREPORT "roche+packaging@httrack.com"
| #define PACKAGE_URL "http://www.httrack.com/"
| #define PACKAGE "httrack"
| #define VERSION "3.49.2"
| /* end confdefs.h.  */
| #include <ac_nonexistent.h>
configure:4283: result: gcc -E
configure:4303: gcc -E  conftest.c
configure:4303: $? = 0
configure:4317: gcc -E  conftest.c
conftest.c:11:28: fatal error: ac_nonexistent.h: No such file or directory
 #include <ac_nonexistent.h>
                            ^
compilation terminated.
configure:4317: $? = 1
configure: failed program was:
| /* confdefs.h */
| #define PACKAGE_NAME "httrack"
| #define PACKAGE_TARNAME "httrack"
| #define PACKAGE_VERSION "3.49.2"
| #define PACKAGE_STRING "httrack 3.49.2"
| #define PACKAGE_BUGREPORT "roche+packaging@httrack.com"
| #define PACKAGE_URL "http://www.httrack.com/"
| #define PACKAGE "httrack"
| #define VERSION "3.49.2"
| /* end confdefs.h.  */
| #include <ac_nonexistent.h>
configure:4346: checking for grep that handles long lines and -e
configure:4404: result: /usr/bin/grep
configure:4409: checking for egrep
configure:4471: result: /usr/bin/grep -E
configure:4476: checking for ANSI C header files
configure:4496: gcc -c -g -O2  conftest.c >&5
configure:4496: $? = 0
configure:4569: gcc -o conftest -g -O2   conftest.c  >&5
configure:4569: $? = 0
configure:4569: ./conftest
configure:4569: $? = 0
configure:4580: result: yes
configure:4593: checking for sys/types.h
configure:4593: gcc -c -g -O2  conftest.c >&5
configure:4593: $? = 0
configure:4593: result: yes
configure:4593: checking for sys/stat.h
configure:4593: gcc -c -g -O2  conftest.c >&5
configure:4593: $? = 0
configure:4593: result: yes
configure:4593: checking for stdlib.h
configure:4593: gcc -c -g -O2  conftest.c >&5
configure:4593: $? = 0
configure:4593: result: yes
configure:4593: checking for string.h
configure:4593: gcc -c -g -O2  conftest.c >&5
configure:4593: $? = 0
configure:4593: result: yes
configure:4593: checking for memory.h
configure:4593: gcc -c -g -O2  conftest.c >&5
configure:4593: $? = 0
configure:4593: result: yes
configure:4593: checking for strings.h
configure:4593: gcc -c -g -O2  conftest.c >&5
configure:4593: $? = 0
configure:4593: result: yes
configure:4593: checking for inttypes.h
configure:4593: gcc -c -g -O2  conftest.c >&5
configure:4593: $? = 0
configure:4593: result: yes
configure:4593: checking for stdint.h
configure:4593: gcc -c -g -O2  conftest.c >&5
configure:4593: $? = 0
configure:4593: result: yes
configure:4593: checking for unistd.h
configure:4593: gcc -c -g -O2  conftest.c >&5
configure:4593: $? = 0
configure:4593: result: yes
configure:4606: checking minix/config.h usability
configure:4606: gcc -c -g -O2  conftest.c >&5
conftest.c:54:26: fatal error: minix/config.h: No such file or directory
 #include <minix/config.h>
                          ^
compilation terminated.
configure:4606: $? = 1
configure: failed program was:
| /* confdefs.h */
| #define PACKAGE_NAME "httrack"
| #define PACKAGE_TARNAME "httrack"
| #define PACKAGE_VERSION "3.49.2"
| #define PACKAGE_STRING "httrack 3.49.2"
| #define PACKAGE_BUGREPORT "roche+packaging@httrack.com"
| #define PACKAGE_URL "http://www.httrack.com/"
| #define PACKAGE "httrack"
| #define VERSION "3.49.2"
| #define STDC_HEADERS 1
| #define HAVE_SYS_TYPES_H 1
| #define HAVE_SYS_STAT_H 1
| #define HAVE_STDLIB_H 1
| #define HAVE_STRING_H 1
| #define HAVE_MEMORY_H 1
| #define HAVE_STRINGS_H 1
| #define HAVE_INTTYPES_H 1
| #define HAVE_STDINT_H 1
| #define HAVE_UNISTD_H 1
| /* end confdefs.h.  */
| #include <stdio.h>
| #ifdef HAVE_SYS_TYPES_H
| # include <sys/types.h>
| #endif
| #ifdef HAVE_SYS_STAT_H
| # include <sys/stat.h>
| #endif
| #ifdef STDC_HEADERS
| # include <stdlib.h>
| # include <stddef.h>
| #else
| # ifdef HAVE_STDLIB_H
| #  include <stdlib.h>
| # endif
| #endif
| #ifdef HAVE_STRING_H
| # if !defined STDC_HEADERS && defined HAVE_MEMORY_H
| #  include <memory.h>
| # endif
| # include <string.h>
| #endif
| #ifdef HAVE_STRINGS_H
| # include <strings.h>
| #endif
| #ifdef HAVE_INTTYPES_H
| # include <inttypes.h>
| #endif
| #ifdef HAVE_STDINT_H
| # include <stdint.h>
| #endif
| #ifdef HAVE_UNISTD_H
| # include <unistd.h>
| #endif
| #include <minix/config.h>
configure:4606: result: no
configure:4606: checking minix/config.h presence
configure:4606: gcc -E  conftest.c
conftest.c:21:26: fatal error: minix/config.h: No such file or directory
 #include <minix/config.h>
                          ^
compilation terminated.
configure:4606: $? = 1
configure: failed program was:
| /* confdefs.h */
| #define PACKAGE_NAME "httrack"
| #define PACKAGE_TARNAME "httrack"
| #define PACKAGE_VERSION "3.49.2"
| #define PACKAGE_STRING "httrack 3.49.2"
| #define PACKAGE_BUGREPORT "roche+packaging@httrack.com"
| #define PACKAGE_URL "http://www.httrack.com/"
| #define PACKAGE "httrack"
| #define VERSION "3.49.2"
| #define STDC_HEADERS 1
| #define HAVE_SYS_TYPES_H 1
| #define HAVE_SYS_STAT_H 1
| #define HAVE_STDLIB_H 1
| #define HAVE_STRING_H 1
| #define HAVE_MEMORY_H 1
| #define HAVE_STRINGS_H 1
| #define HAVE_INTTYPES_H 1
| #define HAVE_STDINT_H 1
| #define HAVE_UNISTD_H 1
| /* end confdefs.h.  */
| #include <minix/config.h>
configure:4606: result: no
configure:4606: checking for minix/config.h
configure:4606: result: no
configure:4627: checking whether it is safe to define __EXTENSIONS__
configure:4645: gcc -c -g -O2  conftest.c >&5
configure:4645: $? = 0
configure:4652: result: yes
configure:4715: checking for gcc
configure:4742: result: gcc
configure:4971: checking for C compiler version
configure:4980: gcc --version >&5
gcc (GCC) 4.8.5 20150623 (Red Hat 4.8.5-44)
Copyright (C) 2015 Free Software Foundation, Inc.
This is free software; see the source for copying conditions.  There is NO
warranty; not even for MERCHANTABILITY or FITNESS FOR A PARTICULAR PURPOSE.

configure:4991: $? = 0
configure:4980: gcc -v >&5
Using built-in specs.
COLLECT_GCC=gcc
COLLECT_LTO_WRAPPER=/usr/libexec/gcc/x86_64-redhat-linux/4.8.5/lto-wrapper
Target: x86_64-redhat-linux
Configured with: ../configure --prefix=/usr --mandir=/usr/share/man --infodir=/usr/share/info --with-bugurl=http://bugzilla.redhat.com/bugzilla --enable-bootstrap --enable-shared --enable-threads=posix --enable-checking=release --with-system-zlib --enable-__cxa_atexit --disable-libunwind-exceptions --enable-gnu-unique-object --enable-linker-build-id --with-linker-hash-style=gnu --enable-languages=c,c++,objc,obj-c++,java,fortran,ada,go,lto --enable-plugin --enable-initfini-array --disable-libgcj --with-isl=/builddir/build/BUILD/gcc-4.8.5-20150702/obj-x86_64-redhat-linux/isl-install --with-cloog=/builddir/build/BUILD/gcc-4.8.5-20150702/obj-x86_64-redhat-linux/cloog-install --enable-gnu-indirect-function --with-tune=generic --with-arch_32=x86-64 --build=x86_64-redhat-linux
Thread model: posix
gcc version 4.8.5 20150623 (Red Hat 4.8.5-44) (GCC) 
configure:4991: $? = 0
configure:4980: gcc -V >&5
gcc: error: unrecognized command line option '-V'
gcc: fatal error: no input files
compilation terminated.
configure:4991: $? = 4
configure:4980: gcc -qversion >&5
gcc: error: unrecognized command line option '-qversion'
gcc: fatal error: no input files
compilation terminated.
configure:4991: $? = 4
configure:4995: checking whether we are using the GNU C compiler
configure:5023: result: yes
configure:5032: checking whether gcc accepts -g
configure:5093: result: yes
configure:5110: checking for gcc option to accept ISO C89
configure:5186: result: none needed
configure:5211: checking whether gcc understands -c and -o together
configure:5248: result: yes
configure:5267: checking dependency style of gcc
configure:5378: result: gcc3
configure:5394: checking for ANSI C header files
configure:5498: result: yes
configure:5535: checking build system type
configure:5549: result: x86_64-unknown-linux-gnu
configure:5569: checking host system type
configure:5582: result: x86_64-unknown-linux-gnu
configure:5623: checking how to print strings
configure:5650: result: printf
configure:5671: checking for a sed that does not truncate output
configure:5735: result: /usr/bin/sed
configure:5753: checking for fgrep
configure:5815: result: /usr/bin/grep -F
configure:5850: checking for ld used by gcc
configure:5917: result: /usr/bin/ld
configure:5924: checking if the linker (/usr/bin/ld) is GNU ld
configure:5939: result: yes
configure:5951: checking for BSD- or MS-compatible name lister (nm)
configure:6000: result: /usr/bin/nm -B
configure:6130: checking the name lister (/usr/bin/nm -B) interface
configure:6137: gcc -c -g -O2  conftest.c >&5
configure:6140: /usr/bin/nm -B "conftest.o"
configure:6143: output
0000000000000000 B some_variable
configure:6150: result: BSD nm
configure:6153: checking whether ln -s works
configure:6157: result: yes
configure:6165: checking the maximum length of command line arguments
configure:6296: result: 1966080
configure:6313: checking whether the shell understands some XSI constructs
configure:6323: result: yes
configure:6327: checking whether the shell understands "+="
configure:6333: result: yes
configure:6368: checking how to convert x86_64-unknown-linux-gnu file names to x86_64-unknown-linux-gnu format
configure:6408: result: func_convert_file_noop
configure:6415: checking how to convert x86_64-unknown-linux-gnu file names to toolchain format
configure:6435: result: func_convert_file_noop
configure:6442: checking for /usr/bin/ld option to reload object files
configure:6449: result: -r
configure:6523: checking for objdump
configure:6539: found /usr/bin/objdump
configure:6550: result: objdump
configure:6582: checking how to recognize dependent libraries
configure:6780: result: pass_all
configure:6865: checking for dlltool
configure:6895: result: no
configure:6925: checking how to associate runtime and link libraries
configure:6952: result: printf %s\n
configure:7012: checking for ar
configure:7028: found /usr/bin/ar
configure:7039: result: ar
configure:7076: checking for archiver @FILE support
configure:7093: gcc -c -g -O2  conftest.c >&5
configure:7093: $? = 0
configure:7096: ar cru libconftest.a @conftest.lst >&5
configure:7099: $? = 0
configure:7104: ar cru libconftest.a @conftest.lst >&5
ar: conftest.o: No such file or directory
configure:7107: $? = 1
configure:7119: result: @
configure:7177: checking for strip
configure:7193: found /usr/bin/strip
configure:7204: result: strip
configure:7276: checking for ranlib
configure:7292: found /usr/bin/ranlib
configure:7303: result: ranlib
configure:7405: checking command to parse /usr/bin/nm -B output from gcc object
configure:7525: gcc -c -g -O2  conftest.c >&5
configure:7528: $? = 0
configure:7532: /usr/bin/nm -B conftest.o \| sed -n -e 's/^.*[ ]\([ABCDGIRSTW][ABCDGIRSTW]*\)[ ][ ]*\([_A-Za-z][_A-Za-z0-9]*\)$/\1 \2 \2/p' | sed '/ __gnu_lto/d' \> conftest.nm
configure:7535: $? = 0
configure:7601: gcc -o conftest -g -O2   conftest.c conftstm.o >&5
configure:7604: $? = 0
configure:7642: result: ok
configure:7679: checking for sysroot
configure:7709: result: no
configure:7786: gcc -c -g -O2  conftest.c >&5
configure:7789: $? = 0
configure:7978: checking for mt
configure:8008: result: no
configure:8028: checking if : is a manifest tool
configure:8034: : '-?'
configure:8042: result: no
configure:8681: checking for dlfcn.h
configure:8681: gcc -c -g -O2  conftest.c >&5
configure:8681: $? = 0
configure:8681: result: yes
configure:8887: checking for objdir
configure:8902: result: .libs
configure:9173: checking if gcc supports -fno-rtti -fno-exceptions
configure:9191: gcc -c -g -O2  -fno-rtti -fno-exceptions conftest.c >&5
cc1: warning: command line option '-fno-rtti' is valid for C++/ObjC++ but not for C [enabled by default]
configure:9195: $? = 0
configure:9208: result: no
configure:9535: checking for gcc option to produce PIC
configure:9542: result: -fPIC -DPIC
configure:9550: checking if gcc PIC flag -fPIC -DPIC works
configure:9568: gcc -c -g -O2  -fPIC -DPIC -DPIC conftest.c >&5
configure:9572: $? = 0
configure:9585: result: yes
configure:9614: checking if gcc static flag -static works
configure:9642: result: no
configure:9657: checking if gcc supports -c -o file.o
configure:9678: gcc -c -g -O2  -o out/conftest2.o conftest.c >&5
configure:9682: $? = 0
configure:9704: result: yes
configure:9712: checking if gcc supports -c -o file.o
configure:9759: result: yes
configure:9792: checking whether the gcc linker (/usr/bin/ld) supports shared libraries
configure:10949: result: yes
configure:10986: checking whether -lc should be explicitly linked in
configure:10994: gcc -c -g -O2  conftest.c >&5
configure:10997: $? = 0
configure:11012: gcc -shared  -fPIC -DPIC conftest.o  -v -Wl,-soname -Wl,conftest -o conftest 2\>\&1 \| /usr/bin/grep  -lc  \>/dev/null 2\>\&1
configure:11015: $? = 0
configure:11029: result: no
configure:11189: checking dynamic linker characteristics
configure:11689: gcc -o conftest -g -O2   -Wl,-rpath -Wl,/foo conftest.c  >&5
configure:11689: $? = 0
configure:11923: result: GNU/Linux ld.so
configure:12030: checking how to hardcode library paths into programs
configure:12055: result: immediate
configure:12595: checking whether stripping libraries is possible
configure:12600: result: yes
configure:12635: checking if libtool supports shared libraries
configure:12637: result: yes
configure:12640: checking whether to build shared libraries
configure:12661: result: yes
configure:12664: checking whether to build static libraries
configure:12668: result: yes
configure:12705: checking whether ln -s works
configure:12709: result: yes
configure:12741: checking whether C compiler accepts -Wparentheses
configure:12760: gcc -c -g -O2  -Wparentheses  conftest.c >&5
configure:12760: $? = 0
configure:12768: result: yes
configure:12776: checking whether C compiler accepts -Winit-self
configure:12795: gcc -c -g -O2  -Winit-self  conftest.c >&5
configure:12795: $? = 0
configure:12803: result: yes
configure:12811: checking whether C compiler accepts -Wunused-but-set-parameter
configure:12830: gcc -c -g -O2  -Wunused-but-set-parameter  conftest.c >&5
configure:12830: $? = 0
configure:12838: result: yes
configure:12846: checking whether C compiler accepts -Waddress
configure:12865: gcc -c -g -O2  -Waddress  conftest.c >&5
configure:12865: $? = 0
configure:12873: result: yes
configure:12881: checking whether C compiler accepts -Wuninitialized
configure:12900: gcc -c -g -O2  -Wuninitialized  conftest.c >&5
configure:12900: $? = 0
configure:12908: result: yes
configure:12916: checking whether C compiler accepts -Wformat=2
configure:12935: gcc -c -g -O2  -Wformat=2  conftest.c >&5
configure:12935: $? = 0
configure:12943: result: yes
configure:12951: checking whether C compiler accepts -Wformat-nonliteral
configure:12970: gcc -c -g -O2  -Wformat-nonliteral  conftest.c >&5
cc1: warning: -Wformat-nonliteral ignored without -Wformat [-Wformat-nonliteral]
configure:12970: $? = 0
configure:12978: result: yes
configure:12986: checking whether C compiler accepts -Wmissing-parameter-type
configure:13005: gcc -c -g -O2  -Wmissing-parameter-type  conftest.c >&5
configure:13005: $? = 0
configure:13013: result: yes
configure:13021: checking whether C compiler accepts -Wold-style-definition
configure:13040: gcc -c -g -O2  -Wold-style-definition  conftest.c >&5
conftest.c: In function 'main':
conftest.c:31:1: warning: old-style function definition [-Wold-style-definition]
 main ()
 ^
configure:13040: $? = 0
configure:13048: result: yes
configure:13056: checking whether C compiler accepts -Wignored-qualifiers
configure:13075: gcc -c -g -O2  -Wignored-qualifiers  conftest.c >&5
configure:13075: $? = 0
configure:13083: result: yes
configure:13091: checking whether C compiler accepts -fstrict-aliasing -Wstrict-aliasing
configure:13110: gcc -c -g -O2  -fstrict-aliasing -Wstrict-aliasing  conftest.c >&5
configure:13110: $? = 0
configure:13118: result: yes
configure:13126: checking whether the linker accepts -Wl,--discard-all
configure:13145: gcc -o conftest -g -O2    -Wl,--discard-all conftest.c  >&5
configure:13145: $? = 0
configure:13154: result: yes
configure:13162: checking whether the linker accepts -Wl,--no-undefined
configure:13181: gcc -o conftest -g -O2    -Wl,--no-undefined conftest.c  >&5
configure:13181: $? = 0
configure:13190: result: yes
configure:13200: checking whether C compiler accepts -rdynamic
configure:13219: gcc -c -g -O2  -rdynamic  conftest.c >&5
configure:13219: $? = 0
configure:13227: result: yes
configure:13242: checking whether the -Werror option is usable
configure:13261: gcc -c -g -O2 -Werror  conftest.c >&5
configure:13261: $? = 0
configure:13270: result: yes
configure:13272: checking for simple visibility declarations
configure:13299: gcc -c -g -O2 -fvisibility=hidden -Werror  conftest.c >&5
configure:13299: $? = 0
configure:13308: result: yes
configure:13339: checking size of long
configure:13344: gcc -o conftest -g -O2   conftest.c  >&5
configure:13344: $? = 0
configure:13344: ./conftest
configure:13344: $? = 0
configure:13358: result: 8
configure:13372: checking size of long long
configure:13377: gcc -o conftest -g -O2   conftest.c  >&5
configure:13377: $? = 0
configure:13377: ./conftest
configure:13377: $? = 0
configure:13391: result: 8
configure:13403: checking for in_addr_t
configure:13403: gcc -c -g -O2  conftest.c >&5
configure:13403: $? = 0
configure:13403: gcc -c -g -O2  conftest.c >&5
conftest.c: In function 'main':
conftest.c:39:24: error: expected expression before ')' token
 if (sizeof ((in_addr_t)))
                        ^
configure:13403: $? = 1
configure: failed program was:
| /* confdefs.h */
| #define PACKAGE_NAME "httrack"
| #define PACKAGE_TARNAME "httrack"
| #define PACKAGE_VERSION "3.49.2"
| #define PACKAGE_STRING "httrack 3.49.2"
| #define PACKAGE_BUGREPORT "roche+packaging@httrack.com"
| #define PACKAGE_URL "http://www.httrack.com/"
| #define PACKAGE "httrack"
| #define VERSION "3.49.2"
| #define STDC_HEADERS 1
| #define HAVE_SYS_TYPES_H 1
| #define HAVE_SYS_STAT_H 1
| #define HAVE_STDLIB_H 1
| #define HAVE_STRING_H 1
| #define HAVE_MEMORY_H 1
| #define HAVE_STRINGS_H 1
| #define HAVE_INTTYPES_H 1
| #define HAVE_STDINT_H 1
| #define HAVE_UNISTD_H 1
| #define __EXTENSIONS__ 1
| #define _ALL_SOURCE 1
| #define _GNU_SOURCE 1
| #define _POSIX_PTHREAD_SEMANTICS 1
| #define _TANDEM_SOURCE 1
| #define STDC_HEADERS 1
| #define HAVE_DLFCN_H 1
| #define LT_OBJDIR ".libs/"
| #define HAVE_VISIBILITY 1
| #define SIZEOF_LONG 8
| #define SIZEOF_LONG_LONG 8
| /* end confdefs.h.  */
| #include <sys/types.h>
| #include <netinet/in.h>
| #include <arpa/inet.h>
| 
| int
| main ()
| {
| if (sizeof ((in_addr_t)))
| 	    return 0;
|   ;
|   return 0;
| }
configure:13403: result: yes
configure:13418: checking for in_port_t
configure:13418: gcc -c -g -O2  conftest.c >&5
configure:13418: $? = 0
configure:13418: gcc -c -g -O2  conftest.c >&5
conftest.c: In function 'main':
conftest.c:41:24: error: expected expression before ')' token
 if (sizeof ((in_port_t)))
                        ^
configure:13418: $? = 1
configure: failed program was:
| /* confdefs.h */
| #define PACKAGE_NAME "httrack"
| #define PACKAGE_TARNAME "httrack"
| #define PACKAGE_VERSION "3.49.2"
| #define PACKAGE_STRING "httrack 3.49.2"
| #define PACKAGE_BUGREPORT "roche+packaging@httrack.com"
| #define PACKAGE_URL "http://www.httrack.com/"
| #define PACKAGE "httrack"
| #define VERSION "3.49.2"
| #define STDC_HEADERS 1
| #define HAVE_SYS_TYPES_H 1
| #define HAVE_SYS_STAT_H 1
| #define HAVE_STDLIB_H 1
| #define HAVE_STRING_H 1
| #define HAVE_MEMORY_H 1
| #define HAVE_STRINGS_H 1
| #define HAVE_INTTYPES_H 1
| #define HAVE_STDINT_H 1
| #define HAVE_UNISTD_H 1
| #define __EXTENSIONS__ 1
| #define _ALL_SOURCE 1
| #define _GNU_SOURCE 1
| #define _POSIX_PTHREAD_SEMANTICS 1
| #define _TANDEM_SOURCE 1
| #define STDC_HEADERS 1
| #define HAVE_DLFCN_H 1
| #define LT_OBJDIR ".libs/"
| #define HAVE_VISIBILITY 1
| #define SIZEOF_LONG 8
| #define SIZEOF_LONG_LONG 8
| #define HTS_DO_NOT_REDEFINE_in_addr_t /**/
| /* end confdefs.h.  */
| 
| #include <sys/types.h>
| #include <netinet/in.h>
| 
| 
| int
| main ()
| {
| if (sizeof ((in_port_t)))
| 	    return 0;
|   ;
|   return 0;
| }
configure:13418: result: yes
configure:13433: checking for sa_family_t
configure:13433: gcc -c -g -O2  conftest.c >&5
configure:13433: $? = 0
configure:13433: gcc -c -g -O2  conftest.c >&5
conftest.c: In function 'main':
conftest.c:41:26: error: expected expression before ')' token
 if (sizeof ((sa_family_t)))
                          ^
configure:13433: $? = 1
configure: failed program was:
| /* confdefs.h */
| #define PACKAGE_NAME "httrack"
| #define PACKAGE_TARNAME "httrack"
| #define PACKAGE_VERSION "3.49.2"
| #define PACKAGE_STRING "httrack 3.49.2"
| #define PACKAGE_BUGREPORT "roche+packaging@httrack.com"
| #define PACKAGE_URL "http://www.httrack.com/"
| #define PACKAGE "httrack"
| #define VERSION "3.49.2"
| #define STDC_HEADERS 1
| #define HAVE_SYS_TYPES_H 1
| #define HAVE_SYS_STAT_H 1
| #define HAVE_STDLIB_H 1
| #define HAVE_STRING_H 1
| #define HAVE_MEMORY_H 1
| #define HAVE_STRINGS_H 1
| #define HAVE_INTTYPES_H 1
| #define HAVE_STDINT_H 1
| #define HAVE_UNISTD_H 1
| #define __EXTENSIONS__ 1
| #define _ALL_SOURCE 1
| #define _GNU_SOURCE 1
| #define _POSIX_PTHREAD_SEMANTICS 1
| #define _TANDEM_SOURCE 1
| #define STDC_HEADERS 1
| #define HAVE_DLFCN_H 1
| #define LT_OBJDIR ".libs/"
| #define HAVE_VISIBILITY 1
| #define SIZEOF_LONG 8
| #define SIZEOF_LONG_LONG 8
| #define HTS_DO_NOT_REDEFINE_in_addr_t /**/
| /* end confdefs.h.  */
| 
| #include <sys/types.h>
| #include <netinet/in.h>
| 
| 
| int
| main ()
| {
| if (sizeof ((sa_family_t)))
| 	    return 0;
|   ;
|   return 0;
| }
configure:13433: result: yes
configure:13448: checking if pointers to integers require aligned access
configure:13478: gcc -o conftest -g -O2   conftest.c  >&5
conftest.c: In function 'main':
conftest.c:41:33: error: expected expression before '[' token
   for (i=0; i < 40; i++) string[[i]] = i;
                                 ^
configure:13478: $? = 1
configure: program exited with status 1
configure: failed program was:
| /* confdefs.h */
| #define PACKAGE_NAME "httrack"
| #define PACKAGE_TARNAME "httrack"
| #define PACKAGE_VERSION "3.49.2"
| #define PACKAGE_STRING "httrack 3.49.2"
| #define PACKAGE_BUGREPORT "roche+packaging@httrack.com"
| #define PACKAGE_URL "http://www.httrack.com/"
| #define PACKAGE "httrack"
| #define VERSION "3.49.2"
| #define STDC_HEADERS 1
| #define HAVE_SYS_TYPES_H 1
| #define HAVE_SYS_STAT_H 1
| #define HAVE_STDLIB_H 1
| #define HAVE_STRING_H 1
| #define HAVE_MEMORY_H 1
| #define HAVE_STRINGS_H 1
| #define HAVE_INTTYPES_H 1
| #define HAVE_STDINT_H 1
| #define HAVE_UNISTD_H 1
| #define __EXTENSIONS__ 1
| #define _ALL_SOURCE 1
| #define _GNU_SOURCE 1
| #define _POSIX_PTHREAD_SEMANTICS 1
| #define _TANDEM_SOURCE 1
| #define STDC_HEADERS 1
| #define HAVE_DLFCN_H 1
| #define LT_OBJDIR ".libs/"
| #define HAVE_VISIBILITY 1
| #define SIZEOF_LONG 8
| #define SIZEOF_LONG_LONG 8
| #define HTS_DO_NOT_REDEFINE_in_addr_t /**/
| /* end confdefs.h.  */
| 
| #include <stdio.h>
| #include <stdlib.h>
| 
| int main()
| {
|   char* string = malloc(40);
|   int i;
|   for (i=0; i < 40; i++) string[[i]] = i;
|   {
|      void* s = string;
|      int* p = s+1;
|      int* q = s+2;
| 
|      if (*p == *q) { return 1; }
|   }
|   return 0;
| }
| 
configure:13489: result: no
configure:13501: checking execinfo.h usability
configure:13501: gcc -c -g -O2  conftest.c >&5
configure:13501: $? = 0
configure:13501: result: yes
configure:13501: checking execinfo.h presence
configure:13501: gcc -E  conftest.c
configure:13501: $? = 0
configure:13501: result: yes
configure:13501: checking for execinfo.h
configure:13501: result: yes
configure:13516: checking if zlib is wanted
configure:13531: result: yes
configure:13558: checking for inflateEnd in -lz
configure:13583: gcc -o conftest -g -O2  -I/usr/include  -L/usr/lib conftest.c -lz   >&5
configure:13583: $? = 0
configure:13592: result: yes
configure:13600: checking zlib.h usability
configure:13600: gcc -c -g -O2  -I/usr/include conftest.c >&5
configure:13600: $? = 0
configure:13600: result: yes
configure:13600: checking zlib.h presence
configure:13600: gcc -E  -I/usr/include conftest.c
configure:13600: $? = 0
configure:13600: result: yes
configure:13600: checking for zlib.h
configure:13600: result: yes
configure:13619: checking for inflateEnd in -lz
configure:13653: result: yes
configure:13664: checking zlib in /usr
configure:13666: result: ok
configure:13685: checking whether to enable https support
configure:13704: result: yes
configure:13720: checking for EVP_get_digestbyname in -lcrypto
configure:13745: gcc -o conftest -g -O2  -I/usr/include  -L/usr/lib conftest.c -lcrypto  -lz  >&5
configure:13745: $? = 0
configure:13754: result: yes
configure:13764: checking for SSL_CTX_new in -lssl
configure:13789: gcc -o conftest -g -O2  -I/usr/include  -L/usr/lib conftest.c -lssl  -lz  -lcrypto >&5
configure:13789: $? = 0
configure:13798: result: yes
configure:13824: checking for getaddrinfo in -lc
configure:13849: gcc -o conftest -g -O2  -I/usr/include  -L/usr/lib conftest.c -lc  -lz  >&5
configure:13849: $? = 0
configure:13858: result: yes
configure:13873: checking for fopen64 in -lc
configure:13898: gcc -o conftest -g -O2  -I/usr/include  -L/usr/lib conftest.c -lc  -lz  >&5
configure:13898: $? = 0
configure:13907: result: yes
configure:13922: checking for pthread_create in -lpthread
configure:13947: gcc -o conftest -g -O2  -I/usr/include  -L/usr/lib conftest.c -lpthread  -lz  >&5
configure:13947: $? = 0
configure:13956: result: yes
configure:14073: checking for socket in -lsocket
configure:14098: gcc -o conftest -g -O2  -I/usr/include  -L/usr/lib conftest.c -lsocket  -lz  >&5
/usr/bin/ld: cannot find -lsocket
collect2: error: ld returned 1 exit status
configure:14098: $? = 1
configure: failed program was:
| /* confdefs.h */
| #define PACKAGE_NAME "httrack"
| #define PACKAGE_TARNAME "httrack"
| #define PACKAGE_VERSION "3.49.2"
| #define PACKAGE_STRING "httrack 3.49.2"
| #define PACKAGE_BUGREPORT "roche+packaging@httrack.com"
| #define PACKAGE_URL "http://www.httrack.com/"
| #define PACKAGE "httrack"
| #define VERSION "3.49.2"
| #define STDC_HEADERS 1
| #define HAVE_SYS_TYPES_H 1
| #define HAVE_SYS_STAT_H 1
| #define HAVE_STDLIB_H 1
| #define HAVE_STRING_H 1
| #define HAVE_MEMORY_H 1
| #define HAVE_STRINGS_H 1
| #define HAVE_INTTYPES_H 1
| #define HAVE_STDINT_H 1
| #define HAVE_UNISTD_H 1
| #define __EXTENSIONS__ 1
| #define _ALL_SOURCE 1
| #define _GNU_SOURCE 1
| #define _POSIX_PTHREAD_SEMANTICS 1
| #define _TANDEM_SOURCE 1
| #define STDC_HEADERS 1
| #define HAVE_DLFCN_H 1
| #define LT_OBJDIR ".libs/"
| #define HAVE_VISIBILITY 1
| #define SIZEOF_LONG 8
| #define SIZEOF_LONG_LONG 8
| #define HTS_DO_NOT_REDEFINE_in_addr_t /**/
| #define HAVE_EXECINFO_H 1
| #define HAVE_LIBZ 1
| #define HTS_USEOPENSSL 1
| #define HTS_INET6 1
| #define HTS_LFS 1
| #define THREADS 1
| /* end confdefs.h.  */
| 
| /* Override any GCC internal prototype to avoid an error.
|    Use char because int might match the return type of a GCC
|    builtin and then its argument prototype would still apply.  */
| #ifdef __cplusplus
| extern "C"
| #endif
| char socket ();
| int
| main ()
| {
| return socket ();
|   ;
|   return 0;
| }
configure:14107: result: no
configure:14115: result: not necessary
configure:14122: checking for iconv in -liconv
configure:14147: gcc -o conftest -g -O2  -I/usr/include  -L/usr/lib conftest.c -liconv  -lz  >&5
/usr/bin/ld: cannot find -liconv
collect2: error: ld returned 1 exit status
configure:14147: $? = 1
configure: failed program was:
| /* confdefs.h */
| #define PACKAGE_NAME "httrack"
| #define PACKAGE_TARNAME "httrack"
| #define PACKAGE_VERSION "3.49.2"
| #define PACKAGE_STRING "httrack 3.49.2"
| #define PACKAGE_BUGREPORT "roche+packaging@httrack.com"
| #define PACKAGE_URL "http://www.httrack.com/"
| #define PACKAGE "httrack"
| #define VERSION "3.49.2"
| #define STDC_HEADERS 1
| #define HAVE_SYS_TYPES_H 1
| #define HAVE_SYS_STAT_H 1
| #define HAVE_STDLIB_H 1
| #define HAVE_STRING_H 1
| #define HAVE_MEMORY_H 1
| #define HAVE_STRINGS_H 1
| #define HAVE_INTTYPES_H 1
| #define HAVE_STDINT_H 1
| #define HAVE_UNISTD_H 1
| #define __EXTENSIONS__ 1
| #define _ALL_SOURCE 1
| #define _GNU_SOURCE 1
| #define _POSIX_PTHREAD_SEMANTICS 1
| #define _TANDEM_SOURCE 1
| #define STDC_HEADERS 1
| #define HAVE_DLFCN_H 1
| #define LT_OBJDIR ".libs/"
| #define HAVE_VISIBILITY 1
| #define SIZEOF_LONG 8
| #define SIZEOF_LONG_LONG 8
| #define HTS_DO_NOT_REDEFINE_in_addr_t /**/
| #define HAVE_EXECINFO_H 1
| #define HAVE_LIBZ 1
| #define HTS_USEOPENSSL 1
| #define HTS_INET6 1
| #define HTS_LFS 1
| #define THREADS 1
| /* end confdefs.h.  */
| 
| /* Override any GCC internal prototype to avoid an error.
|    Use char because int might match the return type of a GCC
|    builtin and then its argument prototype would still apply.  */
| #ifdef __cplusplus
| extern "C"
| #endif
| char iconv ();
| int
| main ()
| {
| return iconv ();
|   ;
|   return 0;
| }
configure:14156: result: no
configure:14164: result: not necessary
configure:14171: checking for dlopen in -ldl
configure:14196: gcc -o conftest -g -O2  -I/usr/include  -L/usr/lib conftest.c -ldl  -lz  >&5
configure:14196: $? = 0
configure:14205: result: yes
configure:14270: checking for ftime in -lc
configure:14295: gcc -o conftest -g -O2  -I/usr/include  -L/usr/lib conftest.c -lc  -lz  >&5
configure:14295: $? = 0
configure:14304: result: yes
configure:14318: checking for setuid in -lc
configure:14343: gcc -o conftest -g -O2  -I/usr/include  -L/usr/lib conftest.c -lc  -lz  >&5
configure:14343: $? = 0
configure:14352: result: yes
configure:14369: checking for snprintf
configure:14369: gcc -o conftest -g -O2  -I/usr/include  -L/usr/lib conftest.c -lz  >&5
conftest.c:65:6: warning: conflicting types for built-in function 'snprintf' [enabled by default]
 char snprintf ();
      ^
configure:14369: $? = 0
configure:14369: result: yes
configure:14369: checking for vsnprintf
configure:14369: gcc -o conftest -g -O2  -I/usr/include  -L/usr/lib conftest.c -lz  >&5
conftest.c:66:6: warning: conflicting types for built-in function 'vsnprintf' [enabled by default]
 char vsnprintf ();
      ^
configure:14369: $? = 0
configure:14369: result: yes
configure:14378: checking for working snprintf
configure:14404: gcc -o conftest -g -O2  -I/usr/include  -L/usr/lib conftest.c -lz  >&5
conftest.c: In function 'main':
conftest.c:52:29: warning: incompatible implicit declaration of built-in function 'exit' [enabled by default]
     if (strcmp (bufs, "1")) exit (1);
                             ^
configure:14404: $? = 0
configure:14404: ./conftest
configure:14404: $? = 0
configure:14415: result: yes
configure:14417: checking for working vsnprintf
configure:14454: gcc -o conftest -g -O2  -I/usr/include  -L/usr/lib conftest.c -lz  >&5
conftest.c: In function 'main':
conftest.c:63:29: warning: incompatible implicit declaration of built-in function 'exit' [enabled by default]
     if (strcmp (bufs, "1")) exit (1);
                             ^
configure:14454: $? = 0
configure:14454: ./conftest
configure:14454: $? = 0
configure:14465: result: yes
configure:14482: checking for strnlen in -lc
configure:14507: gcc -o conftest -g -O2  -I/usr/include  -L/usr/lib conftest.c -lc  -lz  >&5
configure:14507: $? = 0
configure:14516: result: yes
configure:14530: checking whether to enable online unit tests
configure:14549: result: no
configure:14669: checking that generated files are newer than configure
configure:14675: result: done
configure:14706: creating ./config.status

## ---------------------- ##
## Running config.status. ##
## ---------------------- ##

This file was extended by httrack config.status 3.49.2, which was
generated by GNU Autoconf 2.69.  Invocation command line was

  CONFIG_FILES    = 
  CONFIG_HEADERS  = 
  CONFIG_LINKS    = 
  CONFIG_COMMANDS = 
  $ ./config.status 

on Drifty

config.status:1135: creating Makefile
config.status:1135: creating src/Makefile
config.status:1135: creating man/Makefile
config.status:1135: creating m4/Makefile
config.status:1135: creating templates/Makefile
config.status:1135: creating lang/Makefile
config.status:1135: creating html/Makefile
config.status:1135: creating libtest/Makefile
config.status:1135: creating tests/Makefile
config.status:1135: creating config.h
config.status:1316: config.h is unchanged
config.status:1364: executing depfiles commands
config.status:1364: executing libtool commands

## ---------------- ##
## Cache variables. ##
## ---------------- ##

ac_cv_build=x86_64-unknown-linux-gnu
ac_cv_c_compiler_gnu=yes
ac_cv_env_CC_set=
ac_cv_env_CC_value=
ac_cv_env_CFLAGS_set=
ac_cv_env_CFLAGS_value=
ac_cv_env_CPPFLAGS_set=
ac_cv_env_CPPFLAGS_value=
ac_cv_env_CPP_set=
ac_cv_env_CPP_value=
ac_cv_env_LDFLAGS_set=
ac_cv_env_LDFLAGS_value=
ac_cv_env_LIBS_set=
ac_cv_env_LIBS_value=
ac_cv_env_build_alias_set=
ac_cv_env_build_alias_value=
ac_cv_env_host_alias_set=
ac_cv_env_host_alias_value=
ac_cv_env_target_alias_set=
ac_cv_env_target_alias_value=
ac_cv_func_snprintf=yes
ac_cv_func_vsnprintf=yes
ac_cv_have_working_snprintf=yes
ac_cv_have_working_vsnprintf=yes
ac_cv_header_dlfcn_h=yes
ac_cv_header_execinfo_h=yes
ac_cv_header_inttypes_h=yes
ac_cv_header_memory_h=yes
ac_cv_header_minix_config_h=no
ac_cv_header_stdc=yes
ac_cv_header_stdint_h=yes
ac_cv_header_stdlib_h=yes
ac_cv_header_string_h=yes
ac_cv_header_strings_h=yes
ac_cv_header_sys_stat_h=yes
ac_cv_header_sys_types_h=yes
ac_cv_header_unistd_h=yes
ac_cv_header_zlib_h=yes
ac_cv_host=x86_64-unknown-linux-gnu
ac_cv_lib_c_fopen64=yes
ac_cv_lib_c_ftime=yes
ac_cv_lib_c_getaddrinfo=yes
ac_cv_lib_c_setuid=yes
ac_cv_lib_c_strnlen=yes
ac_cv_lib_crypto_EVP_get_digestbyname=yes
ac_cv_lib_dl_dlopen=yes
ac_cv_lib_iconv_iconv=no
ac_cv_lib_pthread_pthread_create=yes
ac_cv_lib_socket_socket=no
ac_cv_lib_ssl_SSL_CTX_new=yes
ac_cv_lib_z_inflateEnd=yes
ac_cv_objext=o
ac_cv_path_EGREP='/usr/bin/grep -E'
ac_cv_path_FGREP='/usr/bin/grep -F'
ac_cv_path_GREP=/usr/bin/grep
ac_cv_path_SED=/usr/bin/sed
ac_cv_path_install='/usr/bin/install -c'
ac_cv_path_mkdir=/usr/bin/mkdir
ac_cv_prog_AWK=gawk
ac_cv_prog_CPP='gcc -E'
ac_cv_prog_ac_ct_AR=ar
ac_cv_prog_ac_ct_CC=gcc
ac_cv_prog_ac_ct_OBJDUMP=objdump
ac_cv_prog_ac_ct_RANLIB=ranlib
ac_cv_prog_ac_ct_STRIP=strip
ac_cv_prog_cc_c89=
ac_cv_prog_cc_g=yes
ac_cv_prog_make_make_set=yes
ac_cv_safe_to_define___extensions__=yes
ac_cv_sizeof_long=8
ac_cv_sizeof_long_long=8
ac_cv_type_in_addr_t=yes
ac_cv_type_in_port_t=yes
ac_cv_type_sa_family_t=yes
am_cv_CC_dependencies_compiler_type=gcc3
am_cv_make_support_nested_variables=yes
am_cv_prog_cc_c_o=yes
ax_cv_check_cflags___Waddress=yes
ax_cv_check_cflags___Wformat_2=yes
ax_cv_check_cflags___Wformat_nonliteral=yes
ax_cv_check_cflags___Wignored_qualifiers=yes
ax_cv_check_cflags___Winit_self=yes
ax_cv_check_cflags___Wmissing_parameter_type=yes
ax_cv_check_cflags___Wold_style_definition=yes
ax_cv_check_cflags___Wparentheses=yes
ax_cv_check_cflags___Wuninitialized=yes
ax_cv_check_cflags___Wunused_but_set_parameter=yes
ax_cv_check_cflags___fstrict_aliasing__Wstrict_aliasing=yes
ax_cv_check_cflags___rdynamic=yes
ax_cv_check_ldflags___Wl___discard_all=yes
ax_cv_check_ldflags___Wl___no_undefined=yes
ax_cv_have_aligned_access_required=no
gl_cv_cc_vis_werror=yes
gl_cv_cc_visibility=yes
lt_cv_ar_at_file=@
lt_cv_archive_cmds_need_lc=no
lt_cv_deplibs_check_method=pass_all
lt_cv_file_magic_cmd='$MAGIC_CMD'
lt_cv_file_magic_test_file=
lt_cv_ld_reload_flag=-r
lt_cv_nm_interface='BSD nm'
lt_cv_objdir=.libs
lt_cv_path_LD=/usr/bin/ld
lt_cv_path_NM='/usr/bin/nm -B'
lt_cv_path_mainfest_tool=no
lt_cv_prog_compiler_c_o=yes
lt_cv_prog_compiler_pic='-fPIC -DPIC'
lt_cv_prog_compiler_pic_works=yes
lt_cv_prog_compiler_rtti_exceptions=no
lt_cv_prog_compiler_static_works=no
lt_cv_prog_gnu_ld=yes
lt_cv_sharedlib_from_linklib_cmd='printf %s\n'
lt_cv_shlibpath_overrides_runpath=no
lt_cv_sys_global_symbol_pipe='sed -n -e '\''s/^.*[	 ]\([ABCDGIRSTW][ABCDGIRSTW]*\)[	 ][	 ]*\([_A-Za-z][_A-Za-z0-9]*\)$/\1 \2 \2/p'\'' | sed '\''/ __gnu_lto/d'\'''
lt_cv_sys_global_symbol_to_c_name_address='sed -n -e '\''s/^: \([^ ]*\)[ ]*$/  {\"\1\", (void *) 0},/p'\'' -e '\''s/^[ABCDGIRSTW]* \([^ ]*\) \([^ ]*\)$/  {"\2", (void *) \&\2},/p'\'''
lt_cv_sys_global_symbol_to_c_name_address_lib_prefix='sed -n -e '\''s/^: \([^ ]*\)[ ]*$/  {\"\1\", (void *) 0},/p'\'' -e '\''s/^[ABCDGIRSTW]* \([^ ]*\) \(lib[^ ]*\)$/  {"\2", (void *) \&\2},/p'\'' -e '\''s/^[ABCDGIRSTW]* \([^ ]*\) \([^ ]*\)$/  {"lib\2", (void *) \&\2},/p'\'''
lt_cv_sys_global_symbol_to_cdecl='sed -n -e '\''s/^T .* \(.*\)$/extern int \1();/p'\'' -e '\''s/^[ABCDGIRSTW]* .* \(.*\)$/extern char \1;/p'\'''
lt_cv_sys_max_cmd_len=1966080
lt_cv_to_host_file_cmd=func_convert_file_noop
lt_cv_to_tool_file_cmd=func_convert_file_noop
zlib_cv_libz=yes
zlib_cv_zlib_h=yes

## ----------------- ##
## Output variables. ##
## ----------------- ##

ACLOCAL='${SHELL} /home/cabox/workspace/abakasam/local/bin/httrack-3.49.2/missing aclocal-1.14'
AMDEPBACKSLASH='\'
AMDEP_FALSE='#'
AMDEP_TRUE=''
AMTAR='$${TAR-tar}'
AM_BACKSLASH='\'
AM_CFLAGS=' -fvisibility=hidden'
AM_DEFAULT_V='$(AM_DEFAULT_VERBOSITY)'
AM_DEFAULT_VERBOSITY='1'
AM_V='$(V)'
AR='ar'
AUTOCONF='${SHELL} /home/cabox/workspace/abakasam/local/bin/httrack-3.49.2/missing autoconf'
AUTOHEADER='${SHELL} /home/cabox/workspace/abakasam/local/bin/httrack-3.49.2/missing autoheader'
AUTOMAKE='${SHELL} /home/cabox/workspace/abakasam/local/bin/httrack-3.49.2/missing automake-1.14'
AWK='gawk'
CC='gcc'
CCDEPMODE='depmode=gcc3'
CFLAGS='-g -O2'
CFLAG_VISIBILITY='-fvisibility=hidden'
CPP='gcc -E'
CPPFLAGS=' -I/usr/include'
CYGPATH_W='echo'
DEFAULT_CFLAGS='-Wall -Wformat -Wformat-security -Wmultichar -Wwrite-strings -Wcast-qual -Wcast-align -Wstrict-prototypes -Wmissing-prototypes -Wmissing-declarations -Wdeclaration-after-statement -Wpointer-arith -Wsequence-point -Wnested-externs -D_REENTRANT -Wparentheses -Winit-self -Wunused-but-set-parameter -Waddress -Wuninitialized -Wformat=2 -Wformat-nonliteral -Wmissing-parameter-type -Wold-style-definition -Wignored-qualifiers -fstrict-aliasing -Wstrict-aliasing -rdynamic'
DEFAULT_LDFLAGS=''
DEFS='-DHAVE_CONFIG_H'
DEPDIR='.deps'
DLLTOOL='false'
DL_LIBS='-ldl'
DSYMUTIL=''
DUMPBIN=''
ECHO_C=''
ECHO_N='-n'
ECHO_T=''
EGREP='/usr/bin/grep -E'
EXEEXT=''
FGREP='/usr/bin/grep -F'
GREP='/usr/bin/grep'
HAVE_VISIBILITY='1'
HTTPS_SUPPORT='yes'
ICONV_LIBS=''
INSTALL_DATA='${INSTALL} -m 644'
INSTALL_PROGRAM='${INSTALL}'
INSTALL_SCRIPT='${INSTALL}'
INSTALL_STRIP_PROGRAM='$(install_sh) -c -s'
LD='/usr/bin/ld'
LDFLAGS=' -L/usr/lib'
LFS_FLAG='-D_FILE_OFFSET_BITS=64 -D_LARGEFILE_SOURCE -D_LARGEFILE64_SOURCE'
LIBOBJS=''
LIBS='-lz '
LIBTOOL='$(SHELL) $(top_builddir)/libtool'
LIPO=''
LN_S='ln -s'
LTLIBOBJS=''
LT_CV_OBJDIR='.libs'
MAINT='#'
MAINTAINER_MODE_FALSE=''
MAINTAINER_MODE_TRUE='#'
MAKEINFO='${SHELL} /home/cabox/workspace/abakasam/local/bin/httrack-3.49.2/missing makeinfo'
MANIFEST_TOOL=':'
MKDIR_P='/usr/bin/mkdir -p'
NM='/usr/bin/nm -B'
NMEDIT=''
OBJDUMP='objdump'
OBJEXT='o'
ONLINE_UNIT_TESTS='no'
OPENSSL_LIBS='-lcrypto -lssl'
OTOOL64=''
OTOOL=''
PACKAGE='httrack'
PACKAGE_BUGREPORT='roche+packaging@httrack.com'
PACKAGE_NAME='httrack'
PACKAGE_STRING='httrack 3.49.2'
PACKAGE_TARNAME='httrack'
PACKAGE_URL='http://www.httrack.com/'
PACKAGE_VERSION='3.49.2'
PATH_SEPARATOR=':'
RANLIB='ranlib'
SED='/usr/bin/sed'
SET_MAKE=''
SHELL='/bin/sh'
SHLIBPATH_VAR='LD_LIBRARY_PATH'
SOCKET_LIBS=''
STRIP='strip'
THREADS_CFLAGS=''
THREADS_LIBS='-lpthread'
V6_FLAG='-DINET6'
VERSION='3.49.2'
VERSION_INFO='2:49:0'
ac_ct_AR='ar'
ac_ct_CC='gcc'
ac_ct_DUMPBIN=''
am__EXEEXT_FALSE=''
am__EXEEXT_TRUE='#'
am__fastdepCC_FALSE='#'
am__fastdepCC_TRUE=''
am__include='include'
am__isrc=''
am__leading_dot='.'
am__nodep='_no'
am__quote=''
am__tar='$${TAR-tar} chof - "$$tardir"'
am__untar='$${TAR-tar} xf -'
bindir='${exec_prefix}/bin'
build='x86_64-unknown-linux-gnu'
build_alias=''
build_cpu='x86_64'
build_os='linux-gnu'
build_vendor='unknown'
datadir='${datarootdir}'
datarootdir='${prefix}/share'
docdir='${datarootdir}/doc/${PACKAGE_TARNAME}'
dvidir='${docdir}'
exec_prefix='${prefix}'
host='x86_64-unknown-linux-gnu'
host_alias=''
host_cpu='x86_64'
host_os='linux-gnu'
host_vendor='unknown'
htmldir='${docdir}'
includedir='${prefix}/include'
infodir='${datarootdir}/info'
install_sh='${SHELL} /home/cabox/workspace/abakasam/local/bin/httrack-3.49.2/install-sh'
libdir='${exec_prefix}/lib'
libexecdir='${exec_prefix}/libexec'
localedir='${datarootdir}/locale'
localstatedir='${prefix}/var'
mandir='${datarootdir}/man'
mkdir_p='$(MKDIR_P)'
oldincludedir='/usr/include'
pdfdir='${docdir}'
prefix='/usr/local'
program_transform_name='s,x,x,'
psdir='${docdir}'
sbindir='${exec_prefix}/sbin'
sharedstatedir='${prefix}/com'
sysconfdir='${prefix}/etc'
target_alias=''

## ----------- ##
## confdefs.h. ##
## ----------- ##

/* confdefs.h */
#define PACKAGE_NAME "httrack"
#define PACKAGE_TARNAME "httrack"
#define PACKAGE_VERSION "3.49.2"
#define PACKAGE_STRING "httrack 3.49.2"
#define PACKAGE_BUGREPORT "roche+packaging@httrack.com"
#define PACKAGE_URL "http://www.httrack.com/"
#define PACKAGE "httrack"
#define VERSION "3.49.2"
#define STDC_HEADERS 1
#define HAVE_SYS_TYPES_H 1
#define HAVE_SYS_STAT_H 1
#define HAVE_STDLIB_H 1
#define HAVE_STRING_H 1
#define HAVE_MEMORY_H 1
#define HAVE_STRINGS_H 1
#define HAVE_INTTYPES_H 1
#define HAVE_STDINT_H 1
#define HAVE_UNISTD_H 1
#define __EXTENSIONS__ 1
#define _ALL_SOURCE 1
#define _GNU_SOURCE 1
#define _POSIX_PTHREAD_SEMANTICS 1
#define _TANDEM_SOURCE 1
#define STDC_HEADERS 1
#define HAVE_DLFCN_H 1
#define LT_OBJDIR ".libs/"
#define HAVE_VISIBILITY 1
#define SIZEOF_LONG 8
#define SIZEOF_LONG_LONG 8
#define HTS_DO_NOT_REDEFINE_in_addr_t /**/
#define HAVE_EXECINFO_H 1
#define HAVE_LIBZ 1
#define HTS_USEOPENSSL 1
#define HTS_INET6 1
#define HTS_LFS 1
#define THREADS 1
#define DLLIB 1
#define FTIME 1
#define SETUID 1
#define HAVE_SNPRINTF 1
#define HAVE_VSNPRINTF 1
#define HAVE_STRNLEN 1

configure: exit 0
